<?xml version="1.0" encoding="UTF-8"?>
<robot generator="Robot 3.2.2 (Python 3.7.6 on win32)" generated="20201230 06:02:34.081" rpa="false">
<suite id="s1" name="Robotframe Api Request" source="I:\Fiverr Projects\robotframe_env\robot_fiverr\robotframe_api_request.robot">
<test id="s1-t1" name="API Post Request">
<kw name="Create Session" library="RequestsLibrary">
<doc>Create Session: create a HTTP session to a server</doc>
<arguments>
<arg>mysession</arg>
<arg>${url}</arg>
<arg>verify=True</arg>
<arg>disable_warnings=1</arg>
</arguments>
<msg timestamp="20201230 06:02:35.058" level="INFO">Creating Session using : alias=mysession, url=https://webservice.eppo.go.th/eppowebservice, headers={},                     cookies={}, auth=None, timeout=None, proxies=None, verify=True,                     debug=0 </msg>
<status status="PASS" starttime="20201230 06:02:35.058" endtime="20201230 06:02:35.058"></status>
</kw>
<kw name="Convert To String" library="BuiltIn">
<doc>Converts the given item to a Unicode string.</doc>
<arguments>
<arg>&lt;?xml version="1.0" encoding="utf-8"?&gt; &lt;soap:Envelope xmlns:xsi="http://www.w3.org/2001/XMLSchema-instance" xmlns:xsd="http://www.w3.org/2001/XMLSchema" xmlns:soap="http://schemas.xmlsoap.org/soap/envelope/"&gt; &lt;soap:Body&gt; &lt;GetLPGDemandSupplyMonthlyJSON xmlns="https://webservice.eppoengdb.go.th/"&gt; &lt;strUser&gt;set&lt;/strUser&gt; &lt;strPassword&gt;set&lt;/strPassword&gt; &lt;yy&gt;&lt;/yy&gt; &lt;mm&gt;&lt;/mm&gt; &lt;/GetLPGDemandSupplyMonthlyJSON&gt; &lt;/soap:Body&gt; &lt;/soap:Envelope&gt;</arg>
</arguments>
<assign>
<var>${body}</var>
</assign>
<msg timestamp="20201230 06:02:35.058" level="INFO">${body} = &lt;?xml version="1.0" encoding="utf-8"?&gt; &lt;soap:Envelope xmlns:xsi="http://www.w3.org/2001/XMLSchema-instance" xmlns:xsd="http://www.w3.org/2001/XMLSchema" xmlns:soap="http://schemas.xmlsoap.org/soap/env...</msg>
<status status="PASS" starttime="20201230 06:02:35.058" endtime="20201230 06:02:35.058"></status>
</kw>
<kw name="Create Dictionary" library="BuiltIn">
<doc>Creates and returns a dictionary based on the given ``items``.</doc>
<arguments>
<arg>Content-Type=text/xml</arg>
</arguments>
<assign>
<var>${header}</var>
</assign>
<msg timestamp="20201230 06:02:35.058" level="INFO">${header} = {'Content-Type': 'text/xml'}</msg>
<status status="PASS" starttime="20201230 06:02:35.058" endtime="20201230 06:02:35.058"></status>
</kw>
<kw name="Post Request" library="RequestsLibrary">
<doc>Send a POST request on the session object found using the
given `alias`</doc>
<arguments>
<arg>mysession</arg>
<arg>/Energy_statistic.asmx?WSDL</arg>
<arg>data=${body}</arg>
<arg>headers=${header}</arg>
</arguments>
<assign>
<var>${response}</var>
</assign>
<msg timestamp="20201230 06:02:36.435" level="INFO">POST Request : url=https://webservice.eppo.go.th/eppowebservice/Energy_statistic.asmx?WSDL 
 path_url=/eppowebservice/Energy_statistic.asmx?WSDL 
 headers={'User-Agent': 'python-requests/2.25.1', 'Accept-Encoding': 'gzip, deflate', 'Accept': '*/*', 'Connection': 'keep-alive', 'Content-Type': 'text/xml', 'Content-Length': '433'} 
 body=&lt;?xml version="1.0" encoding="utf-8"?&gt; &lt;soap:Envelope xmlns:xsi="http://www.w3.org/2001/XMLSchema-instance" xmlns:xsd="http://www.w3.org/2001/XMLSchema" xmlns:soap="http://schemas.xmlsoap.org/soap/envelope/"&gt; &lt;soap:Body&gt; &lt;GetLPGDemandSupplyMonthlyJSON xmlns="https://webservice.eppoengdb.go.th/"&gt; &lt;strUser&gt;set&lt;/strUser&gt; &lt;strPassword&gt;set&lt;/strPassword&gt; &lt;yy&gt;&lt;/yy&gt; &lt;mm&gt;&lt;/mm&gt; &lt;/GetLPGDemandSupplyMonthlyJSON&gt; &lt;/soap:Body&gt; &lt;/soap:Envelope&gt; 
 </msg>
<msg timestamp="20201230 06:02:36.435" level="INFO">POST Response : url=https://webservice.eppo.go.th/eppowebservice/Energy_statistic.asmx?WSDL 
 status=200, reason=OK 
 body=&lt;?xml version="1.0" encoding="utf-8"?&gt;&lt;soap:Envelope xmlns:soap="http://schemas.xmlsoap.org/soap/envelope/" xmlns:xsi="http://www.w3.org/2001/XMLSchema-instance" xmlns:xsd="http://www.w3.org/2001/XMLSchema"&gt;&lt;soap:Body&gt;&lt;GetLPGDemandSupplyMonthlyJSONResponse xmlns="https://webservice.eppoengdb.go.th/"&gt;&lt;GetLPGDemandSupplyMonthlyJSONResult&gt;[
  {
    "yy": 1954,
    "mm": 12,
    "qty1": 0.017,
    "qty2": 0.0,
    "qty3": 0.0,
    "qty4": 0.0,
    "qty5": 0.0,
    "qty6": 0.017,
    "qty7": 0.017,
    "qty8": 0.017,
    "qty9": 0.0,
    "qty10": 0.0,
    "qty11": 0.0,
    "qty12": 0.0,
    "qty13": 0.0,
    "qty14": 0.0,
    "qty15": 0.0,
    "qty16": 0.0,
    "qty17": 0.0
  },
  {
    "yy": 1955,
    "mm": 12,
    "qty1": 0.009,
    "qty2": 0.0,
    "qty3": 0.0,
    "qty4": 0.0,
    "qty5": 0.0,
    "qty6": 0.009,
    "qty7": 0.009,
    "qty8": 0.009,
    "qty9": 0.0,
    "qty10": 0.0,
    "qty11": 0.0,
    "qty12": 0.0,
    "qty13": 0.0,
    "qty14": 0.0,
    "qty15": 0.0,
    "qty16": 0.0,
    "qty17": 0.0
  },
  {
    "yy": 1956,
    "mm": 12,
    "qty1": 0.009,
    "qty2": 0.0,
    "qty3": 0.0,
    "qty4": 0.0,
    "qty5": 0.0,
    "qty6": 0.009,
    "qty7": 0.009,
    "qty8": 0.009,
    "qty9": 0.0,
    "qty10": 0.0,
    "qty11": 0.0,
    "qty12": 0.0,
    "qty13": 0.0,
    "qty14": 0.0,
    "qty15": 0.0,
    "qty16": 0.0,
    "qty17": 0.0
  },
  {
    "yy": 1957,
    "mm": 12,
    "qty1": 0.025,
    "qty2": 0.0,
    "qty3": 0.0,
    "qty4": 0.0,
    "qty5": 0.0,
    "qty6": 0.025,
    "qty7": 0.026,
    "qty8": 0.017,
    "qty9": 0.0,
    "qty10": 0.0,
    "qty11": 0.0,
    "qty12": 0.0,
    "qty13": 0.0,
    "qty14": 0.0,
    "qty15": 0.0,
    "qty16": 0.009,
    "qty17": -0.001
  },
  {
    "yy": 1958,
    "mm": 12,
    "qty1": 0.068,
    "qty2": 0.0,
    "qty3": 0.0,
    "qty4": 0.0,
    "qty5": 0.0,
    "qty6": 0.068,
    "qty7": 0.068,
    "qty8": 0.051,
    "qty9": 0.0,
    "qty10": 0.0,
    "qty11": 0.0,
    "qty12": 0.0,
    "qty13": 0.0,
    "qty14": 0.0,
    "qty15": 0.0,
    "qty16": 0.017,
    "qty17": 0.0
  },
  {
    "yy": 1959,
    "mm": 12,
    "qty1": 0.051,
    "qty2": 0.0,
    "qty3": 0.0,
    "qty4": 0.0,
    "qty5": 0.0,
    "qty6": 0.051,
    "qty7": 0.017,
    "qty8": 0.0,
    "qty9": 0.0,
    "qty10": 0.0,
    "qty11": 0.0,
    "qty12": 0.0,
    "qty13": 0.0,
    "qty14": 0.0,
    "qty15": 0.0,
    "qty16": 0.017,
    "qty17": 0.034
  },
  {
    "yy": 1960,
    "mm": 12,
    "qty1": 0.093,
    "qty2": 0.0,
    "qty3": 0.0,
    "qty4": 0.0,
    "qty5": 0.0,
    "qty6": 0.093,
    "qty7": 0.079,
    "qty8": 0.054,
    "qty9": 0.0,
    "qty10": 0.0,
    "qty11": 0.0,
    "qty12": 0.0,
    "qty13": 0.0,
    "qty14": 0.0,
    "qty15": 0.0,
    "qty16": 0.025,
    "qty17": 0.014
  },
  {
    "yy": 1961,
    "mm": 12,
    "qty1": 0.161,
    "qty2": 0.0,
    "qty3": 0.0,
    "qty4": 0.0,
    "qty5": 0.0,
    "qty6": 0.161,
    "qty7": 0.187,
    "qty8": 0.162,
    "qty9": 0.0,
    "qty10": 0.0,
    "qty11": 0.0,
    "qty12": 0.0,
    "qty13": 0.0,
    "qty14": 0.0,
    "qty15": 0.0,
    "qty16": 0.025,
    "qty17": -0.026
  },
  {
    "yy": 1962,
    "mm": 12,
    "qty1": 0.178,
    "qty2": 0.0,
    "qty3": 0.0,
    "qty4": 0.0,
    "qty5": 0.0,
    "qty6": 0.178,
    "qty7": 0.196,
    "qty8": 0.162,
    "qty9": 0.0,
    "qty10": 0.0,
    "qty11": 0.0,
    "qty12": 0.0,
    "qty13": 0.0,
    "qty14": 0.0,
    "qty15": 0.0,
    "qty16": 0.034,
    "qty17": -0.018
  },
  {
    "yy": 1963,
    "mm": 12,
    "qty1": 0.662,
    "qty2": 0.0,
    "qty3": 0.0,
    "qty4": 0.0,
    "qty5": 0.0,
    "qty6": 0.662,
    "qty7": 0.662,
    "qty8": 0.594,
    "qty9": 0.0,
    "qty10": 0.0,
    "qty11": 0.0,
    "qty12": 0.0,
    "qty13": 0.0,
    "qty14": 0.0,
    "qty15": 0.0,
    "qty16": 0.068,
    "qty17": 0.0000000000000001110223024625
  },
  {
    "yy": 1964,
    "mm": 12,
    "qty1": 0.832,
    "qty2": 0.0,
    "qty3": 0.0,
    "qty4": 0.0,
    "qty5": 0.0,
    "qty6": 0.832,
    "qty7": 2.356,
    "qty8": 2.322,
    "qty9": 0.0,
    "qty10": 0.0,
    "qty11": 0.0,
    "qty12": 0.0,
    "qty13": 0.0,
    "qty14": 0.0,
    "qty15": 0.0,
    "qty16": 0.034,
    "qty17": -1.524
  },
  {
    "yy": 1964,
    "mm": 13,
    "qty1": 1.401,
    "qty2": 1.401,
    "qty3": 0.0,
    "qty4": 0.0,
    "qty5": 1.401,
    "qty6": 0.0,
    "qty7": 0.0,
    "qty8": 0.0,
    "qty9": 0.0,
    "qty10": 0.0,
    "qty11": 0.0,
    "qty12": 0.0,
    "qty13": 0.0,
    "qty14": 0.0,
    "qty15": 0.0,
    "qty16": 0.0,
    "qty17": 1.401
  },
  {
    "yy": 1965,
    "mm": 12,
    "qty1": 0.009,
    "qty2": 0.0,
    "qty3": 0.0,
    "qty4": 0.0,
    "qty5": 0.0,
    "qty6": 0.009,
    "qty7": 4.118,
    "qty8": 4.05,
    "qty9": 0.0,
    "qty10": 0.0,
    "qty11": 0.0,
    "qty12": 0.0,
    "qty13": 0.0,
    "qty14": 0.0,
    "qty15": 0.0,
    "qty16": 0.068,
    "qty17": -4.109
  },
  {
    "yy": 1965,
    "mm": 13,
    "qty1": 4.16,
    "qty2": 4.16,
    "qty3": 0.0,
    "qty4": 0.0,
    "qty5": 4.16,
    "qty6": 0.0,
    "qty7": 0.0,
    "qty8": 0.0,
    "qty9": 0.0,
    "qty10": 0.0,
    "qty11": 0.0,
    "qty12": 0.0,
    "qty13": 0.0,
    "qty14": 0.0,
    "qty15": 0.0,
    "qty16": 0.0,
    "qty17": 4.16
  },
  {
    "yy": 1966,
    "mm": 12,
    "qty1": 1.503,
    "qty2": 0.0,
    "qty3": 0.0,
    "qty4": 0.0,
    "qty5": 0.0,
    "qty6": 1.503,
    "qty7": 8.483,
    "qty8": 8.424,
    "qty9": 0.0,
    "qty10": 0.0,
    "qty11": 0.0,
    "qty12": 0.0,
    "qty13": 0.0,
    "qty14": 0.0,
    "qty15": 0.0,
    "qty16": 0.059,
    "qty17": -6.98
  },
  {
    "yy": 1966,
    "mm": 13,
    "qty1": 6.801,
    "qty2": 6.801,
    "qty3": 0.0,
    "qty4": 0.0,
    "qty5": 6.801,
    "qty6": 0.0,
    "qty7": 0.0,
    "qty8": 0.0,
    "qty9": 0.0,
    "qty10": 0.0,
    "qty11": 0.0,
    "qty12": 0.0,
    "qty13": 0.0,
    "qty14": 0.0,
    "qty15": 0.0,
    "qty16": 0.0,
    "qty17": 6.801
  },
  {
    "yy": 1967,
    "mm": 12,
    "qty1": 3.379,
    "qty2": 0.0,
    "qty3": 0.0,
    "qty4": 0.0,
    "qty5": 0.0,
    "qty6": 3.379,
    "qty7": 16.069,
    "qty8": 15.984,
    "qty9": 0.0,
    "qty10": 0.0,
    "qty11": 0.0,
    "qty12": 0.0,
    "qty13": 0.0,
    "qty14": 0.0,
    "qty15": 0.0,
    "qty16": 0.085,
    "qty17": -12.69
  },
  {
    "yy": 1967,
    "mm": 13,
    "qty1": 12.201,
    "qty2": 12.201,
    "qty3": 0.0,
    "qty4": 0.0,
    "qty5": 12.201,
    "qty6": 0.0,
    "qty7": 0.0,
    "qty8": 0.0,
    "qty9": 0.0,
    "qty10": 0.0,
    "qty11": 0.0,
    "qty12": 0.0,
    "qty13": 0.0,
    "qty14": 0.0,
    "qty15": 0.0,
    "qty16": 0.0,
    "qty17": 12.201
  },
  {
    "yy": 1968,
    "mm": 12,
    "qty1": 6.105,
    "qty2": 0.0,
    "qty3": 0.0,
    "qty4": 0.0,
    "qty5": 0.0,
    "qty6": 6.105,
    "qty7": 29.961,
    "qty8": 29.808,
    "qty9": 0.0,
    "qty10": 0.0,
    "qty11": 0.0,
    "qty12": 0.0,
    "qty13": 0.0,
    "qty14": 0.0,
    "qty15": 0.0,
    "qty16": 0.153,
    "qty17": -23.856
  },
  {
    "yy": 1968,
    "mm": 13,
    "qty1": 22.899,
    "qty2": 22.899,
    "qty3": 0.0,
    "qty4": 0.0,
    "qty5": 22.899,
    "qty6": 0.0,
    "qty7": 0.0,
    "qty8": 0.0,
    "qty9": 0.0,
    "qty10": 0.0,
    "qty11": 0.0,
    "qty12": 0.0,
    "qty13": 0.0,
    "qty14": 0.0,
    "qty15": 0.0,
    "qty16": 0.0,
    "qty17": 22.899
  },
  {
    "yy": 1969,
    "mm": 12,
    "qty1": 4.016,
    "qty2": 0.0,
    "qty3": 0.0,
    "qty4": 0.0,
    "qty5": 0.0,
    "qty6": 4.016,
    "qty7": 37.418,
    "qty8": 37.044,
    "qty9": 0.0,
    "qty10": 0.0,
    "qty11": 0.0,
    "qty12": 0.0,
    "qty13": 0.0,
    "qty14": 0.0,
    "qty15": 0.0,
    "qty16": 0.374,
    "qty17": -33.402
  },
  {
    "yy": 1969,
    "mm": 13,
    "qty1": 33.189,
    "qty2": 33.189,
    "qty3": 0.0,
    "qty4": 0.0,
    "qty5": 33.189,
    "qty6": 0.0,
    "qty7": 0.0,
    "qty8": 0.0,
    "qty9": 0.0,
    "qty10": 0.0,
    "qty11": 0.0,
    "qty12": 0.0,
    "qty13": 0.0,
    "qty14": 0.0,
    "qty15": 0.0,
    "qty16": 0.0,
    "qty17": 33.189
  },
  {
    "yy": 1970,
    "mm": 12,
    "qty1": 0.159,
    "qty2": 0.0,
    "qty3": 0.0,
    "qty4": 0.0,
    "qty5": 0.0,
    "qty6": 0.159,
    "qty7": 41.826,
    "qty8": 40.23,
    "qty9": 0.0,
    "qty10": 0.0,
    "qty11": 0.0,
    "qty12": 0.0,
    "qty13": 0.0,
    "qty14": 0.0,
    "qty15": 0.0,
    "qty16": 1.596,
    "qty17": -41.667
  },
  {
    "yy": 1970,
    "mm": 13,
    "qty1": 41.661,
    "qty2": 41.661,
    "qty3": 0.0,
    "qty4": 0.0,
    "qty5": 41.661,
    "qty6": 0.0,
    "qty7": 0.0,
    "qty8": 0.0,
    "qty9": 0.0,
    "qty10": 0.0,
    "qty11": 0.0,
    "qty12": 0.0,
    "qty13": 0.0,
    "qty14": 0.0,
    "qty15": 0.0,
    "qty16": 0.0,
    "qty17": 41.661
  },
  {
    "yy": 1971,
    "mm": 12,
    "qty1": 0.001,
    "qty2": 0.0,
    "qty3": 0.0,
    "qty4": 0.0,
    "qty5": 0.0,
    "qty6": 0.001,
    "qty7": 49.146,
    "qty8": 44.172,
    "qty9": 0.0,
    "qty10": 0.0,
    "qty11": 0.0,
    "qty12": 0.0,
    "qty13": 0.0,
    "qty14": 0.0,
    "qty15": 0.0,
    "qty16": 4.974,
    "qty17": -49.145
  },
  {
    "yy": 1971,
    "mm": 13,
    "qty1": 49.666,
    "qty2": 49.666,
    "qty3": 0.0,
    "qty4": 0.0,
    "qty5": 49.666,
    "qty6": 0.0,
    "qty7": 0.0,
    "qty8": 0.0,
    "qty9": 0.0,
    "qty10": 0.0,
    "qty11": 0.0,
    "qty12": 0.0,
    "qty13": 0.0,
    "qty14": 0.0,
    "qty15": 0.0,
    "qty16": 0.0,
    "qty17": 49.666
  },
  {
    "yy": 1972,
    "mm": 12,
    "qty1": 0.001,
    "qty2": 0.0,
 ... (set the log level to DEBUG or TRACE to see the full content) 
 </msg>
<msg timestamp="20201230 06:02:36.435" level="INFO">${response} = &lt;Response [200]&gt;</msg>
<status status="PASS" starttime="20201230 06:02:35.058" endtime="20201230 06:02:36.435"></status>
</kw>
<kw name="Log To Console" library="BuiltIn">
<doc>Logs the given message to the console.</doc>
<arguments>
<arg>${response.status_code}</arg>
</arguments>
<status status="PASS" starttime="20201230 06:02:36.440" endtime="20201230 06:02:36.440"></status>
</kw>
<kw name="Convert To String" library="BuiltIn">
<doc>Converts the given item to a Unicode string.</doc>
<arguments>
<arg>${response.status_code}</arg>
</arguments>
<assign>
<var>${status_code}</var>
</assign>
<msg timestamp="20201230 06:02:36.440" level="INFO">${status_code} = 200</msg>
<status status="PASS" starttime="20201230 06:02:36.440" endtime="20201230 06:02:36.440"></status>
</kw>
<kw name="Should Be Equal" library="BuiltIn">
<doc>Fails if the given objects are unequal.</doc>
<arguments>
<arg>${status_code}</arg>
<arg>200</arg>
</arguments>
<status status="PASS" starttime="20201230 06:02:36.440" endtime="20201230 06:02:36.440"></status>
</kw>
<kw name="Convert To String" library="BuiltIn">
<doc>Converts the given item to a Unicode string.</doc>
<arguments>
<arg>${response.content}</arg>
</arguments>
<assign>
<var>${response_body}</var>
</assign>
<msg timestamp="20201230 06:02:36.445" level="INFO">${response_body} = &lt;?xml version="1.0" encoding="utf-8"?&gt;&lt;soap:Envelope xmlns:soap="http://schemas.xmlsoap.org/soap/envelope/" xmlns:xsi="http://www.w3.org/2001/XMLSchema-instance" xmlns:xsd="http://www.w3.org/2001/XMLS...</msg>
<status status="PASS" starttime="20201230 06:02:36.440" endtime="20201230 06:02:36.445"></status>
</kw>
<kw name="Parse Xml" library="XML">
<doc>Parses the given XML file or string into an element structure.</doc>
<arguments>
<arg>${response_body}</arg>
</arguments>
<assign>
<var>${xml_data}</var>
</assign>
<msg timestamp="20201230 06:02:36.445" level="INFO">${xml_data} = &lt;Element 'Envelope' at 0x00000208FDDFF9A8&gt;</msg>
<status status="PASS" starttime="20201230 06:02:36.445" endtime="20201230 06:02:36.445"></status>
</kw>
<kw name="Get Child Elements" library="XML">
<doc>Returns the child elements of the specified element as a list.</doc>
<arguments>
<arg>${xml_data}</arg>
</arguments>
<assign>
<var>${child_elements}</var>
</assign>
<msg timestamp="20201230 06:02:36.450" level="INFO">${child_elements} = [&lt;Element 'Body' at 0x00000208FDDFFA48&gt;]</msg>
<status status="PASS" starttime="20201230 06:02:36.450" endtime="20201230 06:02:36.450"></status>
</kw>
<kw name="Get Element Text" library="XML">
<doc>Returns all text of the element, possibly whitespace normalized.</doc>
<arguments>
<arg>${child_elements[0]}</arg>
</arguments>
<assign>
<var>${child_data}</var>
</assign>
<msg timestamp="20201230 06:02:36.450" level="INFO">${child_data} = [
  {
    "yy": 1954,
    "mm": 12,
    "qty1": 0.017,
    "qty2": 0.0,
    "qty3": 0.0,
    "qty4": 0.0,
    "qty5": 0.0,
    "qty6": 0.017,
    "qty7": 0.017,
    "qty8": 0.017,
    "qty9": 0.0,
   ...</msg>
<status status="PASS" starttime="20201230 06:02:36.450" endtime="20201230 06:02:36.450"></status>
</kw>
<kw name="Convert String to JSON" library="JSONLibrary">
<doc>Convert String to JSON object</doc>
<arguments>
<arg>${child_data}</arg>
</arguments>
<assign>
<var>${data}</var>
</assign>
<msg timestamp="20201230 06:02:36.470" level="INFO">${data} = [{'yy': 1954, 'mm': 12, 'qty1': 0.017, 'qty2': 0.0, 'qty3': 0.0, 'qty4': 0.0, 'qty5': 0.0, 'qty6': 0.017, 'qty7': 0.017, 'qty8': 0.017, 'qty9': 0.0, 'qty10': 0.0, 'qty11': 0.0, 'qty12': 0.0, 'qty13': ...</msg>
<status status="PASS" starttime="20201230 06:02:36.455" endtime="20201230 06:02:36.470"></status>
</kw>
<kw name="${single_data} IN [ @{data} ]" type="for">
<kw name="${single_data} = {'yy': 1954, 'mm': 12, 'qty1': 0.017, 'qty2': 0.0, 'qty3': 0.0, 'qty4': 0.0, 'qty5': 0.0, 'qty6': 0.017, 'qty7': 0.017, 'qty8': 0.017, 'qty9': 0.0, 'qty10': 0.0, 'qty11': 0.0, 'qty12': 0.0, 'qty13': 0..." type="foritem">
<kw name="Set Variable" library="BuiltIn">
<doc>Returns the given values which can then be assigned to a variables.</doc>
<arguments>
<arg>${single_data['yy']}</arg>
</arguments>
<assign>
<var>${get_policy_id}</var>
</assign>
<msg timestamp="20201230 06:02:36.475" level="INFO">${get_policy_id} = 1954</msg>
<status status="PASS" starttime="20201230 06:02:36.475" endtime="20201230 06:02:36.475"></status>
</kw>
<kw name="Log To Console" library="BuiltIn">
<doc>Logs the given message to the console.</doc>
<arguments>
<arg>${get_policy_id}</arg>
</arguments>
<status status="PASS" starttime="20201230 06:02:36.475" endtime="20201230 06:02:36.475"></status>
</kw>
<status status="PASS" starttime="20201230 06:02:36.470" endtime="20201230 06:02:36.475"></status>
</kw>
<kw name="${single_data} = {'yy': 1955, 'mm': 12, 'qty1': 0.009, 'qty2': 0.0, 'qty3': 0.0, 'qty4': 0.0, 'qty5': 0.0, 'qty6': 0.009, 'qty7': 0.009, 'qty8': 0.009, 'qty9': 0.0, 'qty10': 0.0, 'qty11': 0.0, 'qty12': 0.0, 'qty13': 0..." type="foritem">
<kw name="Set Variable" library="BuiltIn">
<doc>Returns the given values which can then be assigned to a variables.</doc>
<arguments>
<arg>${single_data['yy']}</arg>
</arguments>
<assign>
<var>${get_policy_id}</var>
</assign>
<msg timestamp="20201230 06:02:36.475" level="INFO">${get_policy_id} = 1955</msg>
<status status="PASS" starttime="20201230 06:02:36.475" endtime="20201230 06:02:36.475"></status>
</kw>
<kw name="Log To Console" library="BuiltIn">
<doc>Logs the given message to the console.</doc>
<arguments>
<arg>${get_policy_id}</arg>
</arguments>
<status status="PASS" starttime="20201230 06:02:36.475" endtime="20201230 06:02:36.475"></status>
</kw>
<status status="PASS" starttime="20201230 06:02:36.475" endtime="20201230 06:02:36.475"></status>
</kw>
<kw name="${single_data} = {'yy': 1956, 'mm': 12, 'qty1': 0.009, 'qty2': 0.0, 'qty3': 0.0, 'qty4': 0.0, 'qty5': 0.0, 'qty6': 0.009, 'qty7': 0.009, 'qty8': 0.009, 'qty9': 0.0, 'qty10': 0.0, 'qty11': 0.0, 'qty12': 0.0, 'qty13': 0..." type="foritem">
<kw name="Set Variable" library="BuiltIn">
<doc>Returns the given values which can then be assigned to a variables.</doc>
<arguments>
<arg>${single_data['yy']}</arg>
</arguments>
<assign>
<var>${get_policy_id}</var>
</assign>
<msg timestamp="20201230 06:02:36.480" level="INFO">${get_policy_id} = 1956</msg>
<status status="PASS" starttime="20201230 06:02:36.475" endtime="20201230 06:02:36.480"></status>
</kw>
<kw name="Log To Console" library="BuiltIn">
<doc>Logs the given message to the console.</doc>
<arguments>
<arg>${get_policy_id}</arg>
</arguments>
<status status="PASS" starttime="20201230 06:02:36.480" endtime="20201230 06:02:36.480"></status>
</kw>
<status status="PASS" starttime="20201230 06:02:36.475" endtime="20201230 06:02:36.480"></status>
</kw>
<kw name="${single_data} = {'yy': 1957, 'mm': 12, 'qty1': 0.025, 'qty2': 0.0, 'qty3': 0.0, 'qty4': 0.0, 'qty5': 0.0, 'qty6': 0.025, 'qty7': 0.026, 'qty8': 0.017, 'qty9': 0.0, 'qty10': 0.0, 'qty11': 0.0, 'qty12': 0.0, 'qty13': 0..." type="foritem">
<kw name="Set Variable" library="BuiltIn">
<doc>Returns the given values which can then be assigned to a variables.</doc>
<arguments>
<arg>${single_data['yy']}</arg>
</arguments>
<assign>
<var>${get_policy_id}</var>
</assign>
<msg timestamp="20201230 06:02:36.480" level="INFO">${get_policy_id} = 1957</msg>
<status status="PASS" starttime="20201230 06:02:36.480" endtime="20201230 06:02:36.480"></status>
</kw>
<kw name="Log To Console" library="BuiltIn">
<doc>Logs the given message to the console.</doc>
<arguments>
<arg>${get_policy_id}</arg>
</arguments>
<status status="PASS" starttime="20201230 06:02:36.480" endtime="20201230 06:02:36.480"></status>
</kw>
<status status="PASS" starttime="20201230 06:02:36.480" endtime="20201230 06:02:36.480"></status>
</kw>
<kw name="${single_data} = {'yy': 1958, 'mm': 12, 'qty1': 0.068, 'qty2': 0.0, 'qty3': 0.0, 'qty4': 0.0, 'qty5': 0.0, 'qty6': 0.068, 'qty7': 0.068, 'qty8': 0.051, 'qty9': 0.0, 'qty10': 0.0, 'qty11': 0.0, 'qty12': 0.0, 'qty13': 0..." type="foritem">
<kw name="Set Variable" library="BuiltIn">
<doc>Returns the given values which can then be assigned to a variables.</doc>
<arguments>
<arg>${single_data['yy']}</arg>
</arguments>
<assign>
<var>${get_policy_id}</var>
</assign>
<msg timestamp="20201230 06:02:36.480" level="INFO">${get_policy_id} = 1958</msg>
<status status="PASS" starttime="20201230 06:02:36.480" endtime="20201230 06:02:36.480"></status>
</kw>
<kw name="Log To Console" library="BuiltIn">
<doc>Logs the given message to the console.</doc>
<arguments>
<arg>${get_policy_id}</arg>
</arguments>
<status status="PASS" starttime="20201230 06:02:36.480" endtime="20201230 06:02:36.485"></status>
</kw>
<status status="PASS" starttime="20201230 06:02:36.480" endtime="20201230 06:02:36.485"></status>
</kw>
<kw name="${single_data} = {'yy': 1959, 'mm': 12, 'qty1': 0.051, 'qty2': 0.0, 'qty3': 0.0, 'qty4': 0.0, 'qty5': 0.0, 'qty6': 0.051, 'qty7': 0.017, 'qty8': 0.0, 'qty9': 0.0, 'qty10': 0.0, 'qty11': 0.0, 'qty12': 0.0, 'qty13': 0.0..." type="foritem">
<kw name="Set Variable" library="BuiltIn">
<doc>Returns the given values which can then be assigned to a variables.</doc>
<arguments>
<arg>${single_data['yy']}</arg>
</arguments>
<assign>
<var>${get_policy_id}</var>
</assign>
<msg timestamp="20201230 06:02:36.485" level="INFO">${get_policy_id} = 1959</msg>
<status status="PASS" starttime="20201230 06:02:36.485" endtime="20201230 06:02:36.485"></status>
</kw>
<kw name="Log To Console" library="BuiltIn">
<doc>Logs the given message to the console.</doc>
<arguments>
<arg>${get_policy_id}</arg>
</arguments>
<status status="PASS" starttime="20201230 06:02:36.485" endtime="20201230 06:02:36.485"></status>
</kw>
<status status="PASS" starttime="20201230 06:02:36.485" endtime="20201230 06:02:36.485"></status>
</kw>
<kw name="${single_data} = {'yy': 1960, 'mm': 12, 'qty1': 0.093, 'qty2': 0.0, 'qty3': 0.0, 'qty4': 0.0, 'qty5': 0.0, 'qty6': 0.093, 'qty7': 0.079, 'qty8': 0.054, 'qty9': 0.0, 'qty10': 0.0, 'qty11': 0.0, 'qty12': 0.0, 'qty13': 0..." type="foritem">
<kw name="Set Variable" library="BuiltIn">
<doc>Returns the given values which can then be assigned to a variables.</doc>
<arguments>
<arg>${single_data['yy']}</arg>
</arguments>
<assign>
<var>${get_policy_id}</var>
</assign>
<msg timestamp="20201230 06:02:36.485" level="INFO">${get_policy_id} = 1960</msg>
<status status="PASS" starttime="20201230 06:02:36.485" endtime="20201230 06:02:36.485"></status>
</kw>
<kw name="Log To Console" library="BuiltIn">
<doc>Logs the given message to the console.</doc>
<arguments>
<arg>${get_policy_id}</arg>
</arguments>
<status status="PASS" starttime="20201230 06:02:36.485" endtime="20201230 06:02:36.485"></status>
</kw>
<status status="PASS" starttime="20201230 06:02:36.485" endtime="20201230 06:02:36.490"></status>
</kw>
<kw name="${single_data} = {'yy': 1961, 'mm': 12, 'qty1': 0.161, 'qty2': 0.0, 'qty3': 0.0, 'qty4': 0.0, 'qty5': 0.0, 'qty6': 0.161, 'qty7': 0.187, 'qty8': 0.162, 'qty9': 0.0, 'qty10': 0.0, 'qty11': 0.0, 'qty12': 0.0, 'qty13': 0..." type="foritem">
<kw name="Set Variable" library="BuiltIn">
<doc>Returns the given values which can then be assigned to a variables.</doc>
<arguments>
<arg>${single_data['yy']}</arg>
</arguments>
<assign>
<var>${get_policy_id}</var>
</assign>
<msg timestamp="20201230 06:02:36.490" level="INFO">${get_policy_id} = 1961</msg>
<status status="PASS" starttime="20201230 06:02:36.490" endtime="20201230 06:02:36.490"></status>
</kw>
<kw name="Log To Console" library="BuiltIn">
<doc>Logs the given message to the console.</doc>
<arguments>
<arg>${get_policy_id}</arg>
</arguments>
<status status="PASS" starttime="20201230 06:02:36.490" endtime="20201230 06:02:36.490"></status>
</kw>
<status status="PASS" starttime="20201230 06:02:36.490" endtime="20201230 06:02:36.490"></status>
</kw>
<kw name="${single_data} = {'yy': 1962, 'mm': 12, 'qty1': 0.178, 'qty2': 0.0, 'qty3': 0.0, 'qty4': 0.0, 'qty5': 0.0, 'qty6': 0.178, 'qty7': 0.196, 'qty8': 0.162, 'qty9': 0.0, 'qty10': 0.0, 'qty11': 0.0, 'qty12': 0.0, 'qty13': 0..." type="foritem">
<kw name="Set Variable" library="BuiltIn">
<doc>Returns the given values which can then be assigned to a variables.</doc>
<arguments>
<arg>${single_data['yy']}</arg>
</arguments>
<assign>
<var>${get_policy_id}</var>
</assign>
<msg timestamp="20201230 06:02:36.490" level="INFO">${get_policy_id} = 1962</msg>
<status status="PASS" starttime="20201230 06:02:36.490" endtime="20201230 06:02:36.490"></status>
</kw>
<kw name="Log To Console" library="BuiltIn">
<doc>Logs the given message to the console.</doc>
<arguments>
<arg>${get_policy_id}</arg>
</arguments>
<status status="PASS" starttime="20201230 06:02:36.490" endtime="20201230 06:02:36.490"></status>
</kw>
<status status="PASS" starttime="20201230 06:02:36.490" endtime="20201230 06:02:36.490"></status>
</kw>
<kw name="${single_data} = {'yy': 1963, 'mm': 12, 'qty1': 0.662, 'qty2': 0.0, 'qty3': 0.0, 'qty4': 0.0, 'qty5': 0.0, 'qty6': 0.662, 'qty7': 0.662, 'qty8': 0.594, 'qty9': 0.0, 'qty10': 0.0, 'qty11': 0.0, 'qty12': 0.0, 'qty13': 0..." type="foritem">
<kw name="Set Variable" library="BuiltIn">
<doc>Returns the given values which can then be assigned to a variables.</doc>
<arguments>
<arg>${single_data['yy']}</arg>
</arguments>
<assign>
<var>${get_policy_id}</var>
</assign>
<msg timestamp="20201230 06:02:36.490" level="INFO">${get_policy_id} = 1963</msg>
<status status="PASS" starttime="20201230 06:02:36.490" endtime="20201230 06:02:36.490"></status>
</kw>
<kw name="Log To Console" library="BuiltIn">
<doc>Logs the given message to the console.</doc>
<arguments>
<arg>${get_policy_id}</arg>
</arguments>
<status status="PASS" starttime="20201230 06:02:36.495" endtime="20201230 06:02:36.495"></status>
</kw>
<status status="PASS" starttime="20201230 06:02:36.490" endtime="20201230 06:02:36.495"></status>
</kw>
<kw name="${single_data} = {'yy': 1964, 'mm': 12, 'qty1': 0.832, 'qty2': 0.0, 'qty3': 0.0, 'qty4': 0.0, 'qty5': 0.0, 'qty6': 0.832, 'qty7': 2.356, 'qty8': 2.322, 'qty9': 0.0, 'qty10': 0.0, 'qty11': 0.0, 'qty12': 0.0, 'qty13': 0..." type="foritem">
<kw name="Set Variable" library="BuiltIn">
<doc>Returns the given values which can then be assigned to a variables.</doc>
<arguments>
<arg>${single_data['yy']}</arg>
</arguments>
<assign>
<var>${get_policy_id}</var>
</assign>
<msg timestamp="20201230 06:02:36.495" level="INFO">${get_policy_id} = 1964</msg>
<status status="PASS" starttime="20201230 06:02:36.495" endtime="20201230 06:02:36.495"></status>
</kw>
<kw name="Log To Console" library="BuiltIn">
<doc>Logs the given message to the console.</doc>
<arguments>
<arg>${get_policy_id}</arg>
</arguments>
<status status="PASS" starttime="20201230 06:02:36.495" endtime="20201230 06:02:36.495"></status>
</kw>
<status status="PASS" starttime="20201230 06:02:36.495" endtime="20201230 06:02:36.495"></status>
</kw>
<kw name="${single_data} = {'yy': 1964, 'mm': 13, 'qty1': 1.401, 'qty2': 1.401, 'qty3': 0.0, 'qty4': 0.0, 'qty5': 1.401, 'qty6': 0.0, 'qty7': 0.0, 'qty8': 0.0, 'qty9': 0.0, 'qty10': 0.0, 'qty11': 0.0, 'qty12': 0.0, 'qty13': 0.0..." type="foritem">
<kw name="Set Variable" library="BuiltIn">
<doc>Returns the given values which can then be assigned to a variables.</doc>
<arguments>
<arg>${single_data['yy']}</arg>
</arguments>
<assign>
<var>${get_policy_id}</var>
</assign>
<msg timestamp="20201230 06:02:36.495" level="INFO">${get_policy_id} = 1964</msg>
<status status="PASS" starttime="20201230 06:02:36.495" endtime="20201230 06:02:36.495"></status>
</kw>
<kw name="Log To Console" library="BuiltIn">
<doc>Logs the given message to the console.</doc>
<arguments>
<arg>${get_policy_id}</arg>
</arguments>
<status status="PASS" starttime="20201230 06:02:36.495" endtime="20201230 06:02:36.500"></status>
</kw>
<status status="PASS" starttime="20201230 06:02:36.495" endtime="20201230 06:02:36.500"></status>
</kw>
<kw name="${single_data} = {'yy': 1965, 'mm': 12, 'qty1': 0.009, 'qty2': 0.0, 'qty3': 0.0, 'qty4': 0.0, 'qty5': 0.0, 'qty6': 0.009, 'qty7': 4.118, 'qty8': 4.05, 'qty9': 0.0, 'qty10': 0.0, 'qty11': 0.0, 'qty12': 0.0, 'qty13': 0...." type="foritem">
<kw name="Set Variable" library="BuiltIn">
<doc>Returns the given values which can then be assigned to a variables.</doc>
<arguments>
<arg>${single_data['yy']}</arg>
</arguments>
<assign>
<var>${get_policy_id}</var>
</assign>
<msg timestamp="20201230 06:02:36.500" level="INFO">${get_policy_id} = 1965</msg>
<status status="PASS" starttime="20201230 06:02:36.500" endtime="20201230 06:02:36.500"></status>
</kw>
<kw name="Log To Console" library="BuiltIn">
<doc>Logs the given message to the console.</doc>
<arguments>
<arg>${get_policy_id}</arg>
</arguments>
<status status="PASS" starttime="20201230 06:02:36.500" endtime="20201230 06:02:36.500"></status>
</kw>
<status status="PASS" starttime="20201230 06:02:36.500" endtime="20201230 06:02:36.500"></status>
</kw>
<kw name="${single_data} = {'yy': 1965, 'mm': 13, 'qty1': 4.16, 'qty2': 4.16, 'qty3': 0.0, 'qty4': 0.0, 'qty5': 4.16, 'qty6': 0.0, 'qty7': 0.0, 'qty8': 0.0, 'qty9': 0.0, 'qty10': 0.0, 'qty11': 0.0, 'qty12': 0.0, 'qty13': 0.0, '..." type="foritem">
<kw name="Set Variable" library="BuiltIn">
<doc>Returns the given values which can then be assigned to a variables.</doc>
<arguments>
<arg>${single_data['yy']}</arg>
</arguments>
<assign>
<var>${get_policy_id}</var>
</assign>
<msg timestamp="20201230 06:02:36.500" level="INFO">${get_policy_id} = 1965</msg>
<status status="PASS" starttime="20201230 06:02:36.500" endtime="20201230 06:02:36.500"></status>
</kw>
<kw name="Log To Console" library="BuiltIn">
<doc>Logs the given message to the console.</doc>
<arguments>
<arg>${get_policy_id}</arg>
</arguments>
<status status="PASS" starttime="20201230 06:02:36.500" endtime="20201230 06:02:36.500"></status>
</kw>
<status status="PASS" starttime="20201230 06:02:36.500" endtime="20201230 06:02:36.500"></status>
</kw>
<kw name="${single_data} = {'yy': 1966, 'mm': 12, 'qty1': 1.503, 'qty2': 0.0, 'qty3': 0.0, 'qty4': 0.0, 'qty5': 0.0, 'qty6': 1.503, 'qty7': 8.483, 'qty8': 8.424, 'qty9': 0.0, 'qty10': 0.0, 'qty11': 0.0, 'qty12': 0.0, 'qty13': 0..." type="foritem">
<kw name="Set Variable" library="BuiltIn">
<doc>Returns the given values which can then be assigned to a variables.</doc>
<arguments>
<arg>${single_data['yy']}</arg>
</arguments>
<assign>
<var>${get_policy_id}</var>
</assign>
<msg timestamp="20201230 06:02:36.500" level="INFO">${get_policy_id} = 1966</msg>
<status status="PASS" starttime="20201230 06:02:36.500" endtime="20201230 06:02:36.500"></status>
</kw>
<kw name="Log To Console" library="BuiltIn">
<doc>Logs the given message to the console.</doc>
<arguments>
<arg>${get_policy_id}</arg>
</arguments>
<status status="PASS" starttime="20201230 06:02:36.500" endtime="20201230 06:02:36.500"></status>
</kw>
<status status="PASS" starttime="20201230 06:02:36.500" endtime="20201230 06:02:36.500"></status>
</kw>
<kw name="${single_data} = {'yy': 1966, 'mm': 13, 'qty1': 6.801, 'qty2': 6.801, 'qty3': 0.0, 'qty4': 0.0, 'qty5': 6.801, 'qty6': 0.0, 'qty7': 0.0, 'qty8': 0.0, 'qty9': 0.0, 'qty10': 0.0, 'qty11': 0.0, 'qty12': 0.0, 'qty13': 0.0..." type="foritem">
<kw name="Set Variable" library="BuiltIn">
<doc>Returns the given values which can then be assigned to a variables.</doc>
<arguments>
<arg>${single_data['yy']}</arg>
</arguments>
<assign>
<var>${get_policy_id}</var>
</assign>
<msg timestamp="20201230 06:02:36.505" level="INFO">${get_policy_id} = 1966</msg>
<status status="PASS" starttime="20201230 06:02:36.505" endtime="20201230 06:02:36.505"></status>
</kw>
<kw name="Log To Console" library="BuiltIn">
<doc>Logs the given message to the console.</doc>
<arguments>
<arg>${get_policy_id}</arg>
</arguments>
<status status="PASS" starttime="20201230 06:02:36.505" endtime="20201230 06:02:36.505"></status>
</kw>
<status status="PASS" starttime="20201230 06:02:36.500" endtime="20201230 06:02:36.505"></status>
</kw>
<kw name="${single_data} = {'yy': 1967, 'mm': 12, 'qty1': 3.379, 'qty2': 0.0, 'qty3': 0.0, 'qty4': 0.0, 'qty5': 0.0, 'qty6': 3.379, 'qty7': 16.069, 'qty8': 15.984, 'qty9': 0.0, 'qty10': 0.0, 'qty11': 0.0, 'qty12': 0.0, 'qty13':..." type="foritem">
<kw name="Set Variable" library="BuiltIn">
<doc>Returns the given values which can then be assigned to a variables.</doc>
<arguments>
<arg>${single_data['yy']}</arg>
</arguments>
<assign>
<var>${get_policy_id}</var>
</assign>
<msg timestamp="20201230 06:02:36.505" level="INFO">${get_policy_id} = 1967</msg>
<status status="PASS" starttime="20201230 06:02:36.505" endtime="20201230 06:02:36.505"></status>
</kw>
<kw name="Log To Console" library="BuiltIn">
<doc>Logs the given message to the console.</doc>
<arguments>
<arg>${get_policy_id}</arg>
</arguments>
<status status="PASS" starttime="20201230 06:02:36.505" endtime="20201230 06:02:36.505"></status>
</kw>
<status status="PASS" starttime="20201230 06:02:36.505" endtime="20201230 06:02:36.505"></status>
</kw>
<kw name="${single_data} = {'yy': 1967, 'mm': 13, 'qty1': 12.201, 'qty2': 12.201, 'qty3': 0.0, 'qty4': 0.0, 'qty5': 12.201, 'qty6': 0.0, 'qty7': 0.0, 'qty8': 0.0, 'qty9': 0.0, 'qty10': 0.0, 'qty11': 0.0, 'qty12': 0.0, 'qty13': ..." type="foritem">
<kw name="Set Variable" library="BuiltIn">
<doc>Returns the given values which can then be assigned to a variables.</doc>
<arguments>
<arg>${single_data['yy']}</arg>
</arguments>
<assign>
<var>${get_policy_id}</var>
</assign>
<msg timestamp="20201230 06:02:36.505" level="INFO">${get_policy_id} = 1967</msg>
<status status="PASS" starttime="20201230 06:02:36.505" endtime="20201230 06:02:36.505"></status>
</kw>
<kw name="Log To Console" library="BuiltIn">
<doc>Logs the given message to the console.</doc>
<arguments>
<arg>${get_policy_id}</arg>
</arguments>
<status status="PASS" starttime="20201230 06:02:36.505" endtime="20201230 06:02:36.505"></status>
</kw>
<status status="PASS" starttime="20201230 06:02:36.505" endtime="20201230 06:02:36.505"></status>
</kw>
<kw name="${single_data} = {'yy': 1968, 'mm': 12, 'qty1': 6.105, 'qty2': 0.0, 'qty3': 0.0, 'qty4': 0.0, 'qty5': 0.0, 'qty6': 6.105, 'qty7': 29.961, 'qty8': 29.808, 'qty9': 0.0, 'qty10': 0.0, 'qty11': 0.0, 'qty12': 0.0, 'qty13':..." type="foritem">
<kw name="Set Variable" library="BuiltIn">
<doc>Returns the given values which can then be assigned to a variables.</doc>
<arguments>
<arg>${single_data['yy']}</arg>
</arguments>
<assign>
<var>${get_policy_id}</var>
</assign>
<msg timestamp="20201230 06:02:36.505" level="INFO">${get_policy_id} = 1968</msg>
<status status="PASS" starttime="20201230 06:02:36.505" endtime="20201230 06:02:36.505"></status>
</kw>
<kw name="Log To Console" library="BuiltIn">
<doc>Logs the given message to the console.</doc>
<arguments>
<arg>${get_policy_id}</arg>
</arguments>
<status status="PASS" starttime="20201230 06:02:36.505" endtime="20201230 06:02:36.510"></status>
</kw>
<status status="PASS" starttime="20201230 06:02:36.505" endtime="20201230 06:02:36.510"></status>
</kw>
<kw name="${single_data} = {'yy': 1968, 'mm': 13, 'qty1': 22.899, 'qty2': 22.899, 'qty3': 0.0, 'qty4': 0.0, 'qty5': 22.899, 'qty6': 0.0, 'qty7': 0.0, 'qty8': 0.0, 'qty9': 0.0, 'qty10': 0.0, 'qty11': 0.0, 'qty12': 0.0, 'qty13': ..." type="foritem">
<kw name="Set Variable" library="BuiltIn">
<doc>Returns the given values which can then be assigned to a variables.</doc>
<arguments>
<arg>${single_data['yy']}</arg>
</arguments>
<assign>
<var>${get_policy_id}</var>
</assign>
<msg timestamp="20201230 06:02:36.510" level="INFO">${get_policy_id} = 1968</msg>
<status status="PASS" starttime="20201230 06:02:36.510" endtime="20201230 06:02:36.510"></status>
</kw>
<kw name="Log To Console" library="BuiltIn">
<doc>Logs the given message to the console.</doc>
<arguments>
<arg>${get_policy_id}</arg>
</arguments>
<status status="PASS" starttime="20201230 06:02:36.510" endtime="20201230 06:02:36.510"></status>
</kw>
<status status="PASS" starttime="20201230 06:02:36.510" endtime="20201230 06:02:36.510"></status>
</kw>
<kw name="${single_data} = {'yy': 1969, 'mm': 12, 'qty1': 4.016, 'qty2': 0.0, 'qty3': 0.0, 'qty4': 0.0, 'qty5': 0.0, 'qty6': 4.016, 'qty7': 37.418, 'qty8': 37.044, 'qty9': 0.0, 'qty10': 0.0, 'qty11': 0.0, 'qty12': 0.0, 'qty13':..." type="foritem">
<kw name="Set Variable" library="BuiltIn">
<doc>Returns the given values which can then be assigned to a variables.</doc>
<arguments>
<arg>${single_data['yy']}</arg>
</arguments>
<assign>
<var>${get_policy_id}</var>
</assign>
<msg timestamp="20201230 06:02:36.510" level="INFO">${get_policy_id} = 1969</msg>
<status status="PASS" starttime="20201230 06:02:36.510" endtime="20201230 06:02:36.510"></status>
</kw>
<kw name="Log To Console" library="BuiltIn">
<doc>Logs the given message to the console.</doc>
<arguments>
<arg>${get_policy_id}</arg>
</arguments>
<status status="PASS" starttime="20201230 06:02:36.510" endtime="20201230 06:02:36.510"></status>
</kw>
<status status="PASS" starttime="20201230 06:02:36.510" endtime="20201230 06:02:36.510"></status>
</kw>
<kw name="${single_data} = {'yy': 1969, 'mm': 13, 'qty1': 33.189, 'qty2': 33.189, 'qty3': 0.0, 'qty4': 0.0, 'qty5': 33.189, 'qty6': 0.0, 'qty7': 0.0, 'qty8': 0.0, 'qty9': 0.0, 'qty10': 0.0, 'qty11': 0.0, 'qty12': 0.0, 'qty13': ..." type="foritem">
<kw name="Set Variable" library="BuiltIn">
<doc>Returns the given values which can then be assigned to a variables.</doc>
<arguments>
<arg>${single_data['yy']}</arg>
</arguments>
<assign>
<var>${get_policy_id}</var>
</assign>
<msg timestamp="20201230 06:02:36.510" level="INFO">${get_policy_id} = 1969</msg>
<status status="PASS" starttime="20201230 06:02:36.510" endtime="20201230 06:02:36.510"></status>
</kw>
<kw name="Log To Console" library="BuiltIn">
<doc>Logs the given message to the console.</doc>
<arguments>
<arg>${get_policy_id}</arg>
</arguments>
<status status="PASS" starttime="20201230 06:02:36.510" endtime="20201230 06:02:36.510"></status>
</kw>
<status status="PASS" starttime="20201230 06:02:36.510" endtime="20201230 06:02:36.510"></status>
</kw>
<kw name="${single_data} = {'yy': 1970, 'mm': 12, 'qty1': 0.159, 'qty2': 0.0, 'qty3': 0.0, 'qty4': 0.0, 'qty5': 0.0, 'qty6': 0.159, 'qty7': 41.826, 'qty8': 40.23, 'qty9': 0.0, 'qty10': 0.0, 'qty11': 0.0, 'qty12': 0.0, 'qty13': ..." type="foritem">
<kw name="Set Variable" library="BuiltIn">
<doc>Returns the given values which can then be assigned to a variables.</doc>
<arguments>
<arg>${single_data['yy']}</arg>
</arguments>
<assign>
<var>${get_policy_id}</var>
</assign>
<msg timestamp="20201230 06:02:36.515" level="INFO">${get_policy_id} = 1970</msg>
<status status="PASS" starttime="20201230 06:02:36.510" endtime="20201230 06:02:36.515"></status>
</kw>
<kw name="Log To Console" library="BuiltIn">
<doc>Logs the given message to the console.</doc>
<arguments>
<arg>${get_policy_id}</arg>
</arguments>
<status status="PASS" starttime="20201230 06:02:36.515" endtime="20201230 06:02:36.515"></status>
</kw>
<status status="PASS" starttime="20201230 06:02:36.510" endtime="20201230 06:02:36.515"></status>
</kw>
<kw name="${single_data} = {'yy': 1970, 'mm': 13, 'qty1': 41.661, 'qty2': 41.661, 'qty3': 0.0, 'qty4': 0.0, 'qty5': 41.661, 'qty6': 0.0, 'qty7': 0.0, 'qty8': 0.0, 'qty9': 0.0, 'qty10': 0.0, 'qty11': 0.0, 'qty12': 0.0, 'qty13': ..." type="foritem">
<kw name="Set Variable" library="BuiltIn">
<doc>Returns the given values which can then be assigned to a variables.</doc>
<arguments>
<arg>${single_data['yy']}</arg>
</arguments>
<assign>
<var>${get_policy_id}</var>
</assign>
<msg timestamp="20201230 06:02:36.515" level="INFO">${get_policy_id} = 1970</msg>
<status status="PASS" starttime="20201230 06:02:36.515" endtime="20201230 06:02:36.515"></status>
</kw>
<kw name="Log To Console" library="BuiltIn">
<doc>Logs the given message to the console.</doc>
<arguments>
<arg>${get_policy_id}</arg>
</arguments>
<status status="PASS" starttime="20201230 06:02:36.515" endtime="20201230 06:02:36.515"></status>
</kw>
<status status="PASS" starttime="20201230 06:02:36.515" endtime="20201230 06:02:36.515"></status>
</kw>
<kw name="${single_data} = {'yy': 1971, 'mm': 12, 'qty1': 0.001, 'qty2': 0.0, 'qty3': 0.0, 'qty4': 0.0, 'qty5': 0.0, 'qty6': 0.001, 'qty7': 49.146, 'qty8': 44.172, 'qty9': 0.0, 'qty10': 0.0, 'qty11': 0.0, 'qty12': 0.0, 'qty13':..." type="foritem">
<kw name="Set Variable" library="BuiltIn">
<doc>Returns the given values which can then be assigned to a variables.</doc>
<arguments>
<arg>${single_data['yy']}</arg>
</arguments>
<assign>
<var>${get_policy_id}</var>
</assign>
<msg timestamp="20201230 06:02:36.515" level="INFO">${get_policy_id} = 1971</msg>
<status status="PASS" starttime="20201230 06:02:36.515" endtime="20201230 06:02:36.515"></status>
</kw>
<kw name="Log To Console" library="BuiltIn">
<doc>Logs the given message to the console.</doc>
<arguments>
<arg>${get_policy_id}</arg>
</arguments>
<status status="PASS" starttime="20201230 06:02:36.515" endtime="20201230 06:02:36.515"></status>
</kw>
<status status="PASS" starttime="20201230 06:02:36.515" endtime="20201230 06:02:36.515"></status>
</kw>
<kw name="${single_data} = {'yy': 1971, 'mm': 13, 'qty1': 49.666, 'qty2': 49.666, 'qty3': 0.0, 'qty4': 0.0, 'qty5': 49.666, 'qty6': 0.0, 'qty7': 0.0, 'qty8': 0.0, 'qty9': 0.0, 'qty10': 0.0, 'qty11': 0.0, 'qty12': 0.0, 'qty13': ..." type="foritem">
<kw name="Set Variable" library="BuiltIn">
<doc>Returns the given values which can then be assigned to a variables.</doc>
<arguments>
<arg>${single_data['yy']}</arg>
</arguments>
<assign>
<var>${get_policy_id}</var>
</assign>
<msg timestamp="20201230 06:02:36.515" level="INFO">${get_policy_id} = 1971</msg>
<status status="PASS" starttime="20201230 06:02:36.515" endtime="20201230 06:02:36.515"></status>
</kw>
<kw name="Log To Console" library="BuiltIn">
<doc>Logs the given message to the console.</doc>
<arguments>
<arg>${get_policy_id}</arg>
</arguments>
<status status="PASS" starttime="20201230 06:02:36.515" endtime="20201230 06:02:36.520"></status>
</kw>
<status status="PASS" starttime="20201230 06:02:36.515" endtime="20201230 06:02:36.520"></status>
</kw>
<kw name="${single_data} = {'yy': 1972, 'mm': 12, 'qty1': 0.001, 'qty2': 0.0, 'qty3': 0.0, 'qty4': 0.0, 'qty5': 0.0, 'qty6': 0.001, 'qty7': 78.325, 'qty8': 64.962, 'qty9': 0.0, 'qty10': 0.0, 'qty11': 0.0, 'qty12': 0.0, 'qty13':..." type="foritem">
<kw name="Set Variable" library="BuiltIn">
<doc>Returns the given values which can then be assigned to a variables.</doc>
<arguments>
<arg>${single_data['yy']}</arg>
</arguments>
<assign>
<var>${get_policy_id}</var>
</assign>
<msg timestamp="20201230 06:02:36.520" level="INFO">${get_policy_id} = 1972</msg>
<status status="PASS" starttime="20201230 06:02:36.520" endtime="20201230 06:02:36.520"></status>
</kw>
<kw name="Log To Console" library="BuiltIn">
<doc>Logs the given message to the console.</doc>
<arguments>
<arg>${get_policy_id}</arg>
</arguments>
<status status="PASS" starttime="20201230 06:02:36.520" endtime="20201230 06:02:36.520"></status>
</kw>
<status status="PASS" starttime="20201230 06:02:36.520" endtime="20201230 06:02:36.520"></status>
</kw>
<kw name="${single_data} = {'yy': 1972, 'mm': 13, 'qty1': 88.586, 'qty2': 88.586, 'qty3': 0.0, 'qty4': 0.0, 'qty5': 88.586, 'qty6': 0.0, 'qty7': 0.0, 'qty8': 0.0, 'qty9': 0.0, 'qty10': 0.0, 'qty11': 0.0, 'qty12': 0.0, 'qty13': ..." type="foritem">
<kw name="Set Variable" library="BuiltIn">
<doc>Returns the given values which can then be assigned to a variables.</doc>
<arguments>
<arg>${single_data['yy']}</arg>
</arguments>
<assign>
<var>${get_policy_id}</var>
</assign>
<msg timestamp="20201230 06:02:36.520" level="INFO">${get_policy_id} = 1972</msg>
<status status="PASS" starttime="20201230 06:02:36.520" endtime="20201230 06:02:36.520"></status>
</kw>
<kw name="Log To Console" library="BuiltIn">
<doc>Logs the given message to the console.</doc>
<arguments>
<arg>${get_policy_id}</arg>
</arguments>
<status status="PASS" starttime="20201230 06:02:36.520" endtime="20201230 06:02:36.520"></status>
</kw>
<status status="PASS" starttime="20201230 06:02:36.520" endtime="20201230 06:02:36.520"></status>
</kw>
<kw name="${single_data} = {'yy': 1973, 'mm': 12, 'qty1': 0.0, 'qty2': 0.0, 'qty3': 0.0, 'qty4': 0.0, 'qty5': 0.0, 'qty6': 0.0, 'qty7': 105.541, 'qty8': 77.922, 'qty9': 0.0, 'qty10': 0.0, 'qty11': 0.0, 'qty12': 0.0, 'qty13': 0...." type="foritem">
<kw name="Set Variable" library="BuiltIn">
<doc>Returns the given values which can then be assigned to a variables.</doc>
<arguments>
<arg>${single_data['yy']}</arg>
</arguments>
<assign>
<var>${get_policy_id}</var>
</assign>
<msg timestamp="20201230 06:02:36.520" level="INFO">${get_policy_id} = 1973</msg>
<status status="PASS" starttime="20201230 06:02:36.520" endtime="20201230 06:02:36.520"></status>
</kw>
<kw name="Log To Console" library="BuiltIn">
<doc>Logs the given message to the console.</doc>
<arguments>
<arg>${get_policy_id}</arg>
</arguments>
<status status="PASS" starttime="20201230 06:02:36.520" endtime="20201230 06:02:36.520"></status>
</kw>
<status status="PASS" starttime="20201230 06:02:36.520" endtime="20201230 06:02:36.520"></status>
</kw>
<kw name="${single_data} = {'yy': 1973, 'mm': 13, 'qty1': 118.152, 'qty2': 118.152, 'qty3': 0.0, 'qty4': 0.0, 'qty5': 118.152, 'qty6': 0.0, 'qty7': 0.0, 'qty8': 0.0, 'qty9': 0.0, 'qty10': 0.0, 'qty11': 0.0, 'qty12': 0.0, 'qty13..." type="foritem">
<kw name="Set Variable" library="BuiltIn">
<doc>Returns the given values which can then be assigned to a variables.</doc>
<arguments>
<arg>${single_data['yy']}</arg>
</arguments>
<assign>
<var>${get_policy_id}</var>
</assign>
<msg timestamp="20201230 06:02:36.525" level="INFO">${get_policy_id} = 1973</msg>
<status status="PASS" starttime="20201230 06:02:36.520" endtime="20201230 06:02:36.525"></status>
</kw>
<kw name="Log To Console" library="BuiltIn">
<doc>Logs the given message to the console.</doc>
<arguments>
<arg>${get_policy_id}</arg>
</arguments>
<status status="PASS" starttime="20201230 06:02:36.525" endtime="20201230 06:02:36.525"></status>
</kw>
<status status="PASS" starttime="20201230 06:02:36.520" endtime="20201230 06:02:36.525"></status>
</kw>
<kw name="${single_data} = {'yy': 1974, 'mm': 12, 'qty1': 0.0, 'qty2': 0.0, 'qty3': 0.0, 'qty4': 0.0, 'qty5': 0.0, 'qty6': 0.0, 'qty7': 100.087, 'qty8': 85.212, 'qty9': 0.0, 'qty10': 0.0, 'qty11': 0.0, 'qty12': 0.0, 'qty13': 0...." type="foritem">
<kw name="Set Variable" library="BuiltIn">
<doc>Returns the given values which can then be assigned to a variables.</doc>
<arguments>
<arg>${single_data['yy']}</arg>
</arguments>
<assign>
<var>${get_policy_id}</var>
</assign>
<msg timestamp="20201230 06:02:36.525" level="INFO">${get_policy_id} = 1974</msg>
<status status="PASS" starttime="20201230 06:02:36.525" endtime="20201230 06:02:36.525"></status>
</kw>
<kw name="Log To Console" library="BuiltIn">
<doc>Logs the given message to the console.</doc>
<arguments>
<arg>${get_policy_id}</arg>
</arguments>
<status status="PASS" starttime="20201230 06:02:36.525" endtime="20201230 06:02:36.525"></status>
</kw>
<status status="PASS" starttime="20201230 06:02:36.525" endtime="20201230 06:02:36.525"></status>
</kw>
<kw name="${single_data} = {'yy': 1974, 'mm': 13, 'qty1': 98.55, 'qty2': 98.55, 'qty3': 0.0, 'qty4': 0.0, 'qty5': 98.55, 'qty6': 0.0, 'qty7': 0.0, 'qty8': 0.0, 'qty9': 0.0, 'qty10': 0.0, 'qty11': 0.0, 'qty12': 0.0, 'qty13': 0.0..." type="foritem">
<kw name="Set Variable" library="BuiltIn">
<doc>Returns the given values which can then be assigned to a variables.</doc>
<arguments>
<arg>${single_data['yy']}</arg>
</arguments>
<assign>
<var>${get_policy_id}</var>
</assign>
<msg timestamp="20201230 06:02:36.525" level="INFO">${get_policy_id} = 1974</msg>
<status status="PASS" starttime="20201230 06:02:36.525" endtime="20201230 06:02:36.530"></status>
</kw>
<kw name="Log To Console" library="BuiltIn">
<doc>Logs the given message to the console.</doc>
<arguments>
<arg>${get_policy_id}</arg>
</arguments>
<status status="PASS" starttime="20201230 06:02:36.530" endtime="20201230 06:02:36.530"></status>
</kw>
<status status="PASS" starttime="20201230 06:02:36.525" endtime="20201230 06:02:36.530"></status>
</kw>
<kw name="${single_data} = {'yy': 1975, 'mm': 12, 'qty1': 0.539, 'qty2': 0.0, 'qty3': 0.0, 'qty4': 0.0, 'qty5': 0.0, 'qty6': 0.539, 'qty7': 106.704, 'qty8': 105.03, 'qty9': 0.0, 'qty10': 0.0, 'qty11': 0.0, 'qty12': 0.0, 'qty13'..." type="foritem">
<kw name="Set Variable" library="BuiltIn">
<doc>Returns the given values which can then be assigned to a variables.</doc>
<arguments>
<arg>${single_data['yy']}</arg>
</arguments>
<assign>
<var>${get_policy_id}</var>
</assign>
<msg timestamp="20201230 06:02:36.530" level="INFO">${get_policy_id} = 1975</msg>
<status status="PASS" starttime="20201230 06:02:36.530" endtime="20201230 06:02:36.530"></status>
</kw>
<kw name="Log To Console" library="BuiltIn">
<doc>Logs the given message to the console.</doc>
<arguments>
<arg>${get_policy_id}</arg>
</arguments>
<status status="PASS" starttime="20201230 06:02:36.530" endtime="20201230 06:02:36.530"></status>
</kw>
<status status="PASS" starttime="20201230 06:02:36.530" endtime="20201230 06:02:36.530"></status>
</kw>
<kw name="${single_data} = {'yy': 1975, 'mm': 13, 'qty1': 106.164, 'qty2': 106.164, 'qty3': 0.0, 'qty4': 0.0, 'qty5': 106.164, 'qty6': 0.0, 'qty7': 0.0, 'qty8': 0.0, 'qty9': 0.0, 'qty10': 0.0, 'qty11': 0.0, 'qty12': 0.0, 'qty13..." type="foritem">
<kw name="Set Variable" library="BuiltIn">
<doc>Returns the given values which can then be assigned to a variables.</doc>
<arguments>
<arg>${single_data['yy']}</arg>
</arguments>
<assign>
<var>${get_policy_id}</var>
</assign>
<msg timestamp="20201230 06:02:36.530" level="INFO">${get_policy_id} = 1975</msg>
<status status="PASS" starttime="20201230 06:02:36.530" endtime="20201230 06:02:36.530"></status>
</kw>
<kw name="Log To Console" library="BuiltIn">
<doc>Logs the given message to the console.</doc>
<arguments>
<arg>${get_policy_id}</arg>
</arguments>
<status status="PASS" starttime="20201230 06:02:36.530" endtime="20201230 06:02:36.530"></status>
</kw>
<status status="PASS" starttime="20201230 06:02:36.530" endtime="20201230 06:02:36.530"></status>
</kw>
<kw name="${single_data} = {'yy': 1976, 'mm': 12, 'qty1': 0.0, 'qty2': 0.0, 'qty3': 0.0, 'qty4': 0.0, 'qty5': 0.0, 'qty6': 0.0, 'qty7': 120.528, 'qty8': 120.528, 'qty9': 0.0, 'qty10': 0.0, 'qty11': 0.0, 'qty12': 0.0, 'qty13': 0..." type="foritem">
<kw name="Set Variable" library="BuiltIn">
<doc>Returns the given values which can then be assigned to a variables.</doc>
<arguments>
<arg>${single_data['yy']}</arg>
</arguments>
<assign>
<var>${get_policy_id}</var>
</assign>
<msg timestamp="20201230 06:02:36.530" level="INFO">${get_policy_id} = 1976</msg>
<status status="PASS" starttime="20201230 06:02:36.530" endtime="20201230 06:02:36.530"></status>
</kw>
<kw name="Log To Console" library="BuiltIn">
<doc>Logs the given message to the console.</doc>
<arguments>
<arg>${get_policy_id}</arg>
</arguments>
<status status="PASS" starttime="20201230 06:02:36.530" endtime="20201230 06:02:36.530"></status>
</kw>
<status status="PASS" starttime="20201230 06:02:36.530" endtime="20201230 06:02:36.530"></status>
</kw>
<kw name="${single_data} = {'yy': 1976, 'mm': 13, 'qty1': 120.528, 'qty2': 120.528, 'qty3': 0.0, 'qty4': 0.0, 'qty5': 120.528, 'qty6': 0.0, 'qty7': 0.0, 'qty8': 0.0, 'qty9': 0.0, 'qty10': 0.0, 'qty11': 0.0, 'qty12': 0.0, 'qty13..." type="foritem">
<kw name="Set Variable" library="BuiltIn">
<doc>Returns the given values which can then be assigned to a variables.</doc>
<arguments>
<arg>${single_data['yy']}</arg>
</arguments>
<assign>
<var>${get_policy_id}</var>
</assign>
<msg timestamp="20201230 06:02:36.535" level="INFO">${get_policy_id} = 1976</msg>
<status status="PASS" starttime="20201230 06:02:36.530" endtime="20201230 06:02:36.535"></status>
</kw>
<kw name="Log To Console" library="BuiltIn">
<doc>Logs the given message to the console.</doc>
<arguments>
<arg>${get_policy_id}</arg>
</arguments>
<status status="PASS" starttime="20201230 06:02:36.535" endtime="20201230 06:02:36.535"></status>
</kw>
<status status="PASS" starttime="20201230 06:02:36.530" endtime="20201230 06:02:36.535"></status>
</kw>
<kw name="${single_data} = {'yy': 1977, 'mm': 12, 'qty1': 1.908, 'qty2': 0.0, 'qty3': 0.0, 'qty4': 0.0, 'qty5': 0.0, 'qty6': 1.908, 'qty7': 131.741, 'qty8': 131.741, 'qty9': 0.0, 'qty10': 0.0, 'qty11': 0.0, 'qty12': 0.0, 'qty13..." type="foritem">
<kw name="Set Variable" library="BuiltIn">
<doc>Returns the given values which can then be assigned to a variables.</doc>
<arguments>
<arg>${single_data['yy']}</arg>
</arguments>
<assign>
<var>${get_policy_id}</var>
</assign>
<msg timestamp="20201230 06:02:36.535" level="INFO">${get_policy_id} = 1977</msg>
<status status="PASS" starttime="20201230 06:02:36.535" endtime="20201230 06:02:36.535"></status>
</kw>
<kw name="Log To Console" library="BuiltIn">
<doc>Logs the given message to the console.</doc>
<arguments>
<arg>${get_policy_id}</arg>
</arguments>
<status status="PASS" starttime="20201230 06:02:36.535" endtime="20201230 06:02:36.535"></status>
</kw>
<status status="PASS" starttime="20201230 06:02:36.535" endtime="20201230 06:02:36.535"></status>
</kw>
<kw name="${single_data} = {'yy': 1977, 'mm': 13, 'qty1': 129.816, 'qty2': 129.816, 'qty3': 0.0, 'qty4': 0.0, 'qty5': 129.816, 'qty6': 0.0, 'qty7': 0.0, 'qty8': 0.0, 'qty9': 0.0, 'qty10': 0.0, 'qty11': 0.0, 'qty12': 0.0, 'qty13..." type="foritem">
<kw name="Set Variable" library="BuiltIn">
<doc>Returns the given values which can then be assigned to a variables.</doc>
<arguments>
<arg>${single_data['yy']}</arg>
</arguments>
<assign>
<var>${get_policy_id}</var>
</assign>
<msg timestamp="20201230 06:02:36.535" level="INFO">${get_policy_id} = 1977</msg>
<status status="PASS" starttime="20201230 06:02:36.535" endtime="20201230 06:02:36.535"></status>
</kw>
<kw name="Log To Console" library="BuiltIn">
<doc>Logs the given message to the console.</doc>
<arguments>
<arg>${get_policy_id}</arg>
</arguments>
<status status="PASS" starttime="20201230 06:02:36.535" endtime="20201230 06:02:36.535"></status>
</kw>
<status status="PASS" starttime="20201230 06:02:36.535" endtime="20201230 06:02:36.535"></status>
</kw>
<kw name="${single_data} = {'yy': 1978, 'mm': 12, 'qty1': 31.593, 'qty2': 0.0, 'qty3': 0.0, 'qty4': 0.0, 'qty5': 0.0, 'qty6': 31.593, 'qty7': 149.634, 'qty8': 149.634, 'qty9': 0.0, 'qty10': 0.0, 'qty11': 0.0, 'qty12': 0.0, 'qty..." type="foritem">
<kw name="Set Variable" library="BuiltIn">
<doc>Returns the given values which can then be assigned to a variables.</doc>
<arguments>
<arg>${single_data['yy']}</arg>
</arguments>
<assign>
<var>${get_policy_id}</var>
</assign>
<msg timestamp="20201230 06:02:36.535" level="INFO">${get_policy_id} = 1978</msg>
<status status="PASS" starttime="20201230 06:02:36.535" endtime="20201230 06:02:36.535"></status>
</kw>
<kw name="Log To Console" library="BuiltIn">
<doc>Logs the given message to the console.</doc>
<arguments>
<arg>${get_policy_id}</arg>
</arguments>
<status status="PASS" starttime="20201230 06:02:36.540" endtime="20201230 06:02:36.540"></status>
</kw>
<status status="PASS" starttime="20201230 06:02:36.535" endtime="20201230 06:02:36.540"></status>
</kw>
<kw name="${single_data} = {'yy': 1978, 'mm': 13, 'qty1': 117.99, 'qty2': 117.99, 'qty3': 0.0, 'qty4': 0.0, 'qty5': 117.99, 'qty6': 0.0, 'qty7': 0.0, 'qty8': 0.0, 'qty9': 0.0, 'qty10': 0.0, 'qty11': 0.0, 'qty12': 0.0, 'qty13': ..." type="foritem">
<kw name="Set Variable" library="BuiltIn">
<doc>Returns the given values which can then be assigned to a variables.</doc>
<arguments>
<arg>${single_data['yy']}</arg>
</arguments>
<assign>
<var>${get_policy_id}</var>
</assign>
<msg timestamp="20201230 06:02:36.540" level="INFO">${get_policy_id} = 1978</msg>
<status status="PASS" starttime="20201230 06:02:36.540" endtime="20201230 06:02:36.540"></status>
</kw>
<kw name="Log To Console" library="BuiltIn">
<doc>Logs the given message to the console.</doc>
<arguments>
<arg>${get_policy_id}</arg>
</arguments>
<status status="PASS" starttime="20201230 06:02:36.540" endtime="20201230 06:02:36.540"></status>
</kw>
<status status="PASS" starttime="20201230 06:02:36.540" endtime="20201230 06:02:36.540"></status>
</kw>
<kw name="${single_data} = {'yy': 1979, 'mm': 12, 'qty1': 41.966, 'qty2': 0.0, 'qty3': 0.0, 'qty4': 0.0, 'qty5': 0.0, 'qty6': 41.966, 'qty7': 177.444, 'qty8': 177.444, 'qty9': 0.0, 'qty10': 0.0, 'qty11': 0.0, 'qty12': 0.0, 'qty..." type="foritem">
<kw name="Set Variable" library="BuiltIn">
<doc>Returns the given values which can then be assigned to a variables.</doc>
<arguments>
<arg>${single_data['yy']}</arg>
</arguments>
<assign>
<var>${get_policy_id}</var>
</assign>
<msg timestamp="20201230 06:02:36.540" level="INFO">${get_policy_id} = 1979</msg>
<status status="PASS" starttime="20201230 06:02:36.540" endtime="20201230 06:02:36.540"></status>
</kw>
<kw name="Log To Console" library="BuiltIn">
<doc>Logs the given message to the console.</doc>
<arguments>
<arg>${get_policy_id}</arg>
</arguments>
<status status="PASS" starttime="20201230 06:02:36.540" endtime="20201230 06:02:36.540"></status>
</kw>
<status status="PASS" starttime="20201230 06:02:36.540" endtime="20201230 06:02:36.540"></status>
</kw>
<kw name="${single_data} = {'yy': 1979, 'mm': 13, 'qty1': 135.482, 'qty2': 135.482, 'qty3': 0.0, 'qty4': 0.0, 'qty5': 135.482, 'qty6': 0.0, 'qty7': 0.0, 'qty8': 0.0, 'qty9': 0.0, 'qty10': 0.0, 'qty11': 0.0, 'qty12': 0.0, 'qty13..." type="foritem">
<kw name="Set Variable" library="BuiltIn">
<doc>Returns the given values which can then be assigned to a variables.</doc>
<arguments>
<arg>${single_data['yy']}</arg>
</arguments>
<assign>
<var>${get_policy_id}</var>
</assign>
<msg timestamp="20201230 06:02:36.540" level="INFO">${get_policy_id} = 1979</msg>
<status status="PASS" starttime="20201230 06:02:36.540" endtime="20201230 06:02:36.540"></status>
</kw>
<kw name="Log To Console" library="BuiltIn">
<doc>Logs the given message to the console.</doc>
<arguments>
<arg>${get_policy_id}</arg>
</arguments>
<status status="PASS" starttime="20201230 06:02:36.540" endtime="20201230 06:02:36.540"></status>
</kw>
<status status="PASS" starttime="20201230 06:02:36.540" endtime="20201230 06:02:36.540"></status>
</kw>
<kw name="${single_data} = {'yy': 1980, 'mm': 12, 'qty1': 72.801, 'qty2': 0.0, 'qty3': 0.0, 'qty4': 0.0, 'qty5': 0.0, 'qty6': 72.801, 'qty7': 191.366, 'qty8': 191.366, 'qty9': 0.0, 'qty10': 0.0, 'qty11': 0.0, 'qty12': 0.0, 'qty..." type="foritem">
<kw name="Set Variable" library="BuiltIn">
<doc>Returns the given values which can then be assigned to a variables.</doc>
<arguments>
<arg>${single_data['yy']}</arg>
</arguments>
<assign>
<var>${get_policy_id}</var>
</assign>
<msg timestamp="20201230 06:02:36.545" level="INFO">${get_policy_id} = 1980</msg>
<status status="PASS" starttime="20201230 06:02:36.540" endtime="20201230 06:02:36.545"></status>
</kw>
<kw name="Log To Console" library="BuiltIn">
<doc>Logs the given message to the console.</doc>
<arguments>
<arg>${get_policy_id}</arg>
</arguments>
<status status="PASS" starttime="20201230 06:02:36.545" endtime="20201230 06:02:36.545"></status>
</kw>
<status status="PASS" starttime="20201230 06:02:36.540" endtime="20201230 06:02:36.545"></status>
</kw>
<kw name="${single_data} = {'yy': 1980, 'mm': 13, 'qty1': 125.248, 'qty2': 125.248, 'qty3': 0.0, 'qty4': 0.0, 'qty5': 125.248, 'qty6': 0.0, 'qty7': 0.0, 'qty8': 0.0, 'qty9': 0.0, 'qty10': 0.0, 'qty11': 0.0, 'qty12': 0.0, 'qty13..." type="foritem">
<kw name="Set Variable" library="BuiltIn">
<doc>Returns the given values which can then be assigned to a variables.</doc>
<arguments>
<arg>${single_data['yy']}</arg>
</arguments>
<assign>
<var>${get_policy_id}</var>
</assign>
<msg timestamp="20201230 06:02:36.545" level="INFO">${get_policy_id} = 1980</msg>
<status status="PASS" starttime="20201230 06:02:36.545" endtime="20201230 06:02:36.545"></status>
</kw>
<kw name="Log To Console" library="BuiltIn">
<doc>Logs the given message to the console.</doc>
<arguments>
<arg>${get_policy_id}</arg>
</arguments>
<status status="PASS" starttime="20201230 06:02:36.545" endtime="20201230 06:02:36.545"></status>
</kw>
<status status="PASS" starttime="20201230 06:02:36.545" endtime="20201230 06:02:36.545"></status>
</kw>
<kw name="${single_data} = {'yy': 1981, 'mm': 12, 'qty1': 124.913, 'qty2': 0.0, 'qty3': 0.0, 'qty4': 0.0, 'qty5': 0.0, 'qty6': 124.913, 'qty7': 242.95, 'qty8': 242.95, 'qty9': 0.0, 'qty10': 0.0, 'qty11': 0.0, 'qty12': 0.0, 'qty..." type="foritem">
<kw name="Set Variable" library="BuiltIn">
<doc>Returns the given values which can then be assigned to a variables.</doc>
<arguments>
<arg>${single_data['yy']}</arg>
</arguments>
<assign>
<var>${get_policy_id}</var>
</assign>
<msg timestamp="20201230 06:02:36.545" level="INFO">${get_policy_id} = 1981</msg>
<status status="PASS" starttime="20201230 06:02:36.545" endtime="20201230 06:02:36.545"></status>
</kw>
<kw name="Log To Console" library="BuiltIn">
<doc>Logs the given message to the console.</doc>
<arguments>
<arg>${get_policy_id}</arg>
</arguments>
<status status="PASS" starttime="20201230 06:02:36.545" endtime="20201230 06:02:36.545"></status>
</kw>
<status status="PASS" starttime="20201230 06:02:36.545" endtime="20201230 06:02:36.545"></status>
</kw>
<kw name="${single_data} = {'yy': 1981, 'mm': 13, 'qty1': 131.53, 'qty2': 131.53, 'qty3': 0.0, 'qty4': 0.0, 'qty5': 131.53, 'qty6': 0.0, 'qty7': 0.0, 'qty8': 0.0, 'qty9': 0.0, 'qty10': 0.0, 'qty11': 0.0, 'qty12': 0.0, 'qty13': ..." type="foritem">
<kw name="Set Variable" library="BuiltIn">
<doc>Returns the given values which can then be assigned to a variables.</doc>
<arguments>
<arg>${single_data['yy']}</arg>
</arguments>
<assign>
<var>${get_policy_id}</var>
</assign>
<msg timestamp="20201230 06:02:36.545" level="INFO">${get_policy_id} = 1981</msg>
<status status="PASS" starttime="20201230 06:02:36.545" endtime="20201230 06:02:36.545"></status>
</kw>
<kw name="Log To Console" library="BuiltIn">
<doc>Logs the given message to the console.</doc>
<arguments>
<arg>${get_policy_id}</arg>
</arguments>
<status status="PASS" starttime="20201230 06:02:36.545" endtime="20201230 06:02:36.550"></status>
</kw>
<status status="PASS" starttime="20201230 06:02:36.545" endtime="20201230 06:02:36.550"></status>
</kw>
<kw name="${single_data} = {'yy': 1982, 'mm': 12, 'qty1': 229.77, 'qty2': 0.0, 'qty3': 0.0, 'qty4': 0.0, 'qty5': 0.0, 'qty6': 229.77, 'qty7': 324.432, 'qty8': 324.432, 'qty9': 0.0, 'qty10': 0.0, 'qty11': 0.0, 'qty12': 0.0, 'qty..." type="foritem">
<kw name="Set Variable" library="BuiltIn">
<doc>Returns the given values which can then be assigned to a variables.</doc>
<arguments>
<arg>${single_data['yy']}</arg>
</arguments>
<assign>
<var>${get_policy_id}</var>
</assign>
<msg timestamp="20201230 06:02:36.550" level="INFO">${get_policy_id} = 1982</msg>
<status status="PASS" starttime="20201230 06:02:36.550" endtime="20201230 06:02:36.550"></status>
</kw>
<kw name="Log To Console" library="BuiltIn">
<doc>Logs the given message to the console.</doc>
<arguments>
<arg>${get_policy_id}</arg>
</arguments>
<status status="PASS" starttime="20201230 06:02:36.550" endtime="20201230 06:02:36.550"></status>
</kw>
<status status="PASS" starttime="20201230 06:02:36.550" endtime="20201230 06:02:36.550"></status>
</kw>
<kw name="${single_data} = {'yy': 1982, 'mm': 13, 'qty1': 104.49, 'qty2': 104.49, 'qty3': 0.0, 'qty4': 0.0, 'qty5': 104.49, 'qty6': 0.0, 'qty7': 0.0, 'qty8': 0.0, 'qty9': 0.0, 'qty10': 0.0, 'qty11': 0.0, 'qty12': 0.0, 'qty13': ..." type="foritem">
<kw name="Set Variable" library="BuiltIn">
<doc>Returns the given values which can then be assigned to a variables.</doc>
<arguments>
<arg>${single_data['yy']}</arg>
</arguments>
<assign>
<var>${get_policy_id}</var>
</assign>
<msg timestamp="20201230 06:02:36.550" level="INFO">${get_policy_id} = 1982</msg>
<status status="PASS" starttime="20201230 06:02:36.550" endtime="20201230 06:02:36.550"></status>
</kw>
<kw name="Log To Console" library="BuiltIn">
<doc>Logs the given message to the console.</doc>
<arguments>
<arg>${get_policy_id}</arg>
</arguments>
<status status="PASS" starttime="20201230 06:02:36.550" endtime="20201230 06:02:36.550"></status>
</kw>
<status status="PASS" starttime="20201230 06:02:36.550" endtime="20201230 06:02:36.550"></status>
</kw>
<kw name="${single_data} = {'yy': 1983, 'mm': 12, 'qty1': 325.35, 'qty2': 0.0, 'qty3': 0.0, 'qty4': 0.0, 'qty5': 0.0, 'qty6': 325.35, 'qty7': 448.524, 'qty8': 448.524, 'qty9': 0.0, 'qty10': 0.0, 'qty11': 0.0, 'qty12': 0.0, 'qty..." type="foritem">
<kw name="Set Variable" library="BuiltIn">
<doc>Returns the given values which can then be assigned to a variables.</doc>
<arguments>
<arg>${single_data['yy']}</arg>
</arguments>
<assign>
<var>${get_policy_id}</var>
</assign>
<msg timestamp="20201230 06:02:36.550" level="INFO">${get_policy_id} = 1983</msg>
<status status="PASS" starttime="20201230 06:02:36.550" endtime="20201230 06:02:36.550"></status>
</kw>
<kw name="Log To Console" library="BuiltIn">
<doc>Logs the given message to the console.</doc>
<arguments>
<arg>${get_policy_id}</arg>
</arguments>
<status status="PASS" starttime="20201230 06:02:36.550" endtime="20201230 06:02:36.550"></status>
</kw>
<status status="PASS" starttime="20201230 06:02:36.550" endtime="20201230 06:02:36.550"></status>
</kw>
<kw name="${single_data} = {'yy': 1983, 'mm': 13, 'qty1': 123.12, 'qty2': 123.12, 'qty3': 0.0, 'qty4': 0.0, 'qty5': 123.12, 'qty6': 0.0, 'qty7': 0.0, 'qty8': 0.0, 'qty9': 0.0, 'qty10': 0.0, 'qty11': 0.0, 'qty12': 0.0, 'qty13': ..." type="foritem">
<kw name="Set Variable" library="BuiltIn">
<doc>Returns the given values which can then be assigned to a variables.</doc>
<arguments>
<arg>${single_data['yy']}</arg>
</arguments>
<assign>
<var>${get_policy_id}</var>
</assign>
<msg timestamp="20201230 06:02:36.550" level="INFO">${get_policy_id} = 1983</msg>
<status status="PASS" starttime="20201230 06:02:36.550" endtime="20201230 06:02:36.550"></status>
</kw>
<kw name="Log To Console" library="BuiltIn">
<doc>Logs the given message to the console.</doc>
<arguments>
<arg>${get_policy_id}</arg>
</arguments>
<status status="PASS" starttime="20201230 06:02:36.550" endtime="20201230 06:02:36.556"></status>
</kw>
<status status="PASS" starttime="20201230 06:02:36.550" endtime="20201230 06:02:36.556"></status>
</kw>
<kw name="${single_data} = {'yy': 1984, 'mm': 1, 'qty1': 48.963, 'qty2': 13.199, 'qty3': 0.0, 'qty4': 13.199, 'qty5': 0.0, 'qty6': 35.764, 'qty7': 46.968, 'qty8': 46.968, 'qty9': 25.766, 'qty10': 5.651, 'qty11': 15.551, 'qty12'..." type="foritem">
<kw name="Set Variable" library="BuiltIn">
<doc>Returns the given values which can then be assigned to a variables.</doc>
<arguments>
<arg>${single_data['yy']}</arg>
</arguments>
<assign>
<var>${get_policy_id}</var>
</assign>
<msg timestamp="20201230 06:02:36.556" level="INFO">${get_policy_id} = 1984</msg>
<status status="PASS" starttime="20201230 06:02:36.556" endtime="20201230 06:02:36.556"></status>
</kw>
<kw name="Log To Console" library="BuiltIn">
<doc>Logs the given message to the console.</doc>
<arguments>
<arg>${get_policy_id}</arg>
</arguments>
<status status="PASS" starttime="20201230 06:02:36.556" endtime="20201230 06:02:36.556"></status>
</kw>
<status status="PASS" starttime="20201230 06:02:36.556" endtime="20201230 06:02:36.556"></status>
</kw>
<kw name="${single_data} = {'yy': 1984, 'mm': 2, 'qty1': 42.284, 'qty2': 10.841, 'qty3': 0.0, 'qty4': 10.841, 'qty5': 0.0, 'qty6': 31.443, 'qty7': 42.361, 'qty8': 42.361, 'qty9': 20.676, 'qty10': 5.483, 'qty11': 16.202, 'qty12'..." type="foritem">
<kw name="Set Variable" library="BuiltIn">
<doc>Returns the given values which can then be assigned to a variables.</doc>
<arguments>
<arg>${single_data['yy']}</arg>
</arguments>
<assign>
<var>${get_policy_id}</var>
</assign>
<msg timestamp="20201230 06:02:36.556" level="INFO">${get_policy_id} = 1984</msg>
<status status="PASS" starttime="20201230 06:02:36.556" endtime="20201230 06:02:36.556"></status>
</kw>
<kw name="Log To Console" library="BuiltIn">
<doc>Logs the given message to the console.</doc>
<arguments>
<arg>${get_policy_id}</arg>
</arguments>
<status status="PASS" starttime="20201230 06:02:36.556" endtime="20201230 06:02:36.561"></status>
</kw>
<status status="PASS" starttime="20201230 06:02:36.556" endtime="20201230 06:02:36.561"></status>
</kw>
<kw name="${single_data} = {'yy': 1984, 'mm': 3, 'qty1': 46.46, 'qty2': 11.374, 'qty3': 0.0, 'qty4': 11.374, 'qty5': 0.0, 'qty6': 35.086, 'qty7': 46.694, 'qty8': 46.694, 'qty9': 22.423, 'qty10': 5.802, 'qty11': 18.469, 'qty12':..." type="foritem">
<kw name="Set Variable" library="BuiltIn">
<doc>Returns the given values which can then be assigned to a variables.</doc>
<arguments>
<arg>${single_data['yy']}</arg>
</arguments>
<assign>
<var>${get_policy_id}</var>
</assign>
<msg timestamp="20201230 06:02:36.561" level="INFO">${get_policy_id} = 1984</msg>
<status status="PASS" starttime="20201230 06:02:36.561" endtime="20201230 06:02:36.561"></status>
</kw>
<kw name="Log To Console" library="BuiltIn">
<doc>Logs the given message to the console.</doc>
<arguments>
<arg>${get_policy_id}</arg>
</arguments>
<status status="PASS" starttime="20201230 06:02:36.561" endtime="20201230 06:02:36.561"></status>
</kw>
<status status="PASS" starttime="20201230 06:02:36.561" endtime="20201230 06:02:36.561"></status>
</kw>
<kw name="${single_data} = {'yy': 1984, 'mm': 4, 'qty1': 45.482, 'qty2': 12.072, 'qty3': 0.0, 'qty4': 12.072, 'qty5': 0.0, 'qty6': 33.41, 'qty7': 44.803, 'qty8': 44.803, 'qty9': 21.689, 'qty10': 5.227, 'qty11': 17.887, 'qty12':..." type="foritem">
<kw name="Set Variable" library="BuiltIn">
<doc>Returns the given values which can then be assigned to a variables.</doc>
<arguments>
<arg>${single_data['yy']}</arg>
</arguments>
<assign>
<var>${get_policy_id}</var>
</assign>
<msg timestamp="20201230 06:02:36.561" level="INFO">${get_policy_id} = 1984</msg>
<status status="PASS" starttime="20201230 06:02:36.561" endtime="20201230 06:02:36.561"></status>
</kw>
<kw name="Log To Console" library="BuiltIn">
<doc>Logs the given message to the console.</doc>
<arguments>
<arg>${get_policy_id}</arg>
</arguments>
<status status="PASS" starttime="20201230 06:02:36.561" endtime="20201230 06:02:36.561"></status>
</kw>
<status status="PASS" starttime="20201230 06:02:36.561" endtime="20201230 06:02:36.561"></status>
</kw>
<kw name="${single_data} = {'yy': 1984, 'mm': 5, 'qty1': 46.502, 'qty2': 10.818, 'qty3': 0.0, 'qty4': 10.818, 'qty5': 0.0, 'qty6': 35.684, 'qty7': 46.242, 'qty8': 46.242, 'qty9': 21.133, 'qty10': 5.545, 'qty11': 19.564, 'qty12'..." type="foritem">
<kw name="Set Variable" library="BuiltIn">
<doc>Returns the given values which can then be assigned to a variables.</doc>
<arguments>
<arg>${single_data['yy']}</arg>
</arguments>
<assign>
<var>${get_policy_id}</var>
</assign>
<msg timestamp="20201230 06:02:36.561" level="INFO">${get_policy_id} = 1984</msg>
<status status="PASS" starttime="20201230 06:02:36.561" endtime="20201230 06:02:36.561"></status>
</kw>
<kw name="Log To Console" library="BuiltIn">
<doc>Logs the given message to the console.</doc>
<arguments>
<arg>${get_policy_id}</arg>
</arguments>
<status status="PASS" starttime="20201230 06:02:36.561" endtime="20201230 06:02:36.566"></status>
</kw>
<status status="PASS" starttime="20201230 06:02:36.561" endtime="20201230 06:02:36.566"></status>
</kw>
<kw name="${single_data} = {'yy': 1984, 'mm': 6, 'qty1': 44.72, 'qty2': 9.921, 'qty3': 0.0, 'qty4': 9.921, 'qty5': 0.0, 'qty6': 34.799, 'qty7': 45.605, 'qty8': 45.605, 'qty9': 21.936, 'qty10': 5.419, 'qty11': 18.25, 'qty12': 0...." type="foritem">
<kw name="Set Variable" library="BuiltIn">
<doc>Returns the given values which can then be assigned to a variables.</doc>
<arguments>
<arg>${single_data['yy']}</arg>
</arguments>
<assign>
<var>${get_policy_id}</var>
</assign>
<msg timestamp="20201230 06:02:36.566" level="INFO">${get_policy_id} = 1984</msg>
<status status="PASS" starttime="20201230 06:02:36.566" endtime="20201230 06:02:36.566"></status>
</kw>
<kw name="Log To Console" library="BuiltIn">
<doc>Logs the given message to the console.</doc>
<arguments>
<arg>${get_policy_id}</arg>
</arguments>
<status status="PASS" starttime="20201230 06:02:36.566" endtime="20201230 06:02:36.566"></status>
</kw>
<status status="PASS" starttime="20201230 06:02:36.566" endtime="20201230 06:02:36.566"></status>
</kw>
<kw name="${single_data} = {'yy': 1984, 'mm': 7, 'qty1': 46.645, 'qty2': 8.447, 'qty3': 0.0, 'qty4': 8.447, 'qty5': 0.0, 'qty6': 38.198, 'qty7': 45.203, 'qty8': 45.203, 'qty9': 21.397, 'qty10': 5.067, 'qty11': 18.739, 'qty12': ..." type="foritem">
<kw name="Set Variable" library="BuiltIn">
<doc>Returns the given values which can then be assigned to a variables.</doc>
<arguments>
<arg>${single_data['yy']}</arg>
</arguments>
<assign>
<var>${get_policy_id}</var>
</assign>
<msg timestamp="20201230 06:02:36.566" level="INFO">${get_policy_id} = 1984</msg>
<status status="PASS" starttime="20201230 06:02:36.566" endtime="20201230 06:02:36.566"></status>
</kw>
<kw name="Log To Console" library="BuiltIn">
<doc>Logs the given message to the console.</doc>
<arguments>
<arg>${get_policy_id}</arg>
</arguments>
<status status="PASS" starttime="20201230 06:02:36.566" endtime="20201230 06:02:36.566"></status>
</kw>
<status status="PASS" starttime="20201230 06:02:36.566" endtime="20201230 06:02:36.566"></status>
</kw>
<kw name="${single_data} = {'yy': 1984, 'mm': 8, 'qty1': 41.907, 'qty2': 12.939, 'qty3': 0.0, 'qty4': 12.939, 'qty5': 0.0, 'qty6': 28.968, 'qty7': 42.945, 'qty8': 42.945, 'qty9': 21.192, 'qty10': 5.442, 'qty11': 16.311, 'qty12'..." type="foritem">
<kw name="Set Variable" library="BuiltIn">
<doc>Returns the given values which can then be assigned to a variables.</doc>
<arguments>
<arg>${single_data['yy']}</arg>
</arguments>
<assign>
<var>${get_policy_id}</var>
</assign>
<msg timestamp="20201230 06:02:36.566" level="INFO">${get_policy_id} = 1984</msg>
<status status="PASS" starttime="20201230 06:02:36.566" endtime="20201230 06:02:36.566"></status>
</kw>
<kw name="Log To Console" library="BuiltIn">
<doc>Logs the given message to the console.</doc>
<arguments>
<arg>${get_policy_id}</arg>
</arguments>
<status status="PASS" starttime="20201230 06:02:36.566" endtime="20201230 06:02:36.566"></status>
</kw>
<status status="PASS" starttime="20201230 06:02:36.566" endtime="20201230 06:02:36.566"></status>
</kw>
<kw name="${single_data} = {'yy': 1984, 'mm': 9, 'qty1': 42.407, 'qty2': 10.621, 'qty3': 0.0, 'qty4': 10.621, 'qty5': 0.0, 'qty6': 31.786, 'qty7': 44.888, 'qty8': 44.888, 'qty9': 22.069, 'qty10': 5.523, 'qty11': 17.296, 'qty12'..." type="foritem">
<kw name="Set Variable" library="BuiltIn">
<doc>Returns the given values which can then be assigned to a variables.</doc>
<arguments>
<arg>${single_data['yy']}</arg>
</arguments>
<assign>
<var>${get_policy_id}</var>
</assign>
<msg timestamp="20201230 06:02:36.571" level="INFO">${get_policy_id} = 1984</msg>
<status status="PASS" starttime="20201230 06:02:36.566" endtime="20201230 06:02:36.571"></status>
</kw>
<kw name="Log To Console" library="BuiltIn">
<doc>Logs the given message to the console.</doc>
<arguments>
<arg>${get_policy_id}</arg>
</arguments>
<status status="PASS" starttime="20201230 06:02:36.571" endtime="20201230 06:02:36.571"></status>
</kw>
<status status="PASS" starttime="20201230 06:02:36.566" endtime="20201230 06:02:36.571"></status>
</kw>
<kw name="${single_data} = {'yy': 1984, 'mm': 10, 'qty1': 48.718, 'qty2': 13.251, 'qty3': 0.0, 'qty4': 13.251, 'qty5': 0.0, 'qty6': 35.467, 'qty7': 48.072, 'qty8': 48.072, 'qty9': 23.911, 'qty10': 6.431, 'qty11': 17.73, 'qty12'..." type="foritem">
<kw name="Set Variable" library="BuiltIn">
<doc>Returns the given values which can then be assigned to a variables.</doc>
<arguments>
<arg>${single_data['yy']}</arg>
</arguments>
<assign>
<var>${get_policy_id}</var>
</assign>
<msg timestamp="20201230 06:02:36.571" level="INFO">${get_policy_id} = 1984</msg>
<status status="PASS" starttime="20201230 06:02:36.571" endtime="20201230 06:02:36.571"></status>
</kw>
<kw name="Log To Console" library="BuiltIn">
<doc>Logs the given message to the console.</doc>
<arguments>
<arg>${get_policy_id}</arg>
</arguments>
<status status="PASS" starttime="20201230 06:02:36.571" endtime="20201230 06:02:36.571"></status>
</kw>
<status status="PASS" starttime="20201230 06:02:36.571" endtime="20201230 06:02:36.571"></status>
</kw>
<kw name="${single_data} = {'yy': 1984, 'mm': 11, 'qty1': 57.9, 'qty2': 24.833, 'qty3': 0.0, 'qty4': 24.833, 'qty5': 0.0, 'qty6': 33.067, 'qty7': 45.41, 'qty8': 45.41, 'qty9': 21.638, 'qty10': 5.947, 'qty11': 17.825, 'qty12': 0..." type="foritem">
<kw name="Set Variable" library="BuiltIn">
<doc>Returns the given values which can then be assigned to a variables.</doc>
<arguments>
<arg>${single_data['yy']}</arg>
</arguments>
<assign>
<var>${get_policy_id}</var>
</assign>
<msg timestamp="20201230 06:02:36.571" level="INFO">${get_policy_id} = 1984</msg>
<status status="PASS" starttime="20201230 06:02:36.571" endtime="20201230 06:02:36.571"></status>
</kw>
<kw name="Log To Console" library="BuiltIn">
<doc>Logs the given message to the console.</doc>
<arguments>
<arg>${get_policy_id}</arg>
</arguments>
<status status="PASS" starttime="20201230 06:02:36.571" endtime="20201230 06:02:36.571"></status>
</kw>
<status status="PASS" starttime="20201230 06:02:36.571" endtime="20201230 06:02:36.571"></status>
</kw>
<kw name="${single_data} = {'yy': 1984, 'mm': 12, 'qty1': 44.528, 'qty2': 23.738, 'qty3': 12.507, 'qty4': 11.231, 'qty5': 0.0, 'qty6': 20.79, 'qty7': 49.758, 'qty8': 49.758, 'qty9': 22.531, 'qty10': 5.588, 'qty11': 21.639, 'qty..." type="foritem">
<kw name="Set Variable" library="BuiltIn">
<doc>Returns the given values which can then be assigned to a variables.</doc>
<arguments>
<arg>${single_data['yy']}</arg>
</arguments>
<assign>
<var>${get_policy_id}</var>
</assign>
<msg timestamp="20201230 06:02:36.571" level="INFO">${get_policy_id} = 1984</msg>
<status status="PASS" starttime="20201230 06:02:36.571" endtime="20201230 06:02:36.571"></status>
</kw>
<kw name="Log To Console" library="BuiltIn">
<doc>Logs the given message to the console.</doc>
<arguments>
<arg>${get_policy_id}</arg>
</arguments>
[...]
</kw>
<kw name="${single_data} = {'yy': 2019, 'mm': 5, 'qty1': 502.59, 'qty2': 500.939, 'qty3': 295.277, 'qty4': 184.199, 'qty5': 21.463, 'qty6': 1.651, 'qty7': 576.504, 'qty8': 554.505, 'qty9': 174.766, 'qty10': 55.473, 'qty11': 88...." type="foritem">
<kw name="Set Variable" library="BuiltIn">
<doc>Returns the given values which can then be assigned to a variables.</doc>
<arguments>
<arg>${single_data['yy']}</arg>
</arguments>
<assign>
<var>${get_policy_id}</var>
</assign>
<msg timestamp="20201230 06:02:37.335" level="INFO">${get_policy_id} = 2019</msg>
<status status="PASS" starttime="20201230 06:02:37.335" endtime="20201230 06:02:37.335"></status>
</kw>
<kw name="Log To Console" library="BuiltIn">
<doc>Logs the given message to the console.</doc>
<arguments>
<arg>${get_policy_id}</arg>
</arguments>
<status status="PASS" starttime="20201230 06:02:37.335" endtime="20201230 06:02:37.335"></status>
</kw>
<status status="PASS" starttime="20201230 06:02:37.335" endtime="20201230 06:02:37.335"></status>
</kw>
<kw name="${single_data} = {'yy': 2019, 'mm': 6, 'qty1': 501.235, 'qty2': 471.811, 'qty3': 285.39, 'qty4': 168.909, 'qty5': 17.512, 'qty6': 29.424, 'qty7': 543.075, 'qty8': 518.056, 'qty9': 170.637, 'qty10': 55.042, 'qty11': 83..." type="foritem">
<kw name="Set Variable" library="BuiltIn">
<doc>Returns the given values which can then be assigned to a variables.</doc>
<arguments>
<arg>${single_data['yy']}</arg>
</arguments>
<assign>
<var>${get_policy_id}</var>
</assign>
<msg timestamp="20201230 06:02:37.335" level="INFO">${get_policy_id} = 2019</msg>
<status status="PASS" starttime="20201230 06:02:37.335" endtime="20201230 06:02:37.335"></status>
</kw>
<kw name="Log To Console" library="BuiltIn">
<doc>Logs the given message to the console.</doc>
<arguments>
<arg>${get_policy_id}</arg>
</arguments>
<status status="PASS" starttime="20201230 06:02:37.335" endtime="20201230 06:02:37.335"></status>
</kw>
<status status="PASS" starttime="20201230 06:02:37.335" endtime="20201230 06:02:37.335"></status>
</kw>
<kw name="${single_data} = {'yy': 2019, 'mm': 7, 'qty1': 519.967, 'qty2': 517.017, 'qty3': 324.133, 'qty4': 192.884, 'qty5': 0.0, 'qty6': 2.95, 'qty7': 593.221, 'qty8': 571.503, 'qty9': 179.952, 'qty10': 55.826, 'qty11': 86.631..." type="foritem">
<kw name="Set Variable" library="BuiltIn">
<doc>Returns the given values which can then be assigned to a variables.</doc>
<arguments>
<arg>${single_data['yy']}</arg>
</arguments>
<assign>
<var>${get_policy_id}</var>
</assign>
<msg timestamp="20201230 06:02:37.340" level="INFO">${get_policy_id} = 2019</msg>
<status status="PASS" starttime="20201230 06:02:37.335" endtime="20201230 06:02:37.340"></status>
</kw>
<kw name="Log To Console" library="BuiltIn">
<doc>Logs the given message to the console.</doc>
<arguments>
<arg>${get_policy_id}</arg>
</arguments>
<status status="PASS" starttime="20201230 06:02:37.340" endtime="20201230 06:02:37.340"></status>
</kw>
<status status="PASS" starttime="20201230 06:02:37.335" endtime="20201230 06:02:37.340"></status>
</kw>
<kw name="${single_data} = {'yy': 2019, 'mm': 8, 'qty1': 595.76, 'qty2': 524.668, 'qty3': 329.955, 'qty4': 194.713, 'qty5': 0.0, 'qty6': 71.092, 'qty7': 596.77, 'qty8': 571.246, 'qty9': 184.691, 'qty10': 55.113, 'qty11': 85.709..." type="foritem">
<kw name="Set Variable" library="BuiltIn">
<doc>Returns the given values which can then be assigned to a variables.</doc>
<arguments>
<arg>${single_data['yy']}</arg>
</arguments>
<assign>
<var>${get_policy_id}</var>
</assign>
<msg timestamp="20201230 06:02:37.340" level="INFO">${get_policy_id} = 2019</msg>
<status status="PASS" starttime="20201230 06:02:37.340" endtime="20201230 06:02:37.340"></status>
</kw>
<kw name="Log To Console" library="BuiltIn">
<doc>Logs the given message to the console.</doc>
<arguments>
<arg>${get_policy_id}</arg>
</arguments>
<status status="PASS" starttime="20201230 06:02:37.340" endtime="20201230 06:02:37.340"></status>
</kw>
<status status="PASS" starttime="20201230 06:02:37.340" endtime="20201230 06:02:37.340"></status>
</kw>
<kw name="${single_data} = {'yy': 2019, 'mm': 9, 'qty1': 497.427, 'qty2': 492.786, 'qty3': 317.25, 'qty4': 175.536, 'qty5': 0.0, 'qty6': 4.641, 'qty7': 565.104, 'qty8': 541.645, 'qty9': 175.968, 'qty10': 54.609, 'qty11': 79.981..." type="foritem">
<kw name="Set Variable" library="BuiltIn">
<doc>Returns the given values which can then be assigned to a variables.</doc>
<arguments>
<arg>${single_data['yy']}</arg>
</arguments>
<assign>
<var>${get_policy_id}</var>
</assign>
<msg timestamp="20201230 06:02:37.340" level="INFO">${get_policy_id} = 2019</msg>
<status status="PASS" starttime="20201230 06:02:37.340" endtime="20201230 06:02:37.340"></status>
</kw>
<kw name="Log To Console" library="BuiltIn">
<doc>Logs the given message to the console.</doc>
<arguments>
<arg>${get_policy_id}</arg>
</arguments>
<status status="PASS" starttime="20201230 06:02:37.340" endtime="20201230 06:02:37.340"></status>
</kw>
<status status="PASS" starttime="20201230 06:02:37.340" endtime="20201230 06:02:37.340"></status>
</kw>
<kw name="${single_data} = {'yy': 2019, 'mm': 10, 'qty1': 548.03, 'qty2': 475.394, 'qty3': 323.462, 'qty4': 151.932, 'qty5': 0.0, 'qty6': 72.636, 'qty7': 569.94, 'qty8': 541.507, 'qty9': 179.63, 'qty10': 55.245, 'qty11': 82.108..." type="foritem">
<kw name="Set Variable" library="BuiltIn">
<doc>Returns the given values which can then be assigned to a variables.</doc>
<arguments>
<arg>${single_data['yy']}</arg>
</arguments>
<assign>
<var>${get_policy_id}</var>
</assign>
<msg timestamp="20201230 06:02:37.340" level="INFO">${get_policy_id} = 2019</msg>
<status status="PASS" starttime="20201230 06:02:37.340" endtime="20201230 06:02:37.340"></status>
</kw>
<kw name="Log To Console" library="BuiltIn">
<doc>Logs the given message to the console.</doc>
<arguments>
<arg>${get_policy_id}</arg>
</arguments>
<status status="PASS" starttime="20201230 06:02:37.340" endtime="20201230 06:02:37.340"></status>
</kw>
<status status="PASS" starttime="20201230 06:02:37.340" endtime="20201230 06:02:37.340"></status>
</kw>
<kw name="${single_data} = {'yy': 2019, 'mm': 11, 'qty1': 501.552, 'qty2': 472.357, 'qty3': 330.217, 'qty4': 142.14, 'qty5': 0.0, 'qty6': 29.195, 'qty7': 554.26, 'qty8': 528.015, 'qty9': 177.912, 'qty10': 57.537, 'qty11': 79.77..." type="foritem">
<kw name="Set Variable" library="BuiltIn">
<doc>Returns the given values which can then be assigned to a variables.</doc>
<arguments>
<arg>${single_data['yy']}</arg>
</arguments>
<assign>
<var>${get_policy_id}</var>
</assign>
<msg timestamp="20201230 06:02:37.345" level="INFO">${get_policy_id} = 2019</msg>
<status status="PASS" starttime="20201230 06:02:37.340" endtime="20201230 06:02:37.345"></status>
</kw>
<kw name="Log To Console" library="BuiltIn">
<doc>Logs the given message to the console.</doc>
<arguments>
<arg>${get_policy_id}</arg>
</arguments>
<status status="PASS" starttime="20201230 06:02:37.345" endtime="20201230 06:02:37.345"></status>
</kw>
<status status="PASS" starttime="20201230 06:02:37.340" endtime="20201230 06:02:37.345"></status>
</kw>
<kw name="${single_data} = {'yy': 2019, 'mm': 12, 'qty1': 538.286, 'qty2': 487.747, 'qty3': 310.448, 'qty4': 177.299, 'qty5': 0.0, 'qty6': 50.539, 'qty7': 565.652, 'qty8': 538.788, 'qty9': 183.65, 'qty10': 53.548, 'qty11': 83.5..." type="foritem">
<kw name="Set Variable" library="BuiltIn">
<doc>Returns the given values which can then be assigned to a variables.</doc>
<arguments>
<arg>${single_data['yy']}</arg>
</arguments>
<assign>
<var>${get_policy_id}</var>
</assign>
<msg timestamp="20201230 06:02:37.345" level="INFO">${get_policy_id} = 2019</msg>
<status status="PASS" starttime="20201230 06:02:37.345" endtime="20201230 06:02:37.345"></status>
</kw>
<kw name="Log To Console" library="BuiltIn">
<doc>Logs the given message to the console.</doc>
<arguments>
<arg>${get_policy_id}</arg>
</arguments>
<status status="PASS" starttime="20201230 06:02:37.345" endtime="20201230 06:02:37.345"></status>
</kw>
<status status="PASS" starttime="20201230 06:02:37.345" endtime="20201230 06:02:37.345"></status>
</kw>
<kw name="${single_data} = {'yy': 2020, 'mm': 1, 'qty1': 515.977, 'qty2': 468.733, 'qty3': 287.915, 'qty4': 180.818, 'qty5': 0.0, 'qty6': 47.244, 'qty7': 548.946, 'qty8': 525.985, 'qty9': 182.042, 'qty10': 54.95, 'qty11': 79.79..." type="foritem">
<kw name="Set Variable" library="BuiltIn">
<doc>Returns the given values which can then be assigned to a variables.</doc>
<arguments>
<arg>${single_data['yy']}</arg>
</arguments>
<assign>
<var>${get_policy_id}</var>
</assign>
<msg timestamp="20201230 06:02:37.345" level="INFO">${get_policy_id} = 2020</msg>
<status status="PASS" starttime="20201230 06:02:37.345" endtime="20201230 06:02:37.345"></status>
</kw>
<kw name="Log To Console" library="BuiltIn">
<doc>Logs the given message to the console.</doc>
<arguments>
<arg>${get_policy_id}</arg>
</arguments>
<status status="PASS" starttime="20201230 06:02:37.350" endtime="20201230 06:02:37.350"></status>
</kw>
<status status="PASS" starttime="20201230 06:02:37.345" endtime="20201230 06:02:37.350"></status>
</kw>
<kw name="${single_data} = {'yy': 2020, 'mm': 2, 'qty1': 454.013, 'qty2': 450.562, 'qty3': 279.659, 'qty4': 170.903, 'qty5': 0.0, 'qty6': 3.451, 'qty7': 449.065, 'qty8': 433.242, 'qty9': 169.973, 'qty10': 55.23, 'qty11': 73.179..." type="foritem">
<kw name="Set Variable" library="BuiltIn">
<doc>Returns the given values which can then be assigned to a variables.</doc>
<arguments>
<arg>${single_data['yy']}</arg>
</arguments>
<assign>
<var>${get_policy_id}</var>
</assign>
<msg timestamp="20201230 06:02:37.350" level="INFO">${get_policy_id} = 2020</msg>
<status status="PASS" starttime="20201230 06:02:37.350" endtime="20201230 06:02:37.350"></status>
</kw>
<kw name="Log To Console" library="BuiltIn">
<doc>Logs the given message to the console.</doc>
<arguments>
<arg>${get_policy_id}</arg>
</arguments>
<status status="PASS" starttime="20201230 06:02:37.350" endtime="20201230 06:02:37.350"></status>
</kw>
<status status="PASS" starttime="20201230 06:02:37.350" endtime="20201230 06:02:37.350"></status>
</kw>
<kw name="${single_data} = {'yy': 2020, 'mm': 3, 'qty1': 507.707, 'qty2': 480.711, 'qty3': 294.348, 'qty4': 186.363, 'qty5': 0.0, 'qty6': 26.996, 'qty7': 537.91, 'qty8': 516.909, 'qty9': 169.152, 'qty10': 55.299, 'qty11': 64.49..." type="foritem">
<kw name="Set Variable" library="BuiltIn">
<doc>Returns the given values which can then be assigned to a variables.</doc>
<arguments>
<arg>${single_data['yy']}</arg>
</arguments>
<assign>
<var>${get_policy_id}</var>
</assign>
<msg timestamp="20201230 06:02:37.350" level="INFO">${get_policy_id} = 2020</msg>
<status status="PASS" starttime="20201230 06:02:37.350" endtime="20201230 06:02:37.350"></status>
</kw>
<kw name="Log To Console" library="BuiltIn">
<doc>Logs the given message to the console.</doc>
<arguments>
<arg>${get_policy_id}</arg>
</arguments>
<status status="PASS" starttime="20201230 06:02:37.350" endtime="20201230 06:02:37.350"></status>
</kw>
<status status="PASS" starttime="20201230 06:02:37.350" endtime="20201230 06:02:37.350"></status>
</kw>
<kw name="${single_data} = {'yy': 2020, 'mm': 4, 'qty1': 477.201, 'qty2': 429.625, 'qty3': 262.869, 'qty4': 166.756, 'qty5': 0.0, 'qty6': 47.576, 'qty7': 466.438, 'qty8': 448.326, 'qty9': 145.537, 'qty10': 44.319, 'qty11': 39.1..." type="foritem">
<kw name="Set Variable" library="BuiltIn">
<doc>Returns the given values which can then be assigned to a variables.</doc>
<arguments>
<arg>${single_data['yy']}</arg>
</arguments>
<assign>
<var>${get_policy_id}</var>
</assign>
<msg timestamp="20201230 06:02:37.350" level="INFO">${get_policy_id} = 2020</msg>
<status status="PASS" starttime="20201230 06:02:37.350" endtime="20201230 06:02:37.350"></status>
</kw>
<kw name="Log To Console" library="BuiltIn">
<doc>Logs the given message to the console.</doc>
<arguments>
<arg>${get_policy_id}</arg>
</arguments>
<status status="PASS" starttime="20201230 06:02:37.350" endtime="20201230 06:02:37.350"></status>
</kw>
<status status="PASS" starttime="20201230 06:02:37.350" endtime="20201230 06:02:37.350"></status>
</kw>
<kw name="${single_data} = {'yy': 2020, 'mm': 5, 'qty1': 408.322, 'qty2': 405.42, 'qty3': 232.85, 'qty4': 172.57, 'qty5': 0.0, 'qty6': 2.902, 'qty7': 435.14, 'qty8': 417.722, 'qty9': 152.892, 'qty10': 41.97, 'qty11': 49.886, 'q..." type="foritem">
<kw name="Set Variable" library="BuiltIn">
<doc>Returns the given values which can then be assigned to a variables.</doc>
<arguments>
<arg>${single_data['yy']}</arg>
</arguments>
<assign>
<var>${get_policy_id}</var>
</assign>
<msg timestamp="20201230 06:02:37.355" level="INFO">${get_policy_id} = 2020</msg>
<status status="PASS" starttime="20201230 06:02:37.350" endtime="20201230 06:02:37.355"></status>
</kw>
<kw name="Log To Console" library="BuiltIn">
<doc>Logs the given message to the console.</doc>
<arguments>
<arg>${get_policy_id}</arg>
</arguments>
<status status="PASS" starttime="20201230 06:02:37.355" endtime="20201230 06:02:37.355"></status>
</kw>
<status status="PASS" starttime="20201230 06:02:37.350" endtime="20201230 06:02:37.355"></status>
</kw>
<kw name="${single_data} = {'yy': 2020, 'mm': 6, 'qty1': 422.623, 'qty2': 421.172, 'qty3': 255.115, 'qty4': 166.057, 'qty5': 0.0, 'qty6': 1.451, 'qty7': 467.566, 'qty8': 449.427, 'qty9': 162.291, 'qty10': 44.17, 'qty11': 60.316..." type="foritem">
<kw name="Set Variable" library="BuiltIn">
<doc>Returns the given values which can then be assigned to a variables.</doc>
<arguments>
<arg>${single_data['yy']}</arg>
</arguments>
<assign>
<var>${get_policy_id}</var>
</assign>
<msg timestamp="20201230 06:02:37.355" level="INFO">${get_policy_id} = 2020</msg>
<status status="PASS" starttime="20201230 06:02:37.355" endtime="20201230 06:02:37.355"></status>
</kw>
<kw name="Log To Console" library="BuiltIn">
<doc>Logs the given message to the console.</doc>
<arguments>
<arg>${get_policy_id}</arg>
</arguments>
<status status="PASS" starttime="20201230 06:02:37.355" endtime="20201230 06:02:37.355"></status>
</kw>
<status status="PASS" starttime="20201230 06:02:37.355" endtime="20201230 06:02:37.355"></status>
</kw>
<kw name="${single_data} = {'yy': 2020, 'mm': 7, 'qty1': 485.72, 'qty2': 435.551, 'qty3': 266.452, 'qty4': 169.099, 'qty5': 0.0, 'qty6': 50.169, 'qty7': 473.418, 'qty8': 453.155, 'qty9': 170.484, 'qty10': 46.892, 'qty11': 66.19..." type="foritem">
<kw name="Set Variable" library="BuiltIn">
<doc>Returns the given values which can then be assigned to a variables.</doc>
<arguments>
<arg>${single_data['yy']}</arg>
</arguments>
<assign>
<var>${get_policy_id}</var>
</assign>
<msg timestamp="20201230 06:02:37.355" level="INFO">${get_policy_id} = 2020</msg>
<status status="PASS" starttime="20201230 06:02:37.355" endtime="20201230 06:02:37.355"></status>
</kw>
<kw name="Log To Console" library="BuiltIn">
<doc>Logs the given message to the console.</doc>
<arguments>
<arg>${get_policy_id}</arg>
</arguments>
<status status="PASS" starttime="20201230 06:02:37.355" endtime="20201230 06:02:37.355"></status>
</kw>
<status status="PASS" starttime="20201230 06:02:37.355" endtime="20201230 06:02:37.355"></status>
</kw>
<kw name="${single_data} = {'yy': 2020, 'mm': 8, 'qty1': 551.446, 'qty2': 468.291, 'qty3': 282.168, 'qty4': 186.123, 'qty5': 0.0, 'qty6': 83.155, 'qty7': 528.628, 'qty8': 505.266, 'qty9': 173.975, 'qty10': 50.897, 'qty11': 65.8..." type="foritem">
<kw name="Set Variable" library="BuiltIn">
<doc>Returns the given values which can then be assigned to a variables.</doc>
<arguments>
<arg>${single_data['yy']}</arg>
</arguments>
<assign>
<var>${get_policy_id}</var>
</assign>
<msg timestamp="20201230 06:02:37.355" level="INFO">${get_policy_id} = 2020</msg>
<status status="PASS" starttime="20201230 06:02:37.355" endtime="20201230 06:02:37.355"></status>
</kw>
<kw name="Log To Console" library="BuiltIn">
<doc>Logs the given message to the console.</doc>
<arguments>
<arg>${get_policy_id}</arg>
</arguments>
<status status="PASS" starttime="20201230 06:02:37.355" endtime="20201230 06:02:37.355"></status>
</kw>
<status status="PASS" starttime="20201230 06:02:37.355" endtime="20201230 06:02:37.360"></status>
</kw>
<kw name="${single_data} = {'yy': 2020, 'mm': 9, 'qty1': 558.756, 'qty2': 454.074, 'qty3': 290.391, 'qty4': 163.683, 'qty5': 0.0, 'qty6': 104.682, 'qty7': 511.059, 'qty8': 492.93, 'qty9': 170.286, 'qty10': 52.029, 'qty11': 63.7..." type="foritem">
<kw name="Set Variable" library="BuiltIn">
<doc>Returns the given values which can then be assigned to a variables.</doc>
<arguments>
<arg>${single_data['yy']}</arg>
</arguments>
<assign>
<var>${get_policy_id}</var>
</assign>
<msg timestamp="20201230 06:02:37.360" level="INFO">${get_policy_id} = 2020</msg>
<status status="PASS" starttime="20201230 06:02:37.360" endtime="20201230 06:02:37.360"></status>
</kw>
<kw name="Log To Console" library="BuiltIn">
<doc>Logs the given message to the console.</doc>
<arguments>
<arg>${get_policy_id}</arg>
</arguments>
<status status="PASS" starttime="20201230 06:02:37.360" endtime="20201230 06:02:37.360"></status>
</kw>
<status status="PASS" starttime="20201230 06:02:37.360" endtime="20201230 06:02:37.360"></status>
</kw>
<kw name="${single_data} = {'yy': 2020, 'mm': 10, 'qty1': 497.542, 'qty2': 473.65, 'qty3': 289.529, 'qty4': 184.121, 'qty5': 0.0, 'qty6': 23.892, 'qty7': 538.754, 'qty8': 520.649, 'qty9': 179.231, 'qty10': 55.856, 'qty11': 64.3..." type="foritem">
<kw name="Set Variable" library="BuiltIn">
<doc>Returns the given values which can then be assigned to a variables.</doc>
<arguments>
<arg>${single_data['yy']}</arg>
</arguments>
<assign>
<var>${get_policy_id}</var>
</assign>
<msg timestamp="20201230 06:02:37.360" level="INFO">${get_policy_id} = 2020</msg>
<status status="PASS" starttime="20201230 06:02:37.360" endtime="20201230 06:02:37.360"></status>
</kw>
<kw name="Log To Console" library="BuiltIn">
<doc>Logs the given message to the console.</doc>
<arguments>
<arg>${get_policy_id}</arg>
</arguments>
<status status="PASS" starttime="20201230 06:02:37.360" endtime="20201230 06:02:37.360"></status>
</kw>
<status status="PASS" starttime="20201230 06:02:37.360" endtime="20201230 06:02:37.360"></status>
</kw>
<kw name="${single_data} = {'yy': 2020, 'mm': 11, 'qty1': 442.922, 'qty2': 442.922, 'qty3': 266.17, 'qty4': 176.752, 'qty5': 0.0, 'qty6': 0.0, 'qty7': 475.718, 'qty8': 475.718, 'qty9': 173.013, 'qty10': 56.423, 'qty11': 61.976,..." type="foritem">
<kw name="Set Variable" library="BuiltIn">
<doc>Returns the given values which can then be assigned to a variables.</doc>
<arguments>
<arg>${single_data['yy']}</arg>
</arguments>
<assign>
<var>${get_policy_id}</var>
</assign>
<msg timestamp="20201230 06:02:37.360" level="INFO">${get_policy_id} = 2020</msg>
<status status="PASS" starttime="20201230 06:02:37.360" endtime="20201230 06:02:37.360"></status>
</kw>
<kw name="Log To Console" library="BuiltIn">
<doc>Logs the given message to the console.</doc>
<arguments>
<arg>${get_policy_id}</arg>
</arguments>
<status status="PASS" starttime="20201230 06:02:37.360" endtime="20201230 06:02:37.360"></status>
</kw>
<status status="PASS" starttime="20201230 06:02:37.360" endtime="20201230 06:02:37.360"></status>
</kw>
<status status="PASS" starttime="20201230 06:02:36.470" endtime="20201230 06:02:37.360"></status>
</kw>
<status status="PASS" starttime="20201230 06:02:35.058" endtime="20201230 06:02:37.365" critical="yes"></status>
</test>
<status status="PASS" starttime="20201230 06:02:34.086" endtime="20201230 06:02:37.370"></status>
</suite>
<statistics>
<total>
<stat pass="1" fail="0">Critical Tests</stat>
<stat pass="1" fail="0">All Tests</stat>
</total>
<tag>
</tag>
<suite>
<stat pass="1" fail="0" id="s1" name="Robotframe Api Request">Robotframe Api Request</stat>
</suite>
</statistics>
<errors>
</errors>
</robot>
