<?xml version="1.0" encoding="UTF-8"?>
<robot generator="Robot 3.2.2 (Python 3.7.6 on win32)" generated="20201230 21:13:26.553" rpa="false">
<suite id="s1" name="Robotframe Api Request" source="I:\Fiverr Projects\robotframe_env\robot_fiverr\robotframe_api_request.robot">
<test id="s1-t1" name="API Post Request">
<kw name="Create Session" library="RequestsLibrary">
<doc>Create Session: create a HTTP session to a server</doc>
<arguments>
<arg>mysession</arg>
<arg>${url}</arg>
<arg>verify=True</arg>
<arg>disable_warnings=1</arg>
</arguments>
<msg timestamp="20201230 21:13:27.206" level="INFO">Creating Session using : alias=mysession, url=https://webservice.eppo.go.th/eppowebservice, headers={},                     cookies={}, auth=None, timeout=None, proxies=None, verify=True,                     debug=0 </msg>
<status status="PASS" starttime="20201230 21:13:27.205" endtime="20201230 21:13:27.206"></status>
</kw>
<kw name="Convert To String" library="BuiltIn">
<doc>Converts the given item to a Unicode string.</doc>
<arguments>
<arg>&lt;?xml version="1.0" encoding="utf-8"?&gt; &lt;soap:Envelope xmlns:xsi="http://www.w3.org/2001/XMLSchema-instance" xmlns:xsd="http://www.w3.org/2001/XMLSchema" xmlns:soap="http://schemas.xmlsoap.org/soap/envelope/"&gt; &lt;soap:Body&gt; &lt;GetLPGDemandSupplyMonthlyJSON xmlns="https://webservice.eppoengdb.go.th/"&gt; &lt;strUser&gt;set&lt;/strUser&gt; &lt;strPassword&gt;set&lt;/strPassword&gt; &lt;yy&gt;&lt;/yy&gt; &lt;mm&gt;&lt;/mm&gt; &lt;/GetLPGDemandSupplyMonthlyJSON&gt; &lt;/soap:Body&gt; &lt;/soap:Envelope&gt;</arg>
</arguments>
<assign>
<var>${body}</var>
</assign>
<msg timestamp="20201230 21:13:27.207" level="INFO">${body} = &lt;?xml version="1.0" encoding="utf-8"?&gt; &lt;soap:Envelope xmlns:xsi="http://www.w3.org/2001/XMLSchema-instance" xmlns:xsd="http://www.w3.org/2001/XMLSchema" xmlns:soap="http://schemas.xmlsoap.org/soap/env...</msg>
<status status="PASS" starttime="20201230 21:13:27.207" endtime="20201230 21:13:27.207"></status>
</kw>
<kw name="Create Dictionary" library="BuiltIn">
<doc>Creates and returns a dictionary based on the given ``items``.</doc>
<arguments>
<arg>Content-Type=text/xml</arg>
</arguments>
<assign>
<var>${header}</var>
</assign>
<msg timestamp="20201230 21:13:27.209" level="INFO">${header} = {'Content-Type': 'text/xml'}</msg>
<status status="PASS" starttime="20201230 21:13:27.208" endtime="20201230 21:13:27.209"></status>
</kw>
<kw name="Post Request" library="RequestsLibrary">
<doc>Send a POST request on the session object found using the
given `alias`</doc>
<arguments>
<arg>mysession</arg>
<arg>/Energy_statistic.asmx?WSDL</arg>
<arg>data=${body}</arg>
<arg>headers=${header}</arg>
</arguments>
<assign>
<var>${response}</var>
</assign>
<msg timestamp="20201230 21:13:30.999" level="INFO">POST Request : url=https://webservice.eppo.go.th/eppowebservice/Energy_statistic.asmx?WSDL 
 path_url=/eppowebservice/Energy_statistic.asmx?WSDL 
 headers={'User-Agent': 'python-requests/2.25.1', 'Accept-Encoding': 'gzip, deflate', 'Accept': '*/*', 'Connection': 'keep-alive', 'Content-Type': 'text/xml', 'Content-Length': '433'} 
 body=&lt;?xml version="1.0" encoding="utf-8"?&gt; &lt;soap:Envelope xmlns:xsi="http://www.w3.org/2001/XMLSchema-instance" xmlns:xsd="http://www.w3.org/2001/XMLSchema" xmlns:soap="http://schemas.xmlsoap.org/soap/envelope/"&gt; &lt;soap:Body&gt; &lt;GetLPGDemandSupplyMonthlyJSON xmlns="https://webservice.eppoengdb.go.th/"&gt; &lt;strUser&gt;set&lt;/strUser&gt; &lt;strPassword&gt;set&lt;/strPassword&gt; &lt;yy&gt;&lt;/yy&gt; &lt;mm&gt;&lt;/mm&gt; &lt;/GetLPGDemandSupplyMonthlyJSON&gt; &lt;/soap:Body&gt; &lt;/soap:Envelope&gt; 
 </msg>
<msg timestamp="20201230 21:13:30.999" level="INFO">POST Response : url=https://webservice.eppo.go.th/eppowebservice/Energy_statistic.asmx?WSDL 
 status=200, reason=OK 
 body=&lt;?xml version="1.0" encoding="utf-8"?&gt;&lt;soap:Envelope xmlns:soap="http://schemas.xmlsoap.org/soap/envelope/" xmlns:xsi="http://www.w3.org/2001/XMLSchema-instance" xmlns:xsd="http://www.w3.org/2001/XMLSchema"&gt;&lt;soap:Body&gt;&lt;GetLPGDemandSupplyMonthlyJSONResponse xmlns="https://webservice.eppoengdb.go.th/"&gt;&lt;GetLPGDemandSupplyMonthlyJSONResult&gt;[
  {
    "yy": 1954,
    "mm": 12,
    "qty1": 0.017,
    "qty2": 0.0,
    "qty3": 0.0,
    "qty4": 0.0,
    "qty5": 0.0,
    "qty6": 0.017,
    "qty7": 0.017,
    "qty8": 0.017,
    "qty9": 0.0,
    "qty10": 0.0,
    "qty11": 0.0,
    "qty12": 0.0,
    "qty13": 0.0,
    "qty14": 0.0,
    "qty15": 0.0,
    "qty16": 0.0,
    "qty17": 0.0
  },
  {
    "yy": 1955,
    "mm": 12,
    "qty1": 0.009,
    "qty2": 0.0,
    "qty3": 0.0,
    "qty4": 0.0,
    "qty5": 0.0,
    "qty6": 0.009,
    "qty7": 0.009,
    "qty8": 0.009,
    "qty9": 0.0,
    "qty10": 0.0,
    "qty11": 0.0,
    "qty12": 0.0,
    "qty13": 0.0,
    "qty14": 0.0,
    "qty15": 0.0,
    "qty16": 0.0,
    "qty17": 0.0
  },
  {
    "yy": 1956,
    "mm": 12,
    "qty1": 0.009,
    "qty2": 0.0,
    "qty3": 0.0,
    "qty4": 0.0,
    "qty5": 0.0,
    "qty6": 0.009,
    "qty7": 0.009,
    "qty8": 0.009,
    "qty9": 0.0,
    "qty10": 0.0,
    "qty11": 0.0,
    "qty12": 0.0,
    "qty13": 0.0,
    "qty14": 0.0,
    "qty15": 0.0,
    "qty16": 0.0,
    "qty17": 0.0
  },
  {
    "yy": 1957,
    "mm": 12,
    "qty1": 0.025,
    "qty2": 0.0,
    "qty3": 0.0,
    "qty4": 0.0,
    "qty5": 0.0,
    "qty6": 0.025,
    "qty7": 0.026,
    "qty8": 0.017,
    "qty9": 0.0,
    "qty10": 0.0,
    "qty11": 0.0,
    "qty12": 0.0,
    "qty13": 0.0,
    "qty14": 0.0,
    "qty15": 0.0,
    "qty16": 0.009,
    "qty17": -0.001
  },
  {
    "yy": 1958,
    "mm": 12,
    "qty1": 0.068,
    "qty2": 0.0,
    "qty3": 0.0,
    "qty4": 0.0,
    "qty5": 0.0,
    "qty6": 0.068,
    "qty7": 0.068,
    "qty8": 0.051,
    "qty9": 0.0,
    "qty10": 0.0,
    "qty11": 0.0,
    "qty12": 0.0,
    "qty13": 0.0,
    "qty14": 0.0,
    "qty15": 0.0,
    "qty16": 0.017,
    "qty17": 0.0
  },
  {
    "yy": 1959,
    "mm": 12,
    "qty1": 0.051,
    "qty2": 0.0,
    "qty3": 0.0,
    "qty4": 0.0,
    "qty5": 0.0,
    "qty6": 0.051,
    "qty7": 0.017,
    "qty8": 0.0,
    "qty9": 0.0,
    "qty10": 0.0,
    "qty11": 0.0,
    "qty12": 0.0,
    "qty13": 0.0,
    "qty14": 0.0,
    "qty15": 0.0,
    "qty16": 0.017,
    "qty17": 0.034
  },
  {
    "yy": 1960,
    "mm": 12,
    "qty1": 0.093,
    "qty2": 0.0,
    "qty3": 0.0,
    "qty4": 0.0,
    "qty5": 0.0,
    "qty6": 0.093,
    "qty7": 0.079,
    "qty8": 0.054,
    "qty9": 0.0,
    "qty10": 0.0,
    "qty11": 0.0,
    "qty12": 0.0,
    "qty13": 0.0,
    "qty14": 0.0,
    "qty15": 0.0,
    "qty16": 0.025,
    "qty17": 0.014
  },
  {
    "yy": 1961,
    "mm": 12,
    "qty1": 0.161,
    "qty2": 0.0,
    "qty3": 0.0,
    "qty4": 0.0,
    "qty5": 0.0,
    "qty6": 0.161,
    "qty7": 0.187,
    "qty8": 0.162,
    "qty9": 0.0,
    "qty10": 0.0,
    "qty11": 0.0,
    "qty12": 0.0,
    "qty13": 0.0,
    "qty14": 0.0,
    "qty15": 0.0,
    "qty16": 0.025,
    "qty17": -0.026
  },
  {
    "yy": 1962,
    "mm": 12,
    "qty1": 0.178,
    "qty2": 0.0,
    "qty3": 0.0,
    "qty4": 0.0,
    "qty5": 0.0,
    "qty6": 0.178,
    "qty7": 0.196,
    "qty8": 0.162,
    "qty9": 0.0,
    "qty10": 0.0,
    "qty11": 0.0,
    "qty12": 0.0,
    "qty13": 0.0,
    "qty14": 0.0,
    "qty15": 0.0,
    "qty16": 0.034,
    "qty17": -0.018
  },
  {
    "yy": 1963,
    "mm": 12,
    "qty1": 0.662,
    "qty2": 0.0,
    "qty3": 0.0,
    "qty4": 0.0,
    "qty5": 0.0,
    "qty6": 0.662,
    "qty7": 0.662,
    "qty8": 0.594,
    "qty9": 0.0,
    "qty10": 0.0,
    "qty11": 0.0,
    "qty12": 0.0,
    "qty13": 0.0,
    "qty14": 0.0,
    "qty15": 0.0,
    "qty16": 0.068,
    "qty17": 0.0000000000000001110223024625
  },
  {
    "yy": 1964,
    "mm": 12,
    "qty1": 0.832,
    "qty2": 0.0,
    "qty3": 0.0,
    "qty4": 0.0,
    "qty5": 0.0,
    "qty6": 0.832,
    "qty7": 2.356,
    "qty8": 2.322,
    "qty9": 0.0,
    "qty10": 0.0,
    "qty11": 0.0,
    "qty12": 0.0,
    "qty13": 0.0,
    "qty14": 0.0,
    "qty15": 0.0,
    "qty16": 0.034,
    "qty17": -1.524
  },
  {
    "yy": 1964,
    "mm": 13,
    "qty1": 1.401,
    "qty2": 1.401,
    "qty3": 0.0,
    "qty4": 0.0,
    "qty5": 1.401,
    "qty6": 0.0,
    "qty7": 0.0,
    "qty8": 0.0,
    "qty9": 0.0,
    "qty10": 0.0,
    "qty11": 0.0,
    "qty12": 0.0,
    "qty13": 0.0,
    "qty14": 0.0,
    "qty15": 0.0,
    "qty16": 0.0,
    "qty17": 1.401
  },
  {
    "yy": 1965,
    "mm": 12,
    "qty1": 0.009,
    "qty2": 0.0,
    "qty3": 0.0,
    "qty4": 0.0,
    "qty5": 0.0,
    "qty6": 0.009,
    "qty7": 4.118,
    "qty8": 4.05,
    "qty9": 0.0,
    "qty10": 0.0,
    "qty11": 0.0,
    "qty12": 0.0,
    "qty13": 0.0,
    "qty14": 0.0,
    "qty15": 0.0,
    "qty16": 0.068,
    "qty17": -4.109
  },
  {
    "yy": 1965,
    "mm": 13,
    "qty1": 4.16,
    "qty2": 4.16,
    "qty3": 0.0,
    "qty4": 0.0,
    "qty5": 4.16,
    "qty6": 0.0,
    "qty7": 0.0,
    "qty8": 0.0,
    "qty9": 0.0,
    "qty10": 0.0,
    "qty11": 0.0,
    "qty12": 0.0,
    "qty13": 0.0,
    "qty14": 0.0,
    "qty15": 0.0,
    "qty16": 0.0,
    "qty17": 4.16
  },
  {
    "yy": 1966,
    "mm": 12,
    "qty1": 1.503,
    "qty2": 0.0,
    "qty3": 0.0,
    "qty4": 0.0,
    "qty5": 0.0,
    "qty6": 1.503,
    "qty7": 8.483,
    "qty8": 8.424,
    "qty9": 0.0,
    "qty10": 0.0,
    "qty11": 0.0,
    "qty12": 0.0,
    "qty13": 0.0,
    "qty14": 0.0,
    "qty15": 0.0,
    "qty16": 0.059,
    "qty17": -6.98
  },
  {
    "yy": 1966,
    "mm": 13,
    "qty1": 6.801,
    "qty2": 6.801,
    "qty3": 0.0,
    "qty4": 0.0,
    "qty5": 6.801,
    "qty6": 0.0,
    "qty7": 0.0,
    "qty8": 0.0,
    "qty9": 0.0,
    "qty10": 0.0,
    "qty11": 0.0,
    "qty12": 0.0,
    "qty13": 0.0,
    "qty14": 0.0,
    "qty15": 0.0,
    "qty16": 0.0,
    "qty17": 6.801
  },
  {
    "yy": 1967,
    "mm": 12,
    "qty1": 3.379,
    "qty2": 0.0,
    "qty3": 0.0,
    "qty4": 0.0,
    "qty5": 0.0,
    "qty6": 3.379,
    "qty7": 16.069,
    "qty8": 15.984,
    "qty9": 0.0,
    "qty10": 0.0,
    "qty11": 0.0,
    "qty12": 0.0,
    "qty13": 0.0,
    "qty14": 0.0,
    "qty15": 0.0,
    "qty16": 0.085,
    "qty17": -12.69
  },
  {
    "yy": 1967,
    "mm": 13,
    "qty1": 12.201,
    "qty2": 12.201,
    "qty3": 0.0,
    "qty4": 0.0,
    "qty5": 12.201,
    "qty6": 0.0,
    "qty7": 0.0,
    "qty8": 0.0,
    "qty9": 0.0,
    "qty10": 0.0,
    "qty11": 0.0,
    "qty12": 0.0,
    "qty13": 0.0,
    "qty14": 0.0,
    "qty15": 0.0,
    "qty16": 0.0,
    "qty17": 12.201
  },
  {
    "yy": 1968,
    "mm": 12,
    "qty1": 6.105,
    "qty2": 0.0,
    "qty3": 0.0,
    "qty4": 0.0,
    "qty5": 0.0,
    "qty6": 6.105,
    "qty7": 29.961,
    "qty8": 29.808,
    "qty9": 0.0,
    "qty10": 0.0,
    "qty11": 0.0,
    "qty12": 0.0,
    "qty13": 0.0,
    "qty14": 0.0,
    "qty15": 0.0,
    "qty16": 0.153,
    "qty17": -23.856
  },
  {
    "yy": 1968,
    "mm": 13,
    "qty1": 22.899,
    "qty2": 22.899,
    "qty3": 0.0,
    "qty4": 0.0,
    "qty5": 22.899,
    "qty6": 0.0,
    "qty7": 0.0,
    "qty8": 0.0,
    "qty9": 0.0,
    "qty10": 0.0,
    "qty11": 0.0,
    "qty12": 0.0,
    "qty13": 0.0,
    "qty14": 0.0,
    "qty15": 0.0,
    "qty16": 0.0,
    "qty17": 22.899
  },
  {
    "yy": 1969,
    "mm": 12,
    "qty1": 4.016,
    "qty2": 0.0,
    "qty3": 0.0,
    "qty4": 0.0,
    "qty5": 0.0,
    "qty6": 4.016,
    "qty7": 37.418,
    "qty8": 37.044,
    "qty9": 0.0,
    "qty10": 0.0,
    "qty11": 0.0,
    "qty12": 0.0,
    "qty13": 0.0,
    "qty14": 0.0,
    "qty15": 0.0,
    "qty16": 0.374,
    "qty17": -33.402
  },
  {
    "yy": 1969,
    "mm": 13,
    "qty1": 33.189,
    "qty2": 33.189,
    "qty3": 0.0,
    "qty4": 0.0,
    "qty5": 33.189,
    "qty6": 0.0,
    "qty7": 0.0,
    "qty8": 0.0,
    "qty9": 0.0,
    "qty10": 0.0,
    "qty11": 0.0,
    "qty12": 0.0,
    "qty13": 0.0,
    "qty14": 0.0,
    "qty15": 0.0,
    "qty16": 0.0,
    "qty17": 33.189
  },
  {
    "yy": 1970,
    "mm": 12,
    "qty1": 0.159,
    "qty2": 0.0,
    "qty3": 0.0,
    "qty4": 0.0,
    "qty5": 0.0,
    "qty6": 0.159,
    "qty7": 41.826,
    "qty8": 40.23,
    "qty9": 0.0,
    "qty10": 0.0,
    "qty11": 0.0,
    "qty12": 0.0,
    "qty13": 0.0,
    "qty14": 0.0,
    "qty15": 0.0,
    "qty16": 1.596,
    "qty17": -41.667
  },
  {
    "yy": 1970,
    "mm": 13,
    "qty1": 41.661,
    "qty2": 41.661,
    "qty3": 0.0,
    "qty4": 0.0,
    "qty5": 41.661,
    "qty6": 0.0,
    "qty7": 0.0,
    "qty8": 0.0,
    "qty9": 0.0,
    "qty10": 0.0,
    "qty11": 0.0,
    "qty12": 0.0,
    "qty13": 0.0,
    "qty14": 0.0,
    "qty15": 0.0,
    "qty16": 0.0,
    "qty17": 41.661
  },
  {
    "yy": 1971,
    "mm": 12,
    "qty1": 0.001,
    "qty2": 0.0,
    "qty3": 0.0,
    "qty4": 0.0,
    "qty5": 0.0,
    "qty6": 0.001,
    "qty7": 49.146,
    "qty8": 44.172,
    "qty9": 0.0,
    "qty10": 0.0,
    "qty11": 0.0,
    "qty12": 0.0,
    "qty13": 0.0,
    "qty14": 0.0,
    "qty15": 0.0,
    "qty16": 4.974,
    "qty17": -49.145
  },
  {
    "yy": 1971,
    "mm": 13,
    "qty1": 49.666,
    "qty2": 49.666,
    "qty3": 0.0,
    "qty4": 0.0,
    "qty5": 49.666,
    "qty6": 0.0,
    "qty7": 0.0,
    "qty8": 0.0,
    "qty9": 0.0,
    "qty10": 0.0,
    "qty11": 0.0,
    "qty12": 0.0,
    "qty13": 0.0,
    "qty14": 0.0,
    "qty15": 0.0,
    "qty16": 0.0,
    "qty17": 49.666
  },
  {
    "yy": 1972,
    "mm": 12,
    "qty1": 0.001,
    "qty2": 0.0,
 ... (set the log level to DEBUG or TRACE to see the full content) 
 </msg>
<msg timestamp="20201230 21:13:31.001" level="INFO">${response} = &lt;Response [200]&gt;</msg>
<status status="PASS" starttime="20201230 21:13:27.209" endtime="20201230 21:13:31.001"></status>
</kw>
<kw name="Log To Console" library="BuiltIn">
<doc>Logs the given message to the console.</doc>
<arguments>
<arg>${response.status_code}</arg>
</arguments>
<status status="PASS" starttime="20201230 21:13:31.002" endtime="20201230 21:13:31.004"></status>
</kw>
<kw name="Convert To String" library="BuiltIn">
<doc>Converts the given item to a Unicode string.</doc>
<arguments>
<arg>${response.status_code}</arg>
</arguments>
<assign>
<var>${status_code}</var>
</assign>
<msg timestamp="20201230 21:13:31.008" level="INFO">${status_code} = 200</msg>
<status status="PASS" starttime="20201230 21:13:31.007" endtime="20201230 21:13:31.008"></status>
</kw>
<kw name="Should Be Equal" library="BuiltIn">
<doc>Fails if the given objects are unequal.</doc>
<arguments>
<arg>${status_code}</arg>
<arg>200</arg>
</arguments>
<status status="PASS" starttime="20201230 21:13:31.009" endtime="20201230 21:13:31.010"></status>
</kw>
<kw name="Convert To String" library="BuiltIn">
<doc>Converts the given item to a Unicode string.</doc>
<arguments>
<arg>${response.content}</arg>
</arguments>
<assign>
<var>${response_body}</var>
</assign>
<msg timestamp="20201230 21:13:31.017" level="INFO">${response_body} = &lt;?xml version="1.0" encoding="utf-8"?&gt;&lt;soap:Envelope xmlns:soap="http://schemas.xmlsoap.org/soap/envelope/" xmlns:xsi="http://www.w3.org/2001/XMLSchema-instance" xmlns:xsd="http://www.w3.org/2001/XMLS...</msg>
<status status="PASS" starttime="20201230 21:13:31.011" endtime="20201230 21:13:31.017"></status>
</kw>
<kw name="Parse Xml" library="XML">
<doc>Parses the given XML file or string into an element structure.</doc>
<arguments>
<arg>${response_body}</arg>
</arguments>
<assign>
<var>${xml_data}</var>
</assign>
<msg timestamp="20201230 21:13:31.028" level="INFO">${xml_data} = &lt;Element 'Envelope' at 0x000001AB9540D548&gt;</msg>
<status status="PASS" starttime="20201230 21:13:31.019" endtime="20201230 21:13:31.029"></status>
</kw>
<kw name="Get Child Elements" library="XML">
<doc>Returns the child elements of the specified element as a list.</doc>
<arguments>
<arg>${xml_data}</arg>
</arguments>
<assign>
<var>${child_elements}</var>
</assign>
<msg timestamp="20201230 21:13:31.031" level="INFO">${child_elements} = [&lt;Element 'Body' at 0x000001AB9540D5E8&gt;]</msg>
<status status="PASS" starttime="20201230 21:13:31.030" endtime="20201230 21:13:31.031"></status>
</kw>
<kw name="Get Element Text" library="XML">
<doc>Returns all text of the element, possibly whitespace normalized.</doc>
<arguments>
<arg>${child_elements[0]}</arg>
</arguments>
<assign>
<var>${child_data}</var>
</assign>
<msg timestamp="20201230 21:13:31.034" level="INFO">${child_data} = [
  {
    "yy": 1954,
    "mm": 12,
    "qty1": 0.017,
    "qty2": 0.0,
    "qty3": 0.0,
    "qty4": 0.0,
    "qty5": 0.0,
    "qty6": 0.017,
    "qty7": 0.017,
    "qty8": 0.017,
    "qty9": 0.0,
   ...</msg>
<status status="PASS" starttime="20201230 21:13:31.031" endtime="20201230 21:13:31.034"></status>
</kw>
<kw name="Convert String to JSON" library="JSONLibrary">
<doc>Convert String to JSON object</doc>
<arguments>
<arg>${child_data}</arg>
</arguments>
<assign>
<var>${data}</var>
</assign>
<msg timestamp="20201230 21:13:31.050" level="INFO">${data} = [{'yy': 1954, 'mm': 12, 'qty1': 0.017, 'qty2': 0.0, 'qty3': 0.0, 'qty4': 0.0, 'qty5': 0.0, 'qty6': 0.017, 'qty7': 0.017, 'qty8': 0.017, 'qty9': 0.0, 'qty10': 0.0, 'qty11': 0.0, 'qty12': 0.0, 'qty13': ...</msg>
<status status="PASS" starttime="20201230 21:13:31.034" endtime="20201230 21:13:31.050"></status>
</kw>
<kw name="Get Length" library="BuiltIn">
<doc>Returns and logs the length of the given item as an integer.</doc>
<arguments>
<arg>${data}</arg>
</arguments>
<assign>
<var>${data_length}</var>
</assign>
<msg timestamp="20201230 21:13:31.052" level="INFO">Length is 494</msg>
<msg timestamp="20201230 21:13:31.052" level="INFO">${data_length} = 494</msg>
<status status="PASS" starttime="20201230 21:13:31.051" endtime="20201230 21:13:31.052"></status>
</kw>
<kw name="${single_data} IN RANGE [ 0 | ${data_length} ]" type="for">
<kw name="${single_data} = 0" type="foritem">
<kw name="Convert To String" library="BuiltIn">
<doc>Converts the given item to a Unicode string.</doc>
<arguments>
<arg>${data[${single_data}]['yy']}</arg>
</arguments>
<assign>
<var>${yy}</var>
</assign>
<msg timestamp="20201230 21:13:31.054" level="INFO">${yy} = 1954</msg>
<status status="PASS" starttime="20201230 21:13:31.053" endtime="20201230 21:13:31.054"></status>
</kw>
<kw name="Convert To String" library="BuiltIn">
<doc>Converts the given item to a Unicode string.</doc>
<arguments>
<arg>${data[${single_data}]['mm']}</arg>
</arguments>
<assign>
<var>${mm}</var>
</assign>
<msg timestamp="20201230 21:13:31.055" level="INFO">${mm} = 12</msg>
<status status="PASS" starttime="20201230 21:13:31.054" endtime="20201230 21:13:31.055"></status>
</kw>
<kw name="Convert To String" library="BuiltIn">
<doc>Converts the given item to a Unicode string.</doc>
<arguments>
<arg>${data[${single_data}]['qty1']}</arg>
</arguments>
<assign>
<var>${qty1}</var>
</assign>
<msg timestamp="20201230 21:13:31.056" level="INFO">${qty1} = 0.017</msg>
<status status="PASS" starttime="20201230 21:13:31.055" endtime="20201230 21:13:31.056"></status>
</kw>
<kw name="Convert To String" library="BuiltIn">
<doc>Converts the given item to a Unicode string.</doc>
<arguments>
<arg>${data[${single_data}]['qty2']}</arg>
</arguments>
<assign>
<var>${qty2}</var>
</assign>
<msg timestamp="20201230 21:13:31.057" level="INFO">${qty2} = 0.0</msg>
<status status="PASS" starttime="20201230 21:13:31.056" endtime="20201230 21:13:31.057"></status>
</kw>
<kw name="Convert To String" library="BuiltIn">
<doc>Converts the given item to a Unicode string.</doc>
<arguments>
<arg>${data[${single_data}]['qty3']}</arg>
</arguments>
<assign>
<var>${qty3}</var>
</assign>
<msg timestamp="20201230 21:13:31.058" level="INFO">${qty3} = 0.0</msg>
<status status="PASS" starttime="20201230 21:13:31.057" endtime="20201230 21:13:31.058"></status>
</kw>
<kw name="Convert To String" library="BuiltIn">
<doc>Converts the given item to a Unicode string.</doc>
<arguments>
<arg>${data[${single_data}]['qty4']}</arg>
</arguments>
<assign>
<var>${qty4}</var>
</assign>
<msg timestamp="20201230 21:13:31.058" level="INFO">${qty4} = 0.0</msg>
<status status="PASS" starttime="20201230 21:13:31.058" endtime="20201230 21:13:31.058"></status>
</kw>
<kw name="Convert To String" library="BuiltIn">
<doc>Converts the given item to a Unicode string.</doc>
<arguments>
<arg>${data[${single_data}]['qty5']}</arg>
</arguments>
<assign>
<var>${qty5}</var>
</assign>
<msg timestamp="20201230 21:13:31.059" level="INFO">${qty5} = 0.0</msg>
<status status="PASS" starttime="20201230 21:13:31.059" endtime="20201230 21:13:31.059"></status>
</kw>
<kw name="Convert To String" library="BuiltIn">
<doc>Converts the given item to a Unicode string.</doc>
<arguments>
<arg>${data[${single_data}]['qty6']}</arg>
</arguments>
<assign>
<var>${qty6}</var>
</assign>
<msg timestamp="20201230 21:13:31.060" level="INFO">${qty6} = 0.017</msg>
<status status="PASS" starttime="20201230 21:13:31.060" endtime="20201230 21:13:31.060"></status>
</kw>
<kw name="Convert To String" library="BuiltIn">
<doc>Converts the given item to a Unicode string.</doc>
<arguments>
<arg>${data[${single_data}]['qty7']}</arg>
</arguments>
<assign>
<var>${qty7}</var>
</assign>
<msg timestamp="20201230 21:13:31.061" level="INFO">${qty7} = 0.017</msg>
<status status="PASS" starttime="20201230 21:13:31.061" endtime="20201230 21:13:31.061"></status>
</kw>
<kw name="Convert To String" library="BuiltIn">
<doc>Converts the given item to a Unicode string.</doc>
<arguments>
<arg>${data[${single_data}]['qty8']}</arg>
</arguments>
<assign>
<var>${qty8}</var>
</assign>
<msg timestamp="20201230 21:13:31.062" level="INFO">${qty8} = 0.017</msg>
<status status="PASS" starttime="20201230 21:13:31.061" endtime="20201230 21:13:31.062"></status>
</kw>
<kw name="Convert To String" library="BuiltIn">
<doc>Converts the given item to a Unicode string.</doc>
<arguments>
<arg>${data[${single_data}]['qty9']}</arg>
</arguments>
<assign>
<var>${qty9}</var>
</assign>
<msg timestamp="20201230 21:13:31.063" level="INFO">${qty9} = 0.0</msg>
<status status="PASS" starttime="20201230 21:13:31.063" endtime="20201230 21:13:31.063"></status>
</kw>
<kw name="Convert To String" library="BuiltIn">
<doc>Converts the given item to a Unicode string.</doc>
<arguments>
<arg>${data[${single_data}]['qty10']}</arg>
</arguments>
<assign>
<var>${qty10}</var>
</assign>
<msg timestamp="20201230 21:13:31.064" level="INFO">${qty10} = 0.0</msg>
<status status="PASS" starttime="20201230 21:13:31.064" endtime="20201230 21:13:31.064"></status>
</kw>
<kw name="Convert To String" library="BuiltIn">
<doc>Converts the given item to a Unicode string.</doc>
<arguments>
<arg>${data[${single_data}]['qty11']}</arg>
</arguments>
<assign>
<var>${qty11}</var>
</assign>
<msg timestamp="20201230 21:13:31.065" level="INFO">${qty11} = 0.0</msg>
<status status="PASS" starttime="20201230 21:13:31.065" endtime="20201230 21:13:31.065"></status>
</kw>
<kw name="Convert To String" library="BuiltIn">
<doc>Converts the given item to a Unicode string.</doc>
<arguments>
<arg>${data[${single_data}]['qty12']}</arg>
</arguments>
<assign>
<var>${qty12}</var>
</assign>
<msg timestamp="20201230 21:13:31.066" level="INFO">${qty12} = 0.0</msg>
<status status="PASS" starttime="20201230 21:13:31.065" endtime="20201230 21:13:31.066"></status>
</kw>
<kw name="Convert To String" library="BuiltIn">
<doc>Converts the given item to a Unicode string.</doc>
<arguments>
<arg>${data[${single_data}]['qty13']}</arg>
</arguments>
<assign>
<var>${qty13}</var>
</assign>
<msg timestamp="20201230 21:13:31.067" level="INFO">${qty13} = 0.0</msg>
<status status="PASS" starttime="20201230 21:13:31.066" endtime="20201230 21:13:31.067"></status>
</kw>
<kw name="Convert To String" library="BuiltIn">
<doc>Converts the given item to a Unicode string.</doc>
<arguments>
<arg>${data[${single_data}]['qty14']}</arg>
</arguments>
<assign>
<var>${qty14}</var>
</assign>
<msg timestamp="20201230 21:13:31.068" level="INFO">${qty14} = 0.0</msg>
<status status="PASS" starttime="20201230 21:13:31.067" endtime="20201230 21:13:31.068"></status>
</kw>
<kw name="Convert To String" library="BuiltIn">
<doc>Converts the given item to a Unicode string.</doc>
<arguments>
<arg>${data[${single_data}]['qty15']}</arg>
</arguments>
<assign>
<var>${qty15}</var>
</assign>
<msg timestamp="20201230 21:13:31.069" level="INFO">${qty15} = 0.0</msg>
<status status="PASS" starttime="20201230 21:13:31.068" endtime="20201230 21:13:31.069"></status>
</kw>
<kw name="Convert To String" library="BuiltIn">
<doc>Converts the given item to a Unicode string.</doc>
<arguments>
<arg>${data[${single_data}]['qty16']}</arg>
</arguments>
<assign>
<var>${qty16}</var>
</assign>
<msg timestamp="20201230 21:13:31.070" level="INFO">${qty16} = 0.0</msg>
<status status="PASS" starttime="20201230 21:13:31.069" endtime="20201230 21:13:31.070"></status>
</kw>
<kw name="Convert To String" library="BuiltIn">
<doc>Converts the given item to a Unicode string.</doc>
<arguments>
<arg>${data[${single_data}]['qty17']}</arg>
</arguments>
<assign>
<var>${qty17}</var>
</assign>
<msg timestamp="20201230 21:13:31.071" level="INFO">${qty17} = 0.0</msg>
<status status="PASS" starttime="20201230 21:13:31.070" endtime="20201230 21:13:31.071"></status>
</kw>
<kw name="Evaluate" library="BuiltIn">
<doc>Evaluates the given expression in Python and returns the result.</doc>
<arguments>
<arg>${single_data}+1</arg>
</arguments>
<assign>
<var>${round}</var>
</assign>
<msg timestamp="20201230 21:13:31.072" level="INFO">${round} = 1</msg>
<status status="PASS" starttime="20201230 21:13:31.071" endtime="20201230 21:13:31.072"></status>
</kw>
<kw name="Log To Console" library="BuiltIn">
<doc>Logs the given message to the console.</doc>
<arguments>
<arg>round=${round}</arg>
</arguments>
<status status="PASS" starttime="20201230 21:13:31.072" endtime="20201230 21:13:31.072"></status>
</kw>
<kw name="Log To Console" library="BuiltIn">
<doc>Logs the given message to the console.</doc>
<arguments>
<arg>yy=${yy}</arg>
</arguments>
<status status="PASS" starttime="20201230 21:13:31.073" endtime="20201230 21:13:31.073"></status>
</kw>
<kw name="Log To Console" library="BuiltIn">
<doc>Logs the given message to the console.</doc>
<arguments>
<arg>mm=${mm}</arg>
</arguments>
<status status="PASS" starttime="20201230 21:13:31.073" endtime="20201230 21:13:31.074"></status>
</kw>
<kw name="Log To Console" library="BuiltIn">
<doc>Logs the given message to the console.</doc>
<arguments>
<arg>qty1=${qty1}</arg>
</arguments>
<status status="PASS" starttime="20201230 21:13:31.074" endtime="20201230 21:13:31.075"></status>
</kw>
<kw name="Log To Console" library="BuiltIn">
<doc>Logs the given message to the console.</doc>
<arguments>
<arg>qty2=${qty2}</arg>
</arguments>
<status status="PASS" starttime="20201230 21:13:31.075" endtime="20201230 21:13:31.076"></status>
</kw>
<kw name="Log To Console" library="BuiltIn">
<doc>Logs the given message to the console.</doc>
<arguments>
<arg>qty3=${qty3}</arg>
</arguments>
<status status="PASS" starttime="20201230 21:13:31.076" endtime="20201230 21:13:31.077"></status>
</kw>
<kw name="Log To Console" library="BuiltIn">
<doc>Logs the given message to the console.</doc>
<arguments>
<arg>qty4=${qty4}</arg>
</arguments>
<status status="PASS" starttime="20201230 21:13:31.077" endtime="20201230 21:13:31.077"></status>
</kw>
<kw name="Log To Console" library="BuiltIn">
<doc>Logs the given message to the console.</doc>
<arguments>
<arg>qty5=${qty5}</arg>
</arguments>
<status status="PASS" starttime="20201230 21:13:31.078" endtime="20201230 21:13:31.078"></status>
</kw>
<kw name="Log To Console" library="BuiltIn">
<doc>Logs the given message to the console.</doc>
<arguments>
<arg>qty6=${qty6}</arg>
</arguments>
<status status="PASS" starttime="20201230 21:13:31.078" endtime="20201230 21:13:31.079"></status>
</kw>
<kw name="Log To Console" library="BuiltIn">
<doc>Logs the given message to the console.</doc>
<arguments>
<arg>qty7=${qty7}</arg>
</arguments>
<status status="PASS" starttime="20201230 21:13:31.079" endtime="20201230 21:13:31.080"></status>
</kw>
<kw name="Log To Console" library="BuiltIn">
<doc>Logs the given message to the console.</doc>
<arguments>
<arg>qty8=${qty8}</arg>
</arguments>
<status status="PASS" starttime="20201230 21:13:31.080" endtime="20201230 21:13:31.081"></status>
</kw>
<kw name="Log To Console" library="BuiltIn">
<doc>Logs the given message to the console.</doc>
<arguments>
<arg>qty9=${qty9}</arg>
</arguments>
<status status="PASS" starttime="20201230 21:13:31.081" endtime="20201230 21:13:31.081"></status>
</kw>
<kw name="Log To Console" library="BuiltIn">
<doc>Logs the given message to the console.</doc>
<arguments>
<arg>qty10=${qty10}</arg>
</arguments>
<status status="PASS" starttime="20201230 21:13:31.082" endtime="20201230 21:13:31.082"></status>
</kw>
<kw name="Log To Console" library="BuiltIn">
<doc>Logs the given message to the console.</doc>
<arguments>
<arg>qty11=${qty11}</arg>
</arguments>
<status status="PASS" starttime="20201230 21:13:31.082" endtime="20201230 21:13:31.084"></status>
</kw>
<kw name="Log To Console" library="BuiltIn">
<doc>Logs the given message to the console.</doc>
<arguments>
<arg>qty12=${qty12}</arg>
</arguments>
<status status="PASS" starttime="20201230 21:13:31.084" endtime="20201230 21:13:31.085"></status>
</kw>
<kw name="Log To Console" library="BuiltIn">
<doc>Logs the given message to the console.</doc>
<arguments>
<arg>qty13=${qty13}</arg>
</arguments>
<status status="PASS" starttime="20201230 21:13:31.085" endtime="20201230 21:13:31.086"></status>
</kw>
<kw name="Log To Console" library="BuiltIn">
<doc>Logs the given message to the console.</doc>
<arguments>
<arg>qty14=${qty14}</arg>
</arguments>
<status status="PASS" starttime="20201230 21:13:31.086" endtime="20201230 21:13:31.087"></status>
</kw>
<kw name="Log To Console" library="BuiltIn">
<doc>Logs the given message to the console.</doc>
<arguments>
<arg>qty15=${qty15}</arg>
</arguments>
<status status="PASS" starttime="20201230 21:13:31.087" endtime="20201230 21:13:31.087"></status>
</kw>
<kw name="Log To Console" library="BuiltIn">
<doc>Logs the given message to the console.</doc>
<arguments>
<arg>qty16=${qty16}</arg>
</arguments>
<status status="PASS" starttime="20201230 21:13:31.088" endtime="20201230 21:13:31.088"></status>
</kw>
<kw name="Log To Console" library="BuiltIn">
<doc>Logs the given message to the console.</doc>
<arguments>
<arg>qty17=${qty17}</arg>
</arguments>
<status status="PASS" starttime="20201230 21:13:31.088" endtime="20201230 21:13:31.089"></status>
</kw>
<kw name="Log To Console" library="BuiltIn">
<doc>Logs the given message to the console.</doc>
<arguments>
<arg>\n</arg>
</arguments>
<status status="PASS" starttime="20201230 21:13:31.089" endtime="20201230 21:13:31.090"></status>
</kw>
<status status="PASS" starttime="20201230 21:13:31.053" endtime="20201230 21:13:31.090"></status>
</kw>
<kw name="${single_data} = 1" type="foritem">
<kw name="Convert To String" library="BuiltIn">
<doc>Converts the given item to a Unicode string.</doc>
<arguments>
<arg>${data[${single_data}]['yy']}</arg>
</arguments>
<assign>
<var>${yy}</var>
</assign>
<msg timestamp="20201230 21:13:31.091" level="INFO">${yy} = 1955</msg>
<status status="PASS" starttime="20201230 21:13:31.090" endtime="20201230 21:13:31.092"></status>
</kw>
<kw name="Convert To String" library="BuiltIn">
<doc>Converts the given item to a Unicode string.</doc>
<arguments>
<arg>${data[${single_data}]['mm']}</arg>
</arguments>
<assign>
<var>${mm}</var>
</assign>
<msg timestamp="20201230 21:13:31.093" level="INFO">${mm} = 12</msg>
<status status="PASS" starttime="20201230 21:13:31.092" endtime="20201230 21:13:31.093"></status>
</kw>
<kw name="Convert To String" library="BuiltIn">
<doc>Converts the given item to a Unicode string.</doc>
<arguments>
<arg>${data[${single_data}]['qty1']}</arg>
</arguments>
<assign>
<var>${qty1}</var>
</assign>
<msg timestamp="20201230 21:13:31.094" level="INFO">${qty1} = 0.009</msg>
<status status="PASS" starttime="20201230 21:13:31.093" endtime="20201230 21:13:31.094"></status>
</kw>
<kw name="Convert To String" library="BuiltIn">
<doc>Converts the given item to a Unicode string.</doc>
<arguments>
<arg>${data[${single_data}]['qty2']}</arg>
</arguments>
<assign>
<var>${qty2}</var>
</assign>
<msg timestamp="20201230 21:13:31.095" level="INFO">${qty2} = 0.0</msg>
<status status="PASS" starttime="20201230 21:13:31.094" endtime="20201230 21:13:31.095"></status>
</kw>
<kw name="Convert To String" library="BuiltIn">
<doc>Converts the given item to a Unicode string.</doc>
<arguments>
<arg>${data[${single_data}]['qty3']}</arg>
</arguments>
<assign>
<var>${qty3}</var>
</assign>
<msg timestamp="20201230 21:13:31.096" level="INFO">${qty3} = 0.0</msg>
<status status="PASS" starttime="20201230 21:13:31.095" endtime="20201230 21:13:31.096"></status>
</kw>
<kw name="Convert To String" library="BuiltIn">
<doc>Converts the given item to a Unicode string.</doc>
<arguments>
<arg>${data[${single_data}]['qty4']}</arg>
</arguments>
<assign>
<var>${qty4}</var>
</assign>
<msg timestamp="20201230 21:13:31.097" level="INFO">${qty4} = 0.0</msg>
<status status="PASS" starttime="20201230 21:13:31.096" endtime="20201230 21:13:31.097"></status>
</kw>
<kw name="Convert To String" library="BuiltIn">
<doc>Converts the given item to a Unicode string.</doc>
<arguments>
<arg>${data[${single_data}]['qty5']}</arg>
</arguments>
<assign>
<var>${qty5}</var>
</assign>
<msg timestamp="20201230 21:13:31.098" level="INFO">${qty5} = 0.0</msg>
<status status="PASS" starttime="20201230 21:13:31.098" endtime="20201230 21:13:31.098"></status>
</kw>
<kw name="Convert To String" library="BuiltIn">
<doc>Converts the given item to a Unicode string.</doc>
<arguments>
<arg>${data[${single_data}]['qty6']}</arg>
</arguments>
<assign>
<var>${qty6}</var>
</assign>
<msg timestamp="20201230 21:13:31.099" level="INFO">${qty6} = 0.009</msg>
<status status="PASS" starttime="20201230 21:13:31.098" endtime="20201230 21:13:31.099"></status>
</kw>
<kw name="Convert To String" library="BuiltIn">
<doc>Converts the given item to a Unicode string.</doc>
<arguments>
<arg>${data[${single_data}]['qty7']}</arg>
</arguments>
<assign>
<var>${qty7}</var>
</assign>
<msg timestamp="20201230 21:13:31.100" level="INFO">${qty7} = 0.009</msg>
<status status="PASS" starttime="20201230 21:13:31.100" endtime="20201230 21:13:31.100"></status>
</kw>
<kw name="Convert To String" library="BuiltIn">
<doc>Converts the given item to a Unicode string.</doc>
<arguments>
<arg>${data[${single_data}]['qty8']}</arg>
</arguments>
<assign>
<var>${qty8}</var>
</assign>
<msg timestamp="20201230 21:13:31.101" level="INFO">${qty8} = 0.009</msg>
<status status="PASS" starttime="20201230 21:13:31.100" endtime="20201230 21:13:31.101"></status>
</kw>
<kw name="Convert To String" library="BuiltIn">
<doc>Converts the given item to a Unicode string.</doc>
<arguments>
<arg>${data[${single_data}]['qty9']}</arg>
</arguments>
<assign>
<var>${qty9}</var>
</assign>
<msg timestamp="20201230 21:13:31.102" level="INFO">${qty9} = 0.0</msg>
<status status="PASS" starttime="20201230 21:13:31.101" endtime="20201230 21:13:31.102"></status>
</kw>
<kw name="Convert To String" library="BuiltIn">
<doc>Converts the given item to a Unicode string.</doc>
<arguments>
<arg>${data[${single_data}]['qty10']}</arg>
</arguments>
<assign>
<var>${qty10}</var>
</assign>
<msg timestamp="20201230 21:13:31.103" level="INFO">${qty10} = 0.0</msg>
<status status="PASS" starttime="20201230 21:13:31.102" endtime="20201230 21:13:31.103"></status>
</kw>
<kw name="Convert To String" library="BuiltIn">
<doc>Converts the given item to a Unicode string.</doc>
<arguments>
<arg>${data[${single_data}]['qty11']}</arg>
</arguments>
<assign>
<var>${qty11}</var>
</assign>
<msg timestamp="20201230 21:13:31.104" level="INFO">${qty11} = 0.0</msg>
<status status="PASS" starttime="20201230 21:13:31.103" endtime="20201230 21:13:31.104"></status>
</kw>
<kw name="Convert To String" library="BuiltIn">
<doc>Converts the given item to a Unicode string.</doc>
<arguments>
<arg>${data[${single_data}]['qty12']}</arg>
</arguments>
<assign>
<var>${qty12}</var>
</assign>
<msg timestamp="20201230 21:13:31.104" level="INFO">${qty12} = 0.0</msg>
<status status="PASS" starttime="20201230 21:13:31.104" endtime="20201230 21:13:31.105"></status>
</kw>
<kw name="Convert To String" library="BuiltIn">
<doc>Converts the given item to a Unicode string.</doc>
<arguments>
<arg>${data[${single_data}]['qty13']}</arg>
</arguments>
<assign>
<var>${qty13}</var>
</assign>
<msg timestamp="20201230 21:13:31.105" level="INFO">${qty13} = 0.0</msg>
<status status="PASS" starttime="20201230 21:13:31.105" endtime="20201230 21:13:31.105"></status>
</kw>
<kw name="Convert To String" library="BuiltIn">
<doc>Converts the given item to a Unicode string.</doc>
<arguments>
<arg>${data[${single_data}]['qty14']}</arg>
</arguments>
<assign>
<var>${qty14}</var>
</assign>
<msg timestamp="20201230 21:13:31.106" level="INFO">${qty14} = 0.0</msg>
<status status="PASS" starttime="20201230 21:13:31.106" endtime="20201230 21:13:31.106"></status>
</kw>
<kw name="Convert To String" library="BuiltIn">
<doc>Converts the given item to a Unicode string.</doc>
<arguments>
<arg>${data[${single_data}]['qty15']}</arg>
</arguments>
<assign>
<var>${qty15}</var>
</assign>
<msg timestamp="20201230 21:13:31.107" level="INFO">${qty15} = 0.0</msg>
<status status="PASS" starttime="20201230 21:13:31.106" endtime="20201230 21:13:31.107"></status>
</kw>
<kw name="Convert To String" library="BuiltIn">
<doc>Converts the given item to a Unicode string.</doc>
<arguments>
<arg>${data[${single_data}]['qty16']}</arg>
</arguments>
<assign>
<var>${qty16}</var>
</assign>
<msg timestamp="20201230 21:13:31.108" level="INFO">${qty16} = 0.0</msg>
<status status="PASS" starttime="20201230 21:13:31.108" endtime="20201230 21:13:31.108"></status>
</kw>
<kw name="Convert To String" library="BuiltIn">
<doc>Converts the given item to a Unicode string.</doc>
<arguments>
<arg>${data[${single_data}]['qty17']}</arg>
</arguments>
<assign>
<var>${qty17}</var>
</assign>
<msg timestamp="20201230 21:13:31.109" level="INFO">${qty17} = 0.0</msg>
<status status="PASS" starttime="20201230 21:13:31.108" endtime="20201230 21:13:31.109"></status>
</kw>
<kw name="Evaluate" library="BuiltIn">
<doc>Evaluates the given expression in Python and returns the result.</doc>
<arguments>
<arg>${single_data}+1</arg>
</arguments>
<assign>
<var>${round}</var>
</assign>
<msg timestamp="20201230 21:13:31.110" level="INFO">${round} = 2</msg>
<status status="PASS" starttime="20201230 21:13:31.109" endtime="20201230 21:13:31.110"></status>
</kw>
<kw name="Log To Console" library="BuiltIn">
<doc>Logs the given message to the console.</doc>
<arguments>
<arg>round=${round}</arg>
</arguments>
<status status="PASS" starttime="20201230 21:13:31.110" endtime="20201230 21:13:31.111"></status>
</kw>
<kw name="Log To Console" library="BuiltIn">
<doc>Logs the given message to the console.</doc>
<arguments>
<arg>yy=${yy}</arg>
</arguments>
<status status="PASS" starttime="20201230 21:13:31.111" endtime="20201230 21:13:31.112"></status>
</kw>
<kw name="Log To Console" library="BuiltIn">
<doc>Logs the given message to the console.</doc>
<arguments>
<arg>mm=${mm}</arg>
</arguments>
<status status="PASS" starttime="20201230 21:13:31.112" endtime="20201230 21:13:31.113"></status>
</kw>
<kw name="Log To Console" library="BuiltIn">
<doc>Logs the given message to the console.</doc>
<arguments>
<arg>qty1=${qty1}</arg>
</arguments>
<status status="PASS" starttime="20201230 21:13:31.113" endtime="20201230 21:13:31.114"></status>
</kw>
<kw name="Log To Console" library="BuiltIn">
<doc>Logs the given message to the console.</doc>
<arguments>
<arg>qty2=${qty2}</arg>
</arguments>
<status status="PASS" starttime="20201230 21:13:31.114" endtime="20201230 21:13:31.115"></status>
</kw>
<kw name="Log To Console" library="BuiltIn">
<doc>Logs the given message to the console.</doc>
<arguments>
<arg>qty3=${qty3}</arg>
</arguments>
<status status="PASS" starttime="20201230 21:13:31.115" endtime="20201230 21:13:31.116"></status>
</kw>
<kw name="Log To Console" library="BuiltIn">
<doc>Logs the given message to the console.</doc>
<arguments>
<arg>qty4=${qty4}</arg>
</arguments>
<status status="PASS" starttime="20201230 21:13:31.116" endtime="20201230 21:13:31.117"></status>
</kw>
<kw name="Log To Console" library="BuiltIn">
<doc>Logs the given message to the console.</doc>
<arguments>
<arg>qty5=${qty5}</arg>
</arguments>
<status status="PASS" starttime="20201230 21:13:31.118" endtime="20201230 21:13:31.118"></status>
</kw>
<kw name="Log To Console" library="BuiltIn">
<doc>Logs the given message to the console.</doc>
<arguments>
<arg>qty6=${qty6}</arg>
</arguments>
<status status="PASS" starttime="20201230 21:13:31.119" endtime="20201230 21:13:31.120"></status>
</kw>
<kw name="Log To Console" library="BuiltIn">
<doc>Logs the given message to the console.</doc>
<arguments>
<arg>qty7=${qty7}</arg>
</arguments>
<status status="PASS" starttime="20201230 21:13:31.120" endtime="20201230 21:13:31.121"></status>
</kw>
<kw name="Log To Console" library="BuiltIn">
<doc>Logs the given message to the console.</doc>
<arguments>
<arg>qty8=${qty8}</arg>
</arguments>
<status status="PASS" starttime="20201230 21:13:31.121" endtime="20201230 21:13:31.121"></status>
</kw>
<kw name="Log To Console" library="BuiltIn">
<doc>Logs the given message to the console.</doc>
<arguments>
<arg>qty9=${qty9}</arg>
</arguments>
<status status="PASS" starttime="20201230 21:13:31.122" endtime="20201230 21:13:31.122"></status>
</kw>
<kw name="Log To Console" library="BuiltIn">
<doc>Logs the given message to the console.</doc>
<arguments>
<arg>qty10=${qty10}</arg>
</arguments>
<status status="PASS" starttime="20201230 21:13:31.122" endtime="20201230 21:13:31.123"></status>
</kw>
<kw name="Log To Console" library="BuiltIn">
<doc>Logs the given message to the console.</doc>
<arguments>
<arg>qty11=${qty11}</arg>
</arguments>
<status status="PASS" starttime="20201230 21:13:31.123" endtime="20201230 21:13:31.124"></status>
</kw>
<kw name="Log To Console" library="BuiltIn">
<doc>Logs the given message to the console.</doc>
<arguments>
<arg>qty12=${qty12}</arg>
</arguments>
<status status="PASS" starttime="20201230 21:13:31.124" endtime="20201230 21:13:31.125"></status>
</kw>
<kw name="Log To Console" library="BuiltIn">
<doc>Logs the given message to the console.</doc>
<arguments>
<arg>qty13=${qty13}</arg>
</arguments>
<status status="PASS" starttime="20201230 21:13:31.125" endtime="20201230 21:13:31.126"></status>
</kw>
<kw name="Log To Console" library="BuiltIn">
<doc>Logs the given message to the console.</doc>
<arguments>
<arg>qty14=${qty14}</arg>
</arguments>
<status status="PASS" starttime="20201230 21:13:31.126" endtime="20201230 21:13:31.127"></status>
</kw>
<kw name="Log To Console" library="BuiltIn">
<doc>Logs the given message to the console.</doc>
<arguments>
<arg>qty15=${qty15}</arg>
</arguments>
<status status="PASS" starttime="20201230 21:13:31.127" endtime="20201230 21:13:31.128"></status>
</kw>
<kw name="Log To Console" library="BuiltIn">
<doc>Logs the given message to the console.</doc>
<arguments>
<arg>qty16=${qty16}</arg>
</arguments>
<status status="PASS" starttime="20201230 21:13:31.128" endtime="20201230 21:13:31.128"></status>
</kw>
<kw name="Log To Console" library="BuiltIn">
<doc>Logs the given message to the console.</doc>
<arguments>
<arg>qty17=${qty17}</arg>
</arguments>
<status status="PASS" starttime="20201230 21:13:31.128" endtime="20201230 21:13:31.129"></status>
</kw>
<kw name="Log To Console" library="BuiltIn">
<doc>Logs the given message to the console.</doc>
<arguments>
<arg>\n</arg>
</arguments>
<status status="PASS" starttime="20201230 21:13:31.129" endtime="20201230 21:13:31.130"></status>
</kw>
<status status="PASS" starttime="20201230 21:13:31.090" endtime="20201230 21:13:31.130"></status>
</kw>
<kw name="${single_data} = 2" type="foritem">
<kw name="Convert To String" library="BuiltIn">
<doc>Converts the given item to a Unicode string.</doc>
<arguments>
<arg>${data[${single_data}]['yy']}</arg>
</arguments>
<assign>
<var>${yy}</var>
</assign>
<msg timestamp="20201230 21:13:31.131" level="INFO">${yy} = 1956</msg>
<status status="PASS" starttime="20201230 21:13:31.130" endtime="20201230 21:13:31.131"></status>
</kw>
<kw name="Convert To String" library="BuiltIn">
<doc>Converts the given item to a Unicode string.</doc>
<arguments>
<arg>${data[${single_data}]['mm']}</arg>
</arguments>
<assign>
<var>${mm}</var>
</assign>
<msg timestamp="20201230 21:13:31.132" level="INFO">${mm} = 12</msg>
<status status="PASS" starttime="20201230 21:13:31.131" endtime="20201230 21:13:31.132"></status>
</kw>
<kw name="Convert To String" library="BuiltIn">
<doc>Converts the given item to a Unicode string.</doc>
<arguments>
<arg>${data[${single_data}]['qty1']}</arg>
</arguments>
<assign>
<var>${qty1}</var>
</assign>
<msg timestamp="20201230 21:13:31.133" level="INFO">${qty1} = 0.009</msg>
<status status="PASS" starttime="20201230 21:13:31.132" endtime="20201230 21:13:31.133"></status>
</kw>
<kw name="Convert To String" library="BuiltIn">
<doc>Converts the given item to a Unicode string.</doc>
<arguments>
<arg>${data[${single_data}]['qty2']}</arg>
</arguments>
<assign>
<var>${qty2}</var>
</assign>
<msg timestamp="20201230 21:13:31.134" level="INFO">${qty2} = 0.0</msg>
<status status="PASS" starttime="20201230 21:13:31.133" endtime="20201230 21:13:31.134"></status>
</kw>
<kw name="Convert To String" library="BuiltIn">
<doc>Converts the given item to a Unicode string.</doc>
<arguments>
<arg>${data[${single_data}]['qty3']}</arg>
</arguments>
<assign>
<var>${qty3}</var>
</assign>
<msg timestamp="20201230 21:13:31.135" level="INFO">${qty3} = 0.0</msg>
<status status="PASS" starttime="20201230 21:13:31.134" endtime="20201230 21:13:31.135"></status>
</kw>
<kw name="Convert To String" library="BuiltIn">
<doc>Converts the given item to a Unicode string.</doc>
<arguments>
<arg>${data[${single_data}]['qty4']}</arg>
</arguments>
<assign>
<var>${qty4}</var>
</assign>
<msg timestamp="20201230 21:13:31.135" level="INFO">${qty4} = 0.0</msg>
<status status="PASS" starttime="20201230 21:13:31.135" endtime="20201230 21:13:31.135"></status>
</kw>
<kw name="Convert To String" library="BuiltIn">
<doc>Converts the given item to a Unicode string.</doc>
<arguments>
<arg>${data[${single_data}]['qty5']}</arg>
</arguments>
<assign>
<var>${qty5}</var>
</assign>
<msg timestamp="20201230 21:13:31.136" level="INFO">${qty5} = 0.0</msg>
<status status="PASS" starttime="20201230 21:13:31.135" endtime="20201230 21:13:31.136"></status>
</kw>
<kw name="Convert To String" library="BuiltIn">
<doc>Converts the given item to a Unicode string.</doc>
<arguments>
<arg>${data[${single_data}]['qty6']}</arg>
</arguments>
<assign>
<var>${qty6}</var>
</assign>
<msg timestamp="20201230 21:13:31.137" level="INFO">${qty6} = 0.009</msg>
<status status="PASS" starttime="20201230 21:13:31.136" endtime="20201230 21:13:31.137"></status>
</kw>
<kw name="Convert To String" library="BuiltIn">
<doc>Converts the given item to a Unicode string.</doc>
<arguments>
<arg>${data[${single_data}]['qty7']}</arg>
</arguments>
<assign>
<var>${qty7}</var>
</assign>
<msg timestamp="20201230 21:13:31.138" level="INFO">${qty7} = 0.009</msg>
<status status="PASS" starttime="20201230 21:13:31.137" endtime="20201230 21:13:31.138"></status>
</kw>
<kw name="Convert To String" library="BuiltIn">
<doc>Converts the given item to a Unicode string.</doc>
<arguments>
<arg>${data[${single_data}]['qty8']}</arg>
</arguments>
<assign>
<var>${qty8}</var>
</assign>
<msg timestamp="20201230 21:13:31.139" level="INFO">${qty8} = 0.009</msg>
<status status="PASS" starttime="20201230 21:13:31.138" endtime="20201230 21:13:31.139"></status>
</kw>
<kw name="Convert To String" library="BuiltIn">
<doc>Converts the given item to a Unicode string.</doc>
<arguments>
<arg>${data[${single_data}]['qty9']}</arg>
</arguments>
<assign>
<var>${qty9}</var>
</assign>
<msg timestamp="20201230 21:13:31.140" level="INFO">${qty9} = 0.0</msg>
<status status="PASS" starttime="20201230 21:13:31.139" endtime="20201230 21:13:31.140"></status>
</kw>
<kw name="Convert To String" library="BuiltIn">
<doc>Converts the given item to a Unicode string.</doc>
<arguments>
<arg>${data[${single_data}]['qty10']}</arg>
</arguments>
<assign>
<var>${qty10}</var>
</assign>
<msg timestamp="20201230 21:13:31.141" level="INFO">${qty10} = 0.0</msg>
<status status="PASS" starttime="20201230 21:13:31.140" endtime="20201230 21:13:31.141"></status>
</kw>
<kw name="Convert To String" library="BuiltIn">
<doc>Converts the given item to a Unicode string.</doc>
<arguments>
<arg>${data[${single_data}]['qty11']}</arg>
</arguments>
<assign>
<var>${qty11}</var>
</assign>
<msg timestamp="20201230 21:13:31.142" level="INFO">${qty11} = 0.0</msg>
<status status="PASS" starttime="20201230 21:13:31.141" endtime="20201230 21:13:31.142"></status>
</kw>
<kw name="Convert To String" library="BuiltIn">
<doc>Converts the given item to a Unicode string.</doc>
<arguments>
<arg>${data[${single_data}]['qty12']}</arg>
</arguments>
<assign>
<var>${qty12}</var>
</assign>
<msg timestamp="20201230 21:13:31.143" level="INFO">${qty12} = 0.0</msg>
<status status="PASS" starttime="20201230 21:13:31.142" endtime="20201230 21:13:31.143"></status>
</kw>
<kw name="Convert To String" library="BuiltIn">
<doc>Converts the given item to a Unicode string.</doc>
<arguments>
<arg>${data[${single_data}]['qty13']}</arg>
</arguments>
<assign>
<var>${qty13}</var>
</assign>
<msg timestamp="20201230 21:13:31.143" level="INFO">${qty13} = 0.0</msg>
<status status="PASS" starttime="20201230 21:13:31.143" endtime="20201230 21:13:31.144"></status>
</kw>
<kw name="Convert To String" library="BuiltIn">
<doc>Converts the given item to a Unicode string.</doc>
<arguments>
<arg>${data[${single_data}]['qty14']}</arg>
</arguments>
<assign>
<var>${qty14}</var>
</assign>
<msg timestamp="20201230 21:13:31.144" level="INFO">${qty14} = 0.0</msg>
<status status="PASS" starttime="20201230 21:13:31.144" endtime="20201230 21:13:31.144"></status>
</kw>
<kw name="Convert To String" library="BuiltIn">
<doc>Converts the given item to a Unicode string.</doc>
<arguments>
<arg>${data[${single_data}]['qty15']}</arg>
</arguments>
<assign>
<var>${qty15}</var>
</assign>
<msg timestamp="20201230 21:13:31.145" level="INFO">${qty15} = 0.0</msg>
<status status="PASS" starttime="20201230 21:13:31.144" endtime="20201230 21:13:31.145"></status>
</kw>
<kw name="Convert To String" library="BuiltIn">
<doc>Converts the given item to a Unicode string.</doc>
<arguments>
<arg>${data[${single_data}]['qty16']}</arg>
</arguments>
<assign>
<var>${qty16}</var>
</assign>
<msg timestamp="20201230 21:13:31.146" level="INFO">${qty16} = 0.0</msg>
<status status="PASS" starttime="20201230 21:13:31.145" endtime="20201230 21:13:31.146"></status>
</kw>
<kw name="Convert To String" library="BuiltIn">
<doc>Converts the given item to a Unicode string.</doc>
<arguments>
<arg>${data[${single_data}]['qty17']}</arg>
</arguments>
<assign>
<var>${qty17}</var>
</assign>
<msg timestamp="20201230 21:13:31.147" level="INFO">${qty17} = 0.0</msg>
<status status="PASS" starttime="20201230 21:13:31.146" endtime="20201230 21:13:31.147"></status>
</kw>
<kw name="Evaluate" library="BuiltIn">
<doc>Evaluates the given expression in Python and returns the result.</doc>
<arguments>
<arg>${single_data}+1</arg>
</arguments>
<assign>
<var>${round}</var>
</assign>
<msg timestamp="20201230 21:13:31.147" level="INFO">${round} = 3</msg>
<status status="PASS" starttime="20201230 21:13:31.147" endtime="20201230 21:13:31.147"></status>
</kw>
<kw name="Log To Console" library="BuiltIn">
<doc>Logs the given message to the console.</doc>
<arguments>
<arg>round=${round}</arg>
</arguments>
<status status="PASS" starttime="20201230 21:13:31.147" endtime="20201230 21:13:31.148"></status>
</kw>
<kw name="Log To Console" library="BuiltIn">
<doc>Logs the given message to the console.</doc>
<arguments>
<arg>yy=${yy}</arg>
</arguments>
<status status="PASS" starttime="20201230 21:13:31.149" endtime="20201230 21:13:31.151"></status>
</kw>
<kw name="Log To Console" library="BuiltIn">
<doc>Logs the given message to the console.</doc>
<arguments>
<arg>mm=${mm}</arg>
</arguments>
<status status="PASS" starttime="20201230 21:13:31.151" endtime="20201230 21:13:31.152"></status>
</kw>
<kw name="Log To Console" library="BuiltIn">
<doc>Logs the given message to the console.</doc>
<arguments>
<arg>qty1=${qty1}</arg>
</arguments>
<status status="PASS" starttime="20201230 21:13:31.152" endtime="20201230 21:13:31.153"></status>
</kw>
<kw name="Log To Console" library="BuiltIn">
<doc>Logs the given message to the console.</doc>
<arguments>
<arg>qty2=${qty2}</arg>
</arguments>
<status status="PASS" starttime="20201230 21:13:31.153" endtime="20201230 21:13:31.154"></status>
</kw>
<kw name="Log To Console" library="BuiltIn">
<doc>Logs the given message to the console.</doc>
<arguments>
<arg>qty3=${qty3}</arg>
</arguments>
<status status="PASS" starttime="20201230 21:13:31.154" endtime="20201230 21:13:31.155"></status>
</kw>
<kw name="Log To Console" library="BuiltIn">
<doc>Logs the given message to the console.</doc>
<arguments>
<arg>qty4=${qty4}</arg>
</arguments>
<status status="PASS" starttime="20201230 21:13:31.155" endtime="20201230 21:13:31.156"></status>
</kw>
<kw name="Log To Console" library="BuiltIn">
<doc>Logs the given message to the console.</doc>
<arguments>
<arg>qty5=${qty5}</arg>
</arguments>
<status status="PASS" starttime="20201230 21:13:31.156" endtime="20201230 21:13:31.157"></status>
</kw>
<kw name="Log To Console" library="BuiltIn">
<doc>Logs the given message to the console.</doc>
<arguments>
<arg>qty6=${qty6}</arg>
</arguments>
<status status="PASS" starttime="20201230 21:13:31.157" endtime="20201230 21:13:31.157"></status>
</kw>
<kw name="Log To Console" library="BuiltIn">
<doc>Logs the given message to the console.</doc>
<arguments>
<arg>qty7=${qty7}</arg>
</arguments>
<status status="PASS" starttime="20201230 21:13:31.158" endtime="20201230 21:13:31.158"></status>
</kw>
<kw name="Log To Console" library="BuiltIn">
<doc>Logs the given message to the console.</doc>
<arguments>
<arg>qty8=${qty8}</arg>
</arguments>
<status status="PASS" starttime="20201230 21:13:31.159" endtime="20201230 21:13:31.159"></status>
</kw>
<kw name="Log To Console" library="BuiltIn">
<doc>Logs the given message to the console.</doc>
<arguments>
<arg>qty9=${qty9}</arg>
</arguments>
<status status="PASS" starttime="20201230 21:13:31.159" endtime="20201230 21:13:31.160"></status>
</kw>
<kw name="Log To Console" library="BuiltIn">
<doc>Logs the given message to the console.</doc>
<arguments>
<arg>qty10=${qty10}</arg>
</arguments>
<status status="PASS" starttime="20201230 21:13:31.160" endtime="20201230 21:13:31.161"></status>
</kw>
<kw name="Log To Console" library="BuiltIn">
<doc>Logs the given message to the console.</doc>
<arguments>
<arg>qty11=${qty11}</arg>
</arguments>
<status status="PASS" starttime="20201230 21:13:31.162" endtime="20201230 21:13:31.162"></status>
</kw>
<kw name="Log To Console" library="BuiltIn">
<doc>Logs the given message to the console.</doc>
<arguments>
<arg>qty12=${qty12}</arg>
</arguments>
<status status="PASS" starttime="20201230 21:13:31.162" endtime="20201230 21:13:31.164"></status>
</kw>
<kw name="Log To Console" library="BuiltIn">
<doc>Logs the given message to the console.</doc>
<arguments>
<arg>qty13=${qty13}</arg>
</arguments>
<status status="PASS" starttime="20201230 21:13:31.164" endtime="20201230 21:13:31.165"></status>
</kw>
<kw name="Log To Console" library="BuiltIn">
<doc>Logs the given message to the console.</doc>
<arguments>
<arg>qty14=${qty14}</arg>
</arguments>
<status status="PASS" starttime="20201230 21:13:31.165" endtime="20201230 21:13:31.166"></status>
</kw>
<kw name="Log To Console" library="BuiltIn">
<doc>Logs the given message to the console.</doc>
<arguments>
<arg>qty15=${qty15}</arg>
</arguments>
<status status="PASS" starttime="20201230 21:13:31.166" endtime="20201230 21:13:31.167"></status>
</kw>
<kw name="Log To Console" library="BuiltIn">
<doc>Logs the given message to the console.</doc>
<arguments>
<arg>qty16=${qty16}</arg>
</arguments>
<status status="PASS" starttime="20201230 21:13:31.167" endtime="20201230 21:13:31.167"></status>
</kw>
<kw name="Log To Console" library="BuiltIn">
<doc>Logs the given message to the console.</doc>
<arguments>
<arg>qty17=${qty17}</arg>
</arguments>
<status status="PASS" starttime="20201230 21:13:31.168" endtime="20201230 21:13:31.168"></status>
</kw>
<kw name="Log To Console" library="BuiltIn">
<doc>Logs the given message to the console.</doc>
<arguments>
<arg>\n</arg>
</arguments>
<status status="PASS" starttime="20201230 21:13:31.168" endtime="20201230 21:13:31.169"></status>
</kw>
<status status="PASS" starttime="20201230 21:13:31.130" endtime="20201230 21:13:31.169"></status>
</kw>
<kw name="${single_data} = 3" type="foritem">
<kw name="Convert To String" library="BuiltIn">
<doc>Converts the given item to a Unicode string.</doc>
<arguments>
<arg>${data[${single_data}]['yy']}</arg>
</arguments>
<assign>
<var>${yy}</var>
</assign>
<msg timestamp="20201230 21:13:31.170" level="INFO">${yy} = 1957</msg>
<status status="PASS" starttime="20201230 21:13:31.169" endtime="20201230 21:13:31.170"></status>
</kw>
<kw name="Convert To String" library="BuiltIn">
<doc>Converts the given item to a Unicode string.</doc>
<arguments>
<arg>${data[${single_data}]['mm']}</arg>
</arguments>
<assign>
<var>${mm}</var>
</assign>
<msg timestamp="20201230 21:13:31.170" level="INFO">${mm} = 12</msg>
<status status="PASS" starttime="20201230 21:13:31.170" endtime="20201230 21:13:31.171"></status>
</kw>
<kw name="Convert To String" library="BuiltIn">
<doc>Converts the given item to a Unicode string.</doc>
<arguments>
<arg>${data[${single_data}]['qty1']}</arg>
</arguments>
<assign>
<var>${qty1}</var>
</assign>
<msg timestamp="20201230 21:13:31.171" level="INFO">${qty1} = 0.025</msg>
<status status="PASS" starttime="20201230 21:13:31.171" endtime="20201230 21:13:31.171"></status>
</kw>
<kw name="Convert To String" library="BuiltIn">
<doc>Converts the given item to a Unicode string.</doc>
<arguments>
<arg>${data[${single_data}]['qty2']}</arg>
</arguments>
<assign>
<var>${qty2}</var>
</assign>
<msg timestamp="20201230 21:13:31.172" level="INFO">${qty2} = 0.0</msg>
<status status="PASS" starttime="20201230 21:13:31.171" endtime="20201230 21:13:31.172"></status>
</kw>
<kw name="Convert To String" library="BuiltIn">
<doc>Converts the given item to a Unicode string.</doc>
<arguments>
<arg>${data[${single_data}]['qty3']}</arg>
</arguments>
<assign>
<var>${qty3}</var>
</assign>
<msg timestamp="20201230 21:13:31.173" level="INFO">${qty3} = 0.0</msg>
<status status="PASS" starttime="20201230 21:13:31.172" endtime="20201230 21:13:31.173"></status>
</kw>
<kw name="Convert To String" library="BuiltIn">
<doc>Converts the given item to a Unicode string.</doc>
<arguments>
<arg>${data[${single_data}]['qty4']}</arg>
</arguments>
<assign>
<var>${qty4}</var>
</assign>
<msg timestamp="20201230 21:13:31.173" level="INFO">${qty4} = 0.0</msg>
<status status="PASS" starttime="20201230 21:13:31.173" endtime="20201230 21:13:31.173"></status>
</kw>
<kw name="Convert To String" library="BuiltIn">
<doc>Converts the given item to a Unicode string.</doc>
<arguments>
<arg>${data[${single_data}]['qty5']}</arg>
</arguments>
<assign>
<var>${qty5}</var>
</assign>
<msg timestamp="20201230 21:13:31.174" level="INFO">${qty5} = 0.0</msg>
<status status="PASS" starttime="20201230 21:13:31.173" endtime="20201230 21:13:31.174"></status>
</kw>
<kw name="Convert To String" library="BuiltIn">
<doc>Converts the given item to a Unicode string.</doc>
<arguments>
<arg>${data[${single_data}]['qty6']}</arg>
</arguments>
<assign>
<var>${qty6}</var>
</assign>
<msg timestamp="20201230 21:13:31.175" level="INFO">${qty6} = 0.025</msg>
<status status="PASS" starttime="20201230 21:13:31.174" endtime="20201230 21:13:31.175"></status>
</kw>
<kw name="Convert To String" library="BuiltIn">
<doc>Converts the given item to a Unicode string.</doc>
<arguments>
<arg>${data[${single_data}]['qty7']}</arg>
</arguments>
<assign>
<var>${qty7}</var>
</assign>
<msg timestamp="20201230 21:13:31.175" level="INFO">${qty7} = 0.026</msg>
<status status="PASS" starttime="20201230 21:13:31.175" endtime="20201230 21:13:31.175"></status>
</kw>
<kw name="Convert To String" library="BuiltIn">
<doc>Converts the given item to a Unicode string.</doc>
<arguments>
<arg>${data[${single_data}]['qty8']}</arg>
</arguments>
<assign>
<var>${qty8}</var>
</assign>
<msg timestamp="20201230 21:13:31.176" level="INFO">${qty8} = 0.017</msg>
<status status="PASS" starttime="20201230 21:13:31.175" endtime="20201230 21:13:31.176"></status>
</kw>
<kw name="Convert To String" library="BuiltIn">
<doc>Converts the given item to a Unicode string.</doc>
<arguments>
<arg>${data[${single_data}]['qty9']}</arg>
</arguments>
<assign>
<var>${qty9}</var>
</assign>
<msg timestamp="20201230 21:13:31.177" level="INFO">${qty9} = 0.0</msg>
<status status="PASS" starttime="20201230 21:13:31.176" endtime="20201230 21:13:31.177"></status>
</kw>
<kw name="Convert To String" library="BuiltIn">
<doc>Converts the given item to a Unicode string.</doc>
<arguments>
<arg>${data[${single_data}]['qty10']}</arg>
</arguments>
<assign>
<var>${qty10}</var>
</assign>
<msg timestamp="20201230 21:13:31.178" level="INFO">${qty10} = 0.0</msg>
<status status="PASS" starttime="20201230 21:13:31.177" endtime="20201230 21:13:31.178"></status>
</kw>
<kw name="Convert To String" library="BuiltIn">
<doc>Converts the given item to a Unicode string.</doc>
<arguments>
<arg>${data[${single_data}]['qty11']}</arg>
</arguments>
<assign>
<var>${qty11}</var>
</assign>
<msg timestamp="20201230 21:13:31.179" level="INFO">${qty11} = 0.0</msg>
<status status="PASS" starttime="20201230 21:13:31.178" endtime="20201230 21:13:31.179"></status>
</kw>
<kw name="Convert To String" library="BuiltIn">
<doc>Converts the given item to a Unicode string.</doc>
<arguments>
<arg>${data[${single_data}]['qty12']}</arg>
</arguments>
<assign>
<var>${qty12}</var>
</assign>
<msg timestamp="20201230 21:13:31.180" level="INFO">${qty12} = 0.0</msg>
<status status="PASS" starttime="20201230 21:13:31.179" endtime="20201230 21:13:31.180"></status>
</kw>
<kw name="Convert To String" library="BuiltIn">
<doc>Converts the given item to a Unicode string.</doc>
<arguments>
<arg>${data[${single_data}]['qty13']}</arg>
</arguments>
<assign>
<var>${qty13}</var>
</assign>
<msg timestamp="20201230 21:13:31.181" level="INFO">${qty13} = 0.0</msg>
<status status="PASS" starttime="20201230 21:13:31.181" endtime="20201230 21:13:31.182"></status>
</kw>
<kw name="Convert To String" library="BuiltIn">
<doc>Converts the given item to a Unicode string.</doc>
<arguments>
<arg>${data[${single_data}]['qty14']}</arg>
</arguments>
<assign>
<var>${qty14}</var>
</assign>
<msg timestamp="20201230 21:13:31.182" level="INFO">${qty14} = 0.0</msg>
<status status="PASS" starttime="20201230 21:13:31.182" endtime="20201230 21:13:31.183"></status>
</kw>
<kw name="Convert To String" library="BuiltIn">
<doc>Converts the given item to a Unicode string.</doc>
<arguments>
<arg>${data[${single_data}]['qty15']}</arg>
</arguments>
<assign>
<var>${qty15}</var>
</assign>
<msg timestamp="20201230 21:13:31.183" level="INFO">${qty15} = 0.0</msg>
<status status="PASS" starttime="20201230 21:13:31.183" endtime="20201230 21:13:31.183"></status>
</kw>
<kw name="Convert To String" library="BuiltIn">
<doc>Converts the given item to a Unicode string.</doc>
<arguments>
<arg>${data[${single_data}]['qty16']}</arg>
</arguments>
<assign>
<var>${qty16}</var>
</assign>
<msg timestamp="20201230 21:13:31.184" level="INFO">${qty16} = 0.009</msg>
<status status="PASS" starttime="20201230 21:13:31.184" endtime="20201230 21:13:31.184"></status>
</kw>
<kw name="Convert To String" library="BuiltIn">
<doc>Converts the given item to a Unicode string.</doc>
<arguments>
<arg>${data[${single_data}]['qty17']}</arg>
</arguments>
<assign>
<var>${qty17}</var>
</assign>
<msg timestamp="20201230 21:13:31.185" level="INFO">${qty17} = -0.001</msg>
<status status="PASS" starttime="20201230 21:13:31.184" endtime="20201230 21:13:31.185"></status>
</kw>
<kw name="Evaluate" library="BuiltIn">
<doc>Evaluates the given expression in Python and returns the result.</doc>
<arguments>
<arg>${single_data}+1</arg>
</arguments>
<assign>
<var>${round}</var>
</assign>
<msg timestamp="20201230 21:13:31.185" level="INFO">${round} = 4</msg>
<status status="PASS" starttime="20201230 21:13:31.185" endtime="20201230 21:13:31.185"></status>
</kw>
<kw name="Log To Console" library="BuiltIn">
<doc>Logs the given message to the console.</doc>
<arguments>
<arg>round=${round}</arg>
</arguments>
<status status="PASS" starttime="20201230 21:13:31.186" endtime="20201230 21:13:31.186"></status>
</kw>
<kw name="Log To Console" library="BuiltIn">
<doc>Logs the given message to the console.</doc>
<arguments>
<arg>yy=${yy}</arg>
</arguments>
<status status="PASS" starttime="20201230 21:13:31.186" endtime="20201230 21:13:31.187"></status>
</kw>
<kw name="Log To Console" library="BuiltIn">
<doc>Logs the given message to the console.</doc>
<arguments>
<arg>mm=${mm}</arg>
</arguments>
<status status="PASS" starttime="20201230 21:13:31.187" endtime="20201230 21:13:31.187"></status>
</kw>
<kw name="Log To Console" library="BuiltIn">
<doc>Logs the given message to the console.</doc>
<arguments>
<arg>qty1=${qty1}</arg>
</arguments>
<status status="PASS" starttime="20201230 21:13:31.188" endtime="20201230 21:13:31.188"></status>
</kw>
<kw name="Log To Console" library="BuiltIn">
<doc>Logs the given message to the console.</doc>
<arguments>
<arg>qty2=${qty2}</arg>
</arguments>
<status status="PASS" starttime="20201230 21:13:31.188" endtime="20201230 21:13:31.189"></status>
</kw>
<kw name="Log To Console" library="BuiltIn">
<doc>Logs the given message to the console.</doc>
<arguments>
<arg>qty3=${qty3}</arg>
</arguments>
<status status="PASS" starttime="20201230 21:13:31.189" endtime="20201230 21:13:31.189"></status>
</kw>
<kw name="Log To Console" library="BuiltIn">
<doc>Logs the given message to the console.</doc>
<arguments>
<arg>qty4=${qty4}</arg>
</arguments>
<status status="PASS" starttime="20201230 21:13:31.190" endtime="20201230 21:13:31.190"></status>
</kw>
<kw name="Log To Console" library="BuiltIn">
<doc>Logs the given message to the console.</doc>
<arguments>
<arg>qty5=${qty5}</arg>
</arguments>
<status status="PASS" starttime="20201230 21:13:31.190" endtime="20201230 21:13:31.191"></status>
</kw>
<kw name="Log To Console" library="BuiltIn">
<doc>Logs the given message to the console.</doc>
<arguments>
<arg>qty6=${qty6}</arg>
</arguments>
<status status="PASS" starttime="20201230 21:13:31.191" endtime="20201230 21:13:31.191"></status>
</kw>
<kw name="Log To Console" library="BuiltIn">
<doc>Logs the given message to the console.</doc>
<arguments>
<arg>qty7=${qty7}</arg>
</arguments>
<status status="PASS" starttime="20201230 21:13:31.192" endtime="20201230 21:13:31.192"></status>
</kw>
<kw name="Log To Console" library="BuiltIn">
<doc>Logs the given message to the console.</doc>
<arguments>
<arg>qty8=${qty8}</arg>
</arguments>
<status status="PASS" starttime="20201230 21:13:31.192" endtime="20201230 21:13:31.193"></status>
</kw>
<kw name="Log To Console" library="BuiltIn">
<doc>Logs the given message to the console.</doc>
<arguments>
<arg>qty9=${qty9}</arg>
</arguments>
<status status="PASS" starttime="20201230 21:13:31.193" endtime="20201230 21:13:31.194"></status>
</kw>
<kw name="Log To Console" library="BuiltIn">
<doc>Logs the given message to the console.</doc>
<arguments>
<arg>qty10=${qty10}</arg>
</arguments>
<status status="PASS" starttime="20201230 21:13:31.194" endtime="20201230 21:13:31.195"></status>
</kw>
<kw name="Log To Console" library="BuiltIn">
<doc>Logs the given message to the console.</doc>
<arguments>
<arg>qty11=${qty11}</arg>
</arguments>
<status status="PASS" starttime="20201230 21:13:31.196" endtime="20201230 21:13:31.196"></status>
</kw>
<kw name="Log To Console" library="BuiltIn">
<doc>Logs the given message to the console.</doc>
<arguments>
<arg>qty12=${qty12}</arg>
</arguments>
<status status="PASS" starttime="20201230 21:13:31.197" endtime="20201230 21:13:31.197"></status>
</kw>
<kw name="Log To Console" library="BuiltIn">
<doc>Logs the given message to the console.</doc>
<arguments>
<arg>qty13=${qty13}</arg>
</arguments>
<status status="PASS" starttime="20201230 21:13:31.198" endtime="20201230 21:13:31.198"></status>
</kw>
<kw name="Log To Console" library="BuiltIn">
<doc>Logs the given message to the console.</doc>
<arguments>
<arg>qty14=${qty14}</arg>
</arguments>
<status status="PASS" starttime="20201230 21:13:31.198" endtime="20201230 21:13:31.199"></status>
</kw>
<kw name="Log To Console" library="BuiltIn">
<doc>Logs the given message to the console.</doc>
<arguments>
<arg>qty15=${qty15}</arg>
</arguments>
<status status="PASS" starttime="20201230 21:13:31.199" endtime="20201230 21:13:31.199"></status>
</kw>
<kw name="Log To Console" library="BuiltIn">
<doc>Logs the given message to the console.</doc>
<arguments>
<arg>qty16=${qty16}</arg>
</arguments>
<status status="PASS" starttime="20201230 21:13:31.199" endtime="20201230 21:13:31.200"></status>
</kw>
<kw name="Log To Console" library="BuiltIn">
<doc>Logs the given message to the console.</doc>
<arguments>
<arg>qty17=${qty17}</arg>
</arguments>
<status status="PASS" starttime="20201230 21:13:31.200" endtime="20201230 21:13:31.201"></status>
</kw>
<kw name="Log To Console" library="BuiltIn">
<doc>Logs the given message to the console.</doc>
<arguments>
<arg>\n</arg>
</arguments>
<status status="PASS" starttime="20201230 21:13:31.201" endtime="20201230 21:13:31.201"></status>
</kw>
<status status="PASS" starttime="20201230 21:13:31.169" endtime="20201230 21:13:31.201"></status>
</kw>
<kw name="${single_data} = 4" type="foritem">
<kw name="Convert To String" library="BuiltIn">
<doc>Converts the given item to a Unicode string.</doc>
<arguments>
<arg>${data[${single_data}]['yy']}</arg>
</arguments>
<assign>
<var>${yy}</var>
</assign>
<msg timestamp="20201230 21:13:31.202" level="INFO">${yy} = 1958</msg>
<status status="PASS" starttime="20201230 21:13:31.202" endtime="20201230 21:13:31.202"></status>
</kw>
<kw name="Convert To String" library="BuiltIn">
<doc>Converts the given item to a Unicode string.</doc>
<arguments>
<arg>${data[${single_data}]['mm']}</arg>
</arguments>
<assign>
<var>${mm}</var>
</assign>
<msg timestamp="20201230 21:13:31.203" level="INFO">${mm} = 12</msg>
<status status="PASS" starttime="20201230 21:13:31.202" endtime="20201230 21:13:31.203"></status>
</kw>
<kw name="Convert To String" library="BuiltIn">
<doc>Converts the given item to a Unicode string.</doc>
<arguments>
<arg>${data[${single_data}]['qty1']}</arg>
</arguments>
<assign>
<var>${qty1}</var>
</assign>
<msg timestamp="20201230 21:13:31.203" level="INFO">${qty1} = 0.068</msg>
<status status="PASS" starttime="20201230 21:13:31.203" endtime="20201230 21:13:31.203"></status>
</kw>
<kw name="Convert To String" library="BuiltIn">
<doc>Converts the given item to a Unicode string.</doc>
<arguments>
<arg>${data[${single_data}]['qty2']}</arg>
</arguments>
<assign>
<var>${qty2}</var>
</assign>
<msg timestamp="20201230 21:13:31.204" level="INFO">${qty2} = 0.0</msg>
<status status="PASS" starttime="20201230 21:13:31.204" endtime="20201230 21:13:31.204"></status>
</kw>
<kw name="Convert To String" library="BuiltIn">
<doc>Converts the given item to a Unicode string.</doc>
<arguments>
<arg>${data[${single_data}]['qty3']}</arg>
</arguments>
<assign>
<var>${qty3}</var>
</assign>
<msg timestamp="20201230 21:13:31.205" level="INFO">${qty3} = 0.0</msg>
<status status="PASS" starttime="20201230 21:13:31.204" endtime="20201230 21:13:31.205"></status>
</kw>
<kw name="Convert To String" library="BuiltIn">
<doc>Converts the given item to a Unicode string.</doc>
<arguments>
<arg>${data[${single_data}]['qty4']}</arg>
</arguments>
<assign>
<var>${qty4}</var>
</assign>
<msg timestamp="20201230 21:13:31.205" level="INFO">${qty4} = 0.0</msg>
<status status="PASS" starttime="20201230 21:13:31.205" endtime="20201230 21:13:31.206"></status>
</kw>
<kw name="Convert To String" library="BuiltIn">
<doc>Converts the given item to a Unicode string.</doc>
<arguments>
<arg>${data[${single_data}]['qty5']}</arg>
</arguments>
<assign>
<var>${qty5}</var>
</assign>
<msg timestamp="20201230 21:13:31.206" level="INFO">${qty5} = 0.0</msg>
<status status="PASS" starttime="20201230 21:13:31.206" endtime="20201230 21:13:31.206"></status>
</kw>
<kw name="Convert To String" library="BuiltIn">
<doc>Converts the given item to a Unicode string.</doc>
<arguments>
<arg>${data[${single_data}]['qty6']}</arg>
</arguments>
<assign>
<var>${qty6}</var>
</assign>
<msg timestamp="20201230 21:13:31.207" level="INFO">${qty6} = 0.068</msg>
<status status="PASS" starttime="20201230 21:13:31.206" endtime="20201230 21:13:31.207"></status>
</kw>
<kw name="Convert To String" library="BuiltIn">
<doc>Converts the given item to a Unicode string.</doc>
<arguments>
<arg>${data[${single_data}]['qty7']}</arg>
</arguments>
<assign>
<var>${qty7}</var>
</assign>
<msg timestamp="20201230 21:13:31.208" level="INFO">${qty7} = 0.068</msg>
<status status="PASS" starttime="20201230 21:13:31.207" endtime="20201230 21:13:31.208"></status>
</kw>
<kw name="Convert To String" library="BuiltIn">
<doc>Converts the given item to a Unicode string.</doc>
<arguments>
<arg>${data[${single_data}]['qty8']}</arg>
</arguments>
<assign>
<var>${qty8}</var>
</assign>
<msg timestamp="20201230 21:13:31.208" level="INFO">${qty8} = 0.051</msg>
<status status="PASS" starttime="20201230 21:13:31.208" endtime="20201230 21:13:31.208"></status>
</kw>
<kw name="Convert To String" library="BuiltIn">
<doc>Converts the given item to a Unicode string.</doc>
<arguments>
<arg>${data[${single_data}]['qty9']}</arg>
</arguments>
<assign>
<var>${qty9}</var>
</assign>
<msg timestamp="20201230 21:13:31.209" level="INFO">${qty9} = 0.0</msg>
<status status="PASS" starttime="20201230 21:13:31.209" endtime="20201230 21:13:31.209"></status>
</kw>
<kw name="Convert To String" library="BuiltIn">
<doc>Converts the given item to a Unicode string.</doc>
<arguments>
<arg>${data[${single_data}]['qty10']}</arg>
</arguments>
<assign>
<var>${qty10}</var>
</assign>
<msg timestamp="20201230 21:13:31.210" level="INFO">${qty10} = 0.0</msg>
<status status="PASS" starttime="20201230 21:13:31.209" endtime="20201230 21:13:31.210"></status>
</kw>
<kw name="Convert To String" library="BuiltIn">
<doc>Converts the given item to a Unicode string.</doc>
<arguments>
<arg>${data[${single_data}]['qty11']}</arg>
</arguments>
<assign>
<var>${qty11}</var>
</assign>
<msg timestamp="20201230 21:13:31.211" level="INFO">${qty11} = 0.0</msg>
<status status="PASS" starttime="20201230 21:13:31.210" endtime="20201230 21:13:31.211"></status>
</kw>
<kw name="Convert To String" library="BuiltIn">
<doc>Converts the given item to a Unicode string.</doc>
<arguments>
<arg>${data[${single_data}]['qty12']}</arg>
</arguments>
<assign>
<var>${qty12}</var>
</assign>
<msg timestamp="20201230 21:13:31.212" level="INFO">${qty12} = 0.0</msg>
<status status="PASS" starttime="20201230 21:13:31.211" endtime="20201230 21:13:31.212"></status>
</kw>
<kw name="Convert To String" library="BuiltIn">
<doc>Converts the given item to a Unicode string.</doc>
<arguments>
<arg>${data[${single_data}]['qty13']}</arg>
</arguments>
<assign>
<var>${qty13}</var>
</assign>
<msg timestamp="20201230 21:13:31.213" level="INFO">${qty13} = 0.0</msg>
<status status="PASS" starttime="20201230 21:13:31.212" endtime="20201230 21:13:31.213"></status>
</kw>
<kw name="Convert To String" library="BuiltIn">
<doc>Converts the given item to a Unicode string.</doc>
<arguments>
<arg>${data[${single_data}]['qty14']}</arg>
</arguments>
<assign>
<var>${qty14}</var>
</assign>
<msg timestamp="20201230 21:13:31.214" level="INFO">${qty14} = 0.0</msg>
<status status="PASS" starttime="20201230 21:13:31.213" endtime="20201230 21:13:31.214"></status>
</kw>
<kw name="Convert To String" library="BuiltIn">
<doc>Converts the given item to a Unicode string.</doc>
<arguments>
<arg>${data[${single_data}]['qty15']}</arg>
</arguments>
<assign>
<var>${qty15}</var>
</assign>
<msg timestamp="20201230 21:13:31.215" level="INFO">${qty15} = 0.0</msg>
<status status="PASS" starttime="20201230 21:13:31.214" endtime="20201230 21:13:31.215"></status>
</kw>
<kw name="Convert To String" library="BuiltIn">
<doc>Converts the given item to a Unicode string.</doc>
<arguments>
<arg>${data[${single_data}]['qty16']}</arg>
</arguments>
<assign>
<var>${qty16}</var>
</assign>
<msg timestamp="20201230 21:13:31.216" level="INFO">${qty16} = 0.017</msg>
<status status="PASS" starttime="20201230 21:13:31.215" endtime="20201230 21:13:31.216"></status>
</kw>
<kw name="Convert To String" library="BuiltIn">
<doc>Converts the given item to a Unicode string.</doc>
<arguments>
<arg>${data[${single_data}]['qty17']}</arg>
</arguments>
<assign>
<var>${qty17}</var>
</assign>
<msg timestamp="20201230 21:13:31.216" level="INFO">${qty17} = 0.0</msg>
<status status="PASS" starttime="20201230 21:13:31.216" endtime="20201230 21:13:31.217"></status>
</kw>
<kw name="Evaluate" library="BuiltIn">
<doc>Evaluates the given expression in Python and returns the result.</doc>
<arguments>
<arg>${single_data}+1</arg>
</arguments>
<assign>
<var>${round}</var>
</assign>
<msg timestamp="20201230 21:13:31.217" level="INFO">${round} = 5</msg>
<status status="PASS" starttime="20201230 21:13:31.217" endtime="20201230 21:13:31.217"></status>
</kw>
<kw name="Log To Console" library="BuiltIn">
<doc>Logs the given message to the console.</doc>
<arguments>
<arg>round=${round}</arg>
</arguments>
<status status="PASS" starttime="20201230 21:13:31.217" endtime="20201230 21:13:31.218"></status>
</kw>
<kw name="Log To Console" library="BuiltIn">
<doc>Logs the given message to the console.</doc>
<arguments>
<arg>yy=${yy}</arg>
</arguments>
<status status="PASS" starttime="20201230 21:13:31.218" endtime="20201230 21:13:31.219"></status>
</kw>
<kw name="Log To Console" library="BuiltIn">
<doc>Logs the given message to the console.</doc>
<arguments>
<arg>mm=${mm}</arg>
</arguments>
<status status="PASS" starttime="20201230 21:13:31.219" endtime="20201230 21:13:31.219"></status>
</kw>
<kw name="Log To Console" library="BuiltIn">
<doc>Logs the given message to the console.</doc>
<arguments>
<arg>qty1=${qty1}</arg>
</arguments>
<status status="PASS" starttime="20201230 21:13:31.219" endtime="20201230 21:13:31.220"></status>
</kw>
<kw name="Log To Console" library="BuiltIn">
<doc>Logs the given message to the console.</doc>
<arguments>
<arg>qty2=${qty2}</arg>
</arguments>
<status status="PASS" starttime="20201230 21:13:31.220" endtime="20201230 21:13:31.221"></status>
</kw>
<kw name="Log To Console" library="BuiltIn">
<doc>Logs the given message to the console.</doc>
<arguments>
<arg>qty3=${qty3}</arg>
</arguments>
<status status="PASS" starttime="20201230 21:13:31.221" endtime="20201230 21:13:31.221"></status>
</kw>
<kw name="Log To Console" library="BuiltIn">
<doc>Logs the given message to the console.</doc>
<arguments>
<arg>qty4=${qty4}</arg>
</arguments>
<status status="PASS" starttime="20201230 21:13:31.221" endtime="20201230 21:13:31.222"></status>
</kw>
<kw name="Log To Console" library="BuiltIn">
<doc>Logs the given message to the console.</doc>
<arguments>
<arg>qty5=${qty5}</arg>
</arguments>
<status status="PASS" starttime="20201230 21:13:31.222" endtime="20201230 21:13:31.222"></status>
</kw>
<kw name="Log To Console" library="BuiltIn">
<doc>Logs the given message to the console.</doc>
<arguments>
<arg>qty6=${qty6}</arg>
</arguments>
[...]
<arguments>
<arg>qty2=${qty2}</arg>
</arguments>
<status status="PASS" starttime="20201230 21:13:32.188" endtime="20201230 21:13:32.189"></status>
</kw>
<kw name="Log To Console" library="BuiltIn">
<doc>Logs the given message to the console.</doc>
<arguments>
<arg>qty3=${qty3}</arg>
</arguments>
<status status="PASS" starttime="20201230 21:13:32.189" endtime="20201230 21:13:32.189"></status>
</kw>
<kw name="Log To Console" library="BuiltIn">
<doc>Logs the given message to the console.</doc>
<arguments>
<arg>qty4=${qty4}</arg>
</arguments>
<status status="PASS" starttime="20201230 21:13:32.190" endtime="20201230 21:13:32.190"></status>
</kw>
<kw name="Log To Console" library="BuiltIn">
<doc>Logs the given message to the console.</doc>
<arguments>
<arg>qty5=${qty5}</arg>
</arguments>
<status status="PASS" starttime="20201230 21:13:32.190" endtime="20201230 21:13:32.191"></status>
</kw>
<kw name="Log To Console" library="BuiltIn">
<doc>Logs the given message to the console.</doc>
<arguments>
<arg>qty6=${qty6}</arg>
</arguments>
<status status="PASS" starttime="20201230 21:13:32.191" endtime="20201230 21:13:32.191"></status>
</kw>
<kw name="Log To Console" library="BuiltIn">
<doc>Logs the given message to the console.</doc>
<arguments>
<arg>qty7=${qty7}</arg>
</arguments>
<status status="PASS" starttime="20201230 21:13:32.191" endtime="20201230 21:13:32.192"></status>
</kw>
<kw name="Log To Console" library="BuiltIn">
<doc>Logs the given message to the console.</doc>
<arguments>
<arg>qty8=${qty8}</arg>
</arguments>
<status status="PASS" starttime="20201230 21:13:32.192" endtime="20201230 21:13:32.192"></status>
</kw>
<kw name="Log To Console" library="BuiltIn">
<doc>Logs the given message to the console.</doc>
<arguments>
<arg>qty9=${qty9}</arg>
</arguments>
<status status="PASS" starttime="20201230 21:13:32.192" endtime="20201230 21:13:32.193"></status>
</kw>
<kw name="Log To Console" library="BuiltIn">
<doc>Logs the given message to the console.</doc>
<arguments>
<arg>qty10=${qty10}</arg>
</arguments>
<status status="PASS" starttime="20201230 21:13:32.193" endtime="20201230 21:13:32.193"></status>
</kw>
<kw name="Log To Console" library="BuiltIn">
<doc>Logs the given message to the console.</doc>
<arguments>
<arg>qty11=${qty11}</arg>
</arguments>
<status status="PASS" starttime="20201230 21:13:32.194" endtime="20201230 21:13:32.194"></status>
</kw>
<kw name="Log To Console" library="BuiltIn">
<doc>Logs the given message to the console.</doc>
<arguments>
<arg>qty12=${qty12}</arg>
</arguments>
<status status="PASS" starttime="20201230 21:13:32.194" endtime="20201230 21:13:32.195"></status>
</kw>
<kw name="Log To Console" library="BuiltIn">
<doc>Logs the given message to the console.</doc>
<arguments>
<arg>qty13=${qty13}</arg>
</arguments>
<status status="PASS" starttime="20201230 21:13:32.195" endtime="20201230 21:13:32.195"></status>
</kw>
<kw name="Log To Console" library="BuiltIn">
<doc>Logs the given message to the console.</doc>
<arguments>
<arg>qty14=${qty14}</arg>
</arguments>
<status status="PASS" starttime="20201230 21:13:32.195" endtime="20201230 21:13:32.196"></status>
</kw>
<kw name="Log To Console" library="BuiltIn">
<doc>Logs the given message to the console.</doc>
<arguments>
<arg>qty15=${qty15}</arg>
</arguments>
<status status="PASS" starttime="20201230 21:13:32.196" endtime="20201230 21:13:32.196"></status>
</kw>
<kw name="Log To Console" library="BuiltIn">
<doc>Logs the given message to the console.</doc>
<arguments>
<arg>qty16=${qty16}</arg>
</arguments>
<status status="PASS" starttime="20201230 21:13:32.196" endtime="20201230 21:13:32.198"></status>
</kw>
<kw name="Log To Console" library="BuiltIn">
<doc>Logs the given message to the console.</doc>
<arguments>
<arg>qty17=${qty17}</arg>
</arguments>
<status status="PASS" starttime="20201230 21:13:32.199" endtime="20201230 21:13:32.199"></status>
</kw>
<kw name="Log To Console" library="BuiltIn">
<doc>Logs the given message to the console.</doc>
<arguments>
<arg>\n</arg>
</arguments>
<status status="PASS" starttime="20201230 21:13:32.200" endtime="20201230 21:13:32.200"></status>
</kw>
<status status="PASS" starttime="20201230 21:13:32.162" endtime="20201230 21:13:32.200"></status>
</kw>
<kw name="${single_data} = 32" type="foritem">
<kw name="Convert To String" library="BuiltIn">
<doc>Converts the given item to a Unicode string.</doc>
<arguments>
<arg>${data[${single_data}]['yy']}</arg>
</arguments>
<assign>
<var>${yy}</var>
</assign>
<msg timestamp="20201230 21:13:32.202" level="INFO">${yy} = 1975</msg>
<status status="PASS" starttime="20201230 21:13:32.201" endtime="20201230 21:13:32.203"></status>
</kw>
<kw name="Convert To String" library="BuiltIn">
<doc>Converts the given item to a Unicode string.</doc>
<arguments>
<arg>${data[${single_data}]['mm']}</arg>
</arguments>
<assign>
<var>${mm}</var>
</assign>
<msg timestamp="20201230 21:13:32.204" level="INFO">${mm} = 12</msg>
<status status="PASS" starttime="20201230 21:13:32.203" endtime="20201230 21:13:32.204"></status>
</kw>
<kw name="Convert To String" library="BuiltIn">
<doc>Converts the given item to a Unicode string.</doc>
<arguments>
<arg>${data[${single_data}]['qty1']}</arg>
</arguments>
<assign>
<var>${qty1}</var>
</assign>
<msg timestamp="20201230 21:13:32.205" level="INFO">${qty1} = 0.539</msg>
<status status="PASS" starttime="20201230 21:13:32.204" endtime="20201230 21:13:32.205"></status>
</kw>
<kw name="Convert To String" library="BuiltIn">
<doc>Converts the given item to a Unicode string.</doc>
<arguments>
<arg>${data[${single_data}]['qty2']}</arg>
</arguments>
<assign>
<var>${qty2}</var>
</assign>
<msg timestamp="20201230 21:13:32.206" level="INFO">${qty2} = 0.0</msg>
<status status="PASS" starttime="20201230 21:13:32.205" endtime="20201230 21:13:32.206"></status>
</kw>
<kw name="Convert To String" library="BuiltIn">
<doc>Converts the given item to a Unicode string.</doc>
<arguments>
<arg>${data[${single_data}]['qty3']}</arg>
</arguments>
<assign>
<var>${qty3}</var>
</assign>
<msg timestamp="20201230 21:13:32.207" level="INFO">${qty3} = 0.0</msg>
<status status="PASS" starttime="20201230 21:13:32.207" endtime="20201230 21:13:32.207"></status>
</kw>
<kw name="Convert To String" library="BuiltIn">
<doc>Converts the given item to a Unicode string.</doc>
<arguments>
<arg>${data[${single_data}]['qty4']}</arg>
</arguments>
<assign>
<var>${qty4}</var>
</assign>
<msg timestamp="20201230 21:13:32.208" level="INFO">${qty4} = 0.0</msg>
<status status="PASS" starttime="20201230 21:13:32.208" endtime="20201230 21:13:32.208"></status>
</kw>
<kw name="Convert To String" library="BuiltIn">
<doc>Converts the given item to a Unicode string.</doc>
<arguments>
<arg>${data[${single_data}]['qty5']}</arg>
</arguments>
<assign>
<var>${qty5}</var>
</assign>
<msg timestamp="20201230 21:13:32.209" level="INFO">${qty5} = 0.0</msg>
<status status="PASS" starttime="20201230 21:13:32.209" endtime="20201230 21:13:32.209"></status>
</kw>
<kw name="Convert To String" library="BuiltIn">
<doc>Converts the given item to a Unicode string.</doc>
<arguments>
<arg>${data[${single_data}]['qty6']}</arg>
</arguments>
<assign>
<var>${qty6}</var>
</assign>
<msg timestamp="20201230 21:13:32.210" level="INFO">${qty6} = 0.539</msg>
<status status="PASS" starttime="20201230 21:13:32.210" endtime="20201230 21:13:32.211"></status>
</kw>
<kw name="Convert To String" library="BuiltIn">
<doc>Converts the given item to a Unicode string.</doc>
<arguments>
<arg>${data[${single_data}]['qty7']}</arg>
</arguments>
<assign>
<var>${qty7}</var>
</assign>
<msg timestamp="20201230 21:13:32.211" level="INFO">${qty7} = 106.704</msg>
<status status="PASS" starttime="20201230 21:13:32.211" endtime="20201230 21:13:32.212"></status>
</kw>
<kw name="Convert To String" library="BuiltIn">
<doc>Converts the given item to a Unicode string.</doc>
<arguments>
<arg>${data[${single_data}]['qty8']}</arg>
</arguments>
<assign>
<var>${qty8}</var>
</assign>
<msg timestamp="20201230 21:13:32.212" level="INFO">${qty8} = 105.03</msg>
<status status="PASS" starttime="20201230 21:13:32.212" endtime="20201230 21:13:32.213"></status>
</kw>
<kw name="Convert To String" library="BuiltIn">
<doc>Converts the given item to a Unicode string.</doc>
<arguments>
<arg>${data[${single_data}]['qty9']}</arg>
</arguments>
<assign>
<var>${qty9}</var>
</assign>
<msg timestamp="20201230 21:13:32.214" level="INFO">${qty9} = 0.0</msg>
<status status="PASS" starttime="20201230 21:13:32.213" endtime="20201230 21:13:32.214"></status>
</kw>
<kw name="Convert To String" library="BuiltIn">
<doc>Converts the given item to a Unicode string.</doc>
<arguments>
<arg>${data[${single_data}]['qty10']}</arg>
</arguments>
<assign>
<var>${qty10}</var>
</assign>
<msg timestamp="20201230 21:13:32.215" level="INFO">${qty10} = 0.0</msg>
<status status="PASS" starttime="20201230 21:13:32.214" endtime="20201230 21:13:32.215"></status>
</kw>
<kw name="Convert To String" library="BuiltIn">
<doc>Converts the given item to a Unicode string.</doc>
<arguments>
<arg>${data[${single_data}]['qty11']}</arg>
</arguments>
<assign>
<var>${qty11}</var>
</assign>
<msg timestamp="20201230 21:13:32.216" level="INFO">${qty11} = 0.0</msg>
<status status="PASS" starttime="20201230 21:13:32.215" endtime="20201230 21:13:32.216"></status>
</kw>
<kw name="Convert To String" library="BuiltIn">
<doc>Converts the given item to a Unicode string.</doc>
<arguments>
<arg>${data[${single_data}]['qty12']}</arg>
</arguments>
<assign>
<var>${qty12}</var>
</assign>
<msg timestamp="20201230 21:13:32.217" level="INFO">${qty12} = 0.0</msg>
<status status="PASS" starttime="20201230 21:13:32.216" endtime="20201230 21:13:32.217"></status>
</kw>
<kw name="Convert To String" library="BuiltIn">
<doc>Converts the given item to a Unicode string.</doc>
<arguments>
<arg>${data[${single_data}]['qty13']}</arg>
</arguments>
<assign>
<var>${qty13}</var>
</assign>
<msg timestamp="20201230 21:13:32.217" level="INFO">${qty13} = 0.0</msg>
<status status="PASS" starttime="20201230 21:13:32.217" endtime="20201230 21:13:32.218"></status>
</kw>
<kw name="Convert To String" library="BuiltIn">
<doc>Converts the given item to a Unicode string.</doc>
<arguments>
<arg>${data[${single_data}]['qty14']}</arg>
</arguments>
<assign>
<var>${qty14}</var>
</assign>
<msg timestamp="20201230 21:13:32.218" level="INFO">${qty14} = 0.0</msg>
<status status="PASS" starttime="20201230 21:13:32.218" endtime="20201230 21:13:32.218"></status>
</kw>
<kw name="Convert To String" library="BuiltIn">
<doc>Converts the given item to a Unicode string.</doc>
<arguments>
<arg>${data[${single_data}]['qty15']}</arg>
</arguments>
<assign>
<var>${qty15}</var>
</assign>
<msg timestamp="20201230 21:13:32.219" level="INFO">${qty15} = 0.0</msg>
<status status="PASS" starttime="20201230 21:13:32.218" endtime="20201230 21:13:32.219"></status>
</kw>
<kw name="Convert To String" library="BuiltIn">
<doc>Converts the given item to a Unicode string.</doc>
<arguments>
<arg>${data[${single_data}]['qty16']}</arg>
</arguments>
<assign>
<var>${qty16}</var>
</assign>
<msg timestamp="20201230 21:13:32.220" level="INFO">${qty16} = 1.674</msg>
<status status="PASS" starttime="20201230 21:13:32.219" endtime="20201230 21:13:32.220"></status>
</kw>
<kw name="Convert To String" library="BuiltIn">
<doc>Converts the given item to a Unicode string.</doc>
<arguments>
<arg>${data[${single_data}]['qty17']}</arg>
</arguments>
<assign>
<var>${qty17}</var>
</assign>
<msg timestamp="20201230 21:13:32.220" level="INFO">${qty17} = -106.165</msg>
<status status="PASS" starttime="20201230 21:13:32.220" endtime="20201230 21:13:32.220"></status>
</kw>
<kw name="Evaluate" library="BuiltIn">
<doc>Evaluates the given expression in Python and returns the result.</doc>
<arguments>
<arg>${single_data}+1</arg>
</arguments>
<assign>
<var>${round}</var>
</assign>
<msg timestamp="20201230 21:13:32.221" level="INFO">${round} = 33</msg>
<status status="PASS" starttime="20201230 21:13:32.221" endtime="20201230 21:13:32.221"></status>
</kw>
<kw name="Log To Console" library="BuiltIn">
<doc>Logs the given message to the console.</doc>
<arguments>
<arg>round=${round}</arg>
</arguments>
<status status="PASS" starttime="20201230 21:13:32.221" endtime="20201230 21:13:32.222"></status>
</kw>
<kw name="Log To Console" library="BuiltIn">
<doc>Logs the given message to the console.</doc>
<arguments>
<arg>yy=${yy}</arg>
</arguments>
<status status="PASS" starttime="20201230 21:13:32.222" endtime="20201230 21:13:32.222"></status>
</kw>
<kw name="Log To Console" library="BuiltIn">
<doc>Logs the given message to the console.</doc>
<arguments>
<arg>mm=${mm}</arg>
</arguments>
<status status="PASS" starttime="20201230 21:13:32.223" endtime="20201230 21:13:32.223"></status>
</kw>
<kw name="Log To Console" library="BuiltIn">
<doc>Logs the given message to the console.</doc>
<arguments>
<arg>qty1=${qty1}</arg>
</arguments>
<status status="PASS" starttime="20201230 21:13:32.223" endtime="20201230 21:13:32.224"></status>
</kw>
<kw name="Log To Console" library="BuiltIn">
<doc>Logs the given message to the console.</doc>
<arguments>
<arg>qty2=${qty2}</arg>
</arguments>
<status status="PASS" starttime="20201230 21:13:32.224" endtime="20201230 21:13:32.224"></status>
</kw>
<kw name="Log To Console" library="BuiltIn">
<doc>Logs the given message to the console.</doc>
<arguments>
<arg>qty3=${qty3}</arg>
</arguments>
<status status="PASS" starttime="20201230 21:13:32.224" endtime="20201230 21:13:32.225"></status>
</kw>
<kw name="Log To Console" library="BuiltIn">
<doc>Logs the given message to the console.</doc>
<arguments>
<arg>qty4=${qty4}</arg>
</arguments>
<status status="PASS" starttime="20201230 21:13:32.225" endtime="20201230 21:13:32.225"></status>
</kw>
<kw name="Log To Console" library="BuiltIn">
<doc>Logs the given message to the console.</doc>
<arguments>
<arg>qty5=${qty5}</arg>
</arguments>
<status status="PASS" starttime="20201230 21:13:32.225" endtime="20201230 21:13:32.226"></status>
</kw>
<kw name="Log To Console" library="BuiltIn">
<doc>Logs the given message to the console.</doc>
<arguments>
<arg>qty6=${qty6}</arg>
</arguments>
<status status="PASS" starttime="20201230 21:13:32.226" endtime="20201230 21:13:32.226"></status>
</kw>
<kw name="Log To Console" library="BuiltIn">
<doc>Logs the given message to the console.</doc>
<arguments>
<arg>qty7=${qty7}</arg>
</arguments>
<status status="PASS" starttime="20201230 21:13:32.227" endtime="20201230 21:13:32.227"></status>
</kw>
<kw name="Log To Console" library="BuiltIn">
<doc>Logs the given message to the console.</doc>
<arguments>
<arg>qty8=${qty8}</arg>
</arguments>
<status status="PASS" starttime="20201230 21:13:32.227" endtime="20201230 21:13:32.228"></status>
</kw>
<kw name="Log To Console" library="BuiltIn">
<doc>Logs the given message to the console.</doc>
<arguments>
<arg>qty9=${qty9}</arg>
</arguments>
<status status="PASS" starttime="20201230 21:13:32.228" endtime="20201230 21:13:32.228"></status>
</kw>
<kw name="Log To Console" library="BuiltIn">
<doc>Logs the given message to the console.</doc>
<arguments>
<arg>qty10=${qty10}</arg>
</arguments>
<status status="PASS" starttime="20201230 21:13:32.228" endtime="20201230 21:13:32.229"></status>
</kw>
<kw name="Log To Console" library="BuiltIn">
<doc>Logs the given message to the console.</doc>
<arguments>
<arg>qty11=${qty11}</arg>
</arguments>
<status status="PASS" starttime="20201230 21:13:32.230" endtime="20201230 21:13:32.230"></status>
</kw>
<kw name="Log To Console" library="BuiltIn">
<doc>Logs the given message to the console.</doc>
<arguments>
<arg>qty12=${qty12}</arg>
</arguments>
<status status="PASS" starttime="20201230 21:13:32.231" endtime="20201230 21:13:32.232"></status>
</kw>
<kw name="Log To Console" library="BuiltIn">
<doc>Logs the given message to the console.</doc>
<arguments>
<arg>qty13=${qty13}</arg>
</arguments>
<status status="PASS" starttime="20201230 21:13:32.233" endtime="20201230 21:13:32.233"></status>
</kw>
<kw name="Log To Console" library="BuiltIn">
<doc>Logs the given message to the console.</doc>
<arguments>
<arg>qty14=${qty14}</arg>
</arguments>
<status status="PASS" starttime="20201230 21:13:32.234" endtime="20201230 21:13:32.235"></status>
</kw>
<kw name="Log To Console" library="BuiltIn">
<doc>Logs the given message to the console.</doc>
<arguments>
<arg>qty15=${qty15}</arg>
</arguments>
<status status="PASS" starttime="20201230 21:13:32.235" endtime="20201230 21:13:32.236"></status>
</kw>
<kw name="Log To Console" library="BuiltIn">
<doc>Logs the given message to the console.</doc>
<arguments>
<arg>qty16=${qty16}</arg>
</arguments>
<status status="PASS" starttime="20201230 21:13:32.236" endtime="20201230 21:13:32.236"></status>
</kw>
<kw name="Log To Console" library="BuiltIn">
<doc>Logs the given message to the console.</doc>
<arguments>
<arg>qty17=${qty17}</arg>
</arguments>
<status status="PASS" starttime="20201230 21:13:32.236" endtime="20201230 21:13:32.237"></status>
</kw>
<kw name="Log To Console" library="BuiltIn">
<doc>Logs the given message to the console.</doc>
<arguments>
<arg>\n</arg>
</arguments>
<status status="PASS" starttime="20201230 21:13:32.237" endtime="20201230 21:13:32.237"></status>
</kw>
<status status="PASS" starttime="20201230 21:13:32.201" endtime="20201230 21:13:32.237"></status>
</kw>
<kw name="${single_data} = 33" type="foritem">
<kw name="Convert To String" library="BuiltIn">
<doc>Converts the given item to a Unicode string.</doc>
<arguments>
<arg>${data[${single_data}]['yy']}</arg>
</arguments>
<assign>
<var>${yy}</var>
</assign>
<msg timestamp="20201230 21:13:32.238" level="INFO">${yy} = 1975</msg>
<status status="PASS" starttime="20201230 21:13:32.238" endtime="20201230 21:13:32.238"></status>
</kw>
<kw name="Convert To String" library="BuiltIn">
<doc>Converts the given item to a Unicode string.</doc>
<arguments>
<arg>${data[${single_data}]['mm']}</arg>
</arguments>
<assign>
<var>${mm}</var>
</assign>
<msg timestamp="20201230 21:13:32.239" level="INFO">${mm} = 13</msg>
<status status="PASS" starttime="20201230 21:13:32.239" endtime="20201230 21:13:32.239"></status>
</kw>
<kw name="Convert To String" library="BuiltIn">
<doc>Converts the given item to a Unicode string.</doc>
<arguments>
<arg>${data[${single_data}]['qty1']}</arg>
</arguments>
<assign>
<var>${qty1}</var>
</assign>
<msg timestamp="20201230 21:13:32.240" level="INFO">${qty1} = 106.164</msg>
<status status="PASS" starttime="20201230 21:13:32.239" endtime="20201230 21:13:32.240"></status>
</kw>
<kw name="Convert To String" library="BuiltIn">
<doc>Converts the given item to a Unicode string.</doc>
<arguments>
<arg>${data[${single_data}]['qty2']}</arg>
</arguments>
<assign>
<var>${qty2}</var>
</assign>
<msg timestamp="20201230 21:13:32.241" level="INFO">${qty2} = 106.164</msg>
<status status="PASS" starttime="20201230 21:13:32.240" endtime="20201230 21:13:32.241"></status>
</kw>
<kw name="Convert To String" library="BuiltIn">
<doc>Converts the given item to a Unicode string.</doc>
<arguments>
<arg>${data[${single_data}]['qty3']}</arg>
</arguments>
<assign>
<var>${qty3}</var>
</assign>
<status status="FAIL" starttime="20201230 21:13:32.242" endtime="20201230 21:13:32.242"></status>
</kw>
<status status="FAIL" starttime="20201230 21:13:32.238" endtime="20201230 21:13:32.242"></status>
</kw>
<status status="FAIL" starttime="20201230 21:13:31.053" endtime="20201230 21:13:32.242"></status>
</kw>
<status status="FAIL" starttime="20201230 21:13:27.204" endtime="20201230 21:13:32.243" critical="yes">Execution terminated by signal</status>
</test>
<status status="FAIL" starttime="20201230 21:13:26.556" endtime="20201230 21:13:32.244"></status>
</suite>
<statistics>
<total>
<stat pass="0" fail="1">Critical Tests</stat>
<stat pass="0" fail="1">All Tests</stat>
</total>
<tag>
</tag>
<suite>
<stat pass="0" fail="1" id="s1" name="Robotframe Api Request">Robotframe Api Request</stat>
</suite>
</statistics>
<errors>
</errors>
</robot>
